#-----------------------------------------------------------
# Vivado v2020.2 (64-bit)
# SW Build 3064766 on Wed Nov 18 09:12:45 MST 2020
# IP Build 3064653 on Wed Nov 18 14:17:31 MST 2020
# Start of session at: Thu Mar 23 13:32:29 2023
# Process ID: 15624
# Current directory: C:/Travail/s4InfoAtelier4
# Command line: vivado.exe -gui_launcher_event rodinguilauncherevent3520 C:\Travail\s4InfoAtelier4\s4InfoAtelier4.xpr
# Log file: C:/Travail/s4InfoAtelier4/vivado.log
# Journal file: C:/Travail/s4InfoAtelier4\vivado.jou
#-----------------------------------------------------------
start_gui
open_project C:/Travail/s4InfoAtelier4/s4InfoAtelier4.xpr
Scanning sources...
Finished scanning sources
INFO: [IP_Flow 19-234] Refreshing IP repositories
INFO: [IP_Flow 19-1700] Loaded user IP repository 'c:/Travail/s4InfoAtelier4/s4InfoAtelier4.ipdefs/mycolorRegister_1.0'.
INFO: [IP_Flow 19-1700] Loaded user IP repository 'c:/Travail/s4InfoAtelier4/s4InfoAtelier4.ipdefs/pixelDataToVideoStream_1.0'.
INFO: [IP_Flow 19-1700] Loaded user IP repository 'c:/Travail/s4InfoAtelier4/s4InfoAtelier4.ipdefs/rgb2dvi'.
INFO: [IP_Flow 19-1700] Loaded user IP repository 'c:/Travail/s4InfoAtelier4/s4InfoAtelier4.ipdefs/tmds_v1_0'.
INFO: [IP_Flow 19-2313] Loaded Vivado IP repository 'D:/Xilinx/Vivado/2020.2/data/ip'.
open_project: Time (s): cpu = 00:00:12 ; elapsed = 00:00:22 . Memory (MB): peak = 1095.320 ; gain = 0.000
update_compile_order -fileset sources_1
exit
INFO: [Common 17-206] Exiting Vivado at Thu Mar 23 14:37:53 2023...
