14:41:16 INFO  : Registering command handlers for Vitis TCF services
14:41:16 INFO  : Launching XSCT server: xsct.bat -n  -interactive C:\S3\project_1\temp_xsdb_launch_script.tcl
14:41:19 INFO  : Platform repository initialization has completed.
14:41:19 INFO  : XSCT server has started successfully.
14:41:20 INFO  : Successfully done setting XSCT server connection channel  
14:41:20 INFO  : plnx-install-location is set to ''
14:41:20 INFO  : Successfully done query RDI_DATADIR 
14:41:20 INFO  : Successfully done setting workspace for the tool. 
14:42:37 INFO  : Result from executing command 'getProjects': nomPertinent_wrapper
14:42:37 INFO  : Result from executing command 'getPlatforms': 
14:42:37 WARN  : An unexpected exception occurred in the module 'platform project logging'
14:42:38 INFO  : Platform 'nomPertinent_wrapper' is added to custom repositories.
14:42:45 INFO  : Platform 'nomPertinent_wrapper' is added to custom repositories.
14:46:31 INFO  : Hardware specification for platform project 'nomPertinent_wrapper' is updated.
14:46:47 INFO  : Hardware specification for platform project 'nomPertinent_wrapper' is updated.
14:49:50 INFO  : Checking for BSP changes to sync application flags for project 'ProjectMarcheChrist'...
14:49:50 ERROR : Failed to openhw "C:/S3/project_1/nomPertinent_wrapper/export/nomPertinent_wrapper/hw/nomPertinent_wrapper.xsa"
Reason: ERROR: [Common 17-39] 'hsi::open_hw_design' failed due to earlier errors.

14:49:50 ERROR : Failed to update application flags from BSP for 'ProjectMarcheChrist'. Reason: null
java.lang.NullPointerException
	at com.xilinx.sdx.sw.internal.SDxSwPlatform.<init>(SDxSwPlatform.java:305)
	at com.xilinx.sdx.sw.internal.SDxSwPlatform.create(SDxSwPlatform.java:214)
	at com.xilinx.sdx.sdk.core.util.SdkPlatformHelper.getSwPlatform(SdkPlatformHelper.java:61)
	at com.xilinx.sdx.sdk.core.build.SdkMakefileGenerationListener.getSwPlatform(SdkMakefileGenerationListener.java:160)
	at com.xilinx.sdx.sdk.core.build.SdkMakefileGenerationListener.syncAppFlags(SdkMakefileGenerationListener.java:78)
	at com.xilinx.sdx.sdk.core.build.SdkMakefileGenerationListener.preMakefileGeneration(SdkMakefileGenerationListener.java:48)
	at com.xilinx.sdk.managedbuilder.XilinxGnuMakefileGenerator.notifyPreMakefileGenerationListeners(XilinxGnuMakefileGenerator.java:91)
	at com.xilinx.sdk.managedbuilder.XilinxGnuMakefileGenerator.regenerateMakefiles(XilinxGnuMakefileGenerator.java:75)
	at org.eclipse.cdt.managedbuilder.internal.core.CommonBuilder.performMakefileGeneration(CommonBuilder.java:1006)
	at org.eclipse.cdt.managedbuilder.internal.core.CommonBuilder.performPrebuildGeneration(CommonBuilder.java:873)
	at org.eclipse.cdt.managedbuilder.internal.core.CommonBuilder.build(CommonBuilder.java:748)
	at org.eclipse.cdt.managedbuilder.internal.core.CommonBuilder.build(CommonBuilder.java:513)
	at org.eclipse.cdt.managedbuilder.internal.core.CommonBuilder.build(CommonBuilder.java:459)
	at org.eclipse.core.internal.events.BuildManager$2.run(BuildManager.java:832)
	at org.eclipse.core.runtime.SafeRunner.run(SafeRunner.java:45)
	at org.eclipse.core.internal.events.BuildManager.basicBuild(BuildManager.java:220)
	at org.eclipse.core.internal.events.BuildManager.basicBuild(BuildManager.java:263)
	at org.eclipse.core.internal.events.BuildManager$1.run(BuildManager.java:316)
	at org.eclipse.core.runtime.SafeRunner.run(SafeRunner.java:45)
	at org.eclipse.core.internal.events.BuildManager.basicBuild(BuildManager.java:319)
	at org.eclipse.core.internal.events.BuildManager.basicBuildLoop(BuildManager.java:371)
	at org.eclipse.core.internal.events.BuildManager.build(BuildManager.java:392)
	at org.eclipse.core.internal.resources.Workspace.buildInternal(Workspace.java:515)
	at org.eclipse.core.internal.resources.Workspace.build(Workspace.java:412)
	at org.eclipse.ui.actions.BuildAction$1.runInWorkspace(BuildAction.java:291)
	at org.eclipse.core.internal.resources.InternalWorkspaceJob.run(InternalWorkspaceJob.java:42)
	at org.eclipse.core.internal.jobs.Worker.run(Worker.java:63)
14:49:51 ERROR : Failed to compute checksum of hardware specification file used by project 'ProjectMarcheChrist'
14:49:51 ERROR : Failed to openhw "C:/S3/project_1/nomPertinent_wrapper/export/nomPertinent_wrapper/hw/nomPertinent_wrapper.xsa"
Reason: ERROR: [Common 17-39] 'hsi::open_hw_design' failed due to earlier errors.

14:49:51 ERROR : Failed to openhw "C:/S3/project_1/nomPertinent_wrapper/export/nomPertinent_wrapper/hw/nomPertinent_wrapper.xsa"
Reason: ERROR: [Common 17-39] 'hsi::open_hw_design' failed due to earlier errors.

14:49:51 ERROR : Failed to openhw "C:/S3/project_1/nomPertinent_wrapper/export/nomPertinent_wrapper/hw/nomPertinent_wrapper.xsa"
Reason: ERROR: [Common 17-39] 'hsi::open_hw_design' failed due to earlier errors.

14:50:11 ERROR : Failed to compute checksum of hardware specification file used by project 'ProjectMarcheChrist'
14:56:06 INFO  : Checking for BSP changes to sync application flags for project 'ProjectMarcheChrist'...
14:56:06 ERROR : Failed to openhw "C:/S3/project_1/nomPertinent_wrapper/export/nomPertinent_wrapper/hw/nomPertinent_wrapper.xsa"
Reason: ERROR: [Common 17-39] 'hsi::open_hw_design' failed due to earlier errors.

14:56:06 ERROR : Failed to update application flags from BSP for 'ProjectMarcheChrist'. Reason: null
java.lang.NullPointerException
	at com.xilinx.sdx.sw.internal.SDxSwPlatform.<init>(SDxSwPlatform.java:305)
	at com.xilinx.sdx.sw.internal.SDxSwPlatform.create(SDxSwPlatform.java:214)
	at com.xilinx.sdx.sdk.core.util.SdkPlatformHelper.getSwPlatform(SdkPlatformHelper.java:61)
	at com.xilinx.sdx.sdk.core.build.SdkMakefileGenerationListener.getSwPlatform(SdkMakefileGenerationListener.java:160)
	at com.xilinx.sdx.sdk.core.build.SdkMakefileGenerationListener.syncAppFlags(SdkMakefileGenerationListener.java:78)
	at com.xilinx.sdx.sdk.core.build.SdkMakefileGenerationListener.preMakefileGeneration(SdkMakefileGenerationListener.java:48)
	at com.xilinx.sdk.managedbuilder.XilinxGnuMakefileGenerator.notifyPreMakefileGenerationListeners(XilinxGnuMakefileGenerator.java:91)
	at com.xilinx.sdk.managedbuilder.XilinxGnuMakefileGenerator.generateMakefiles(XilinxGnuMakefileGenerator.java:40)
	at org.eclipse.cdt.managedbuilder.internal.core.CommonBuilder.performMakefileGeneration(CommonBuilder.java:1008)
	at org.eclipse.cdt.managedbuilder.internal.core.CommonBuilder.performPrebuildGeneration(CommonBuilder.java:873)
	at org.eclipse.cdt.managedbuilder.internal.core.CommonBuilder.build(CommonBuilder.java:748)
	at org.eclipse.cdt.managedbuilder.internal.core.CommonBuilder.build(CommonBuilder.java:510)
	at org.eclipse.cdt.managedbuilder.internal.core.CommonBuilder.build(CommonBuilder.java:459)
	at org.eclipse.core.internal.events.BuildManager$2.run(BuildManager.java:832)
	at org.eclipse.core.runtime.SafeRunner.run(SafeRunner.java:45)
	at org.eclipse.core.internal.events.BuildManager.basicBuild(BuildManager.java:220)
	at org.eclipse.core.internal.events.BuildManager.basicBuild(BuildManager.java:263)
	at org.eclipse.core.internal.events.BuildManager$1.run(BuildManager.java:316)
	at org.eclipse.core.runtime.SafeRunner.run(SafeRunner.java:45)
	at org.eclipse.core.internal.events.BuildManager.basicBuild(BuildManager.java:319)
	at org.eclipse.core.internal.events.BuildManager.basicBuildLoop(BuildManager.java:371)
	at org.eclipse.core.internal.events.BuildManager.build(BuildManager.java:392)
	at org.eclipse.core.internal.resources.Workspace.buildInternal(Workspace.java:515)
	at org.eclipse.core.internal.resources.Workspace.build(Workspace.java:412)
	at org.eclipse.ui.actions.BuildAction$1.runInWorkspace(BuildAction.java:291)
	at org.eclipse.core.internal.resources.InternalWorkspaceJob.run(InternalWorkspaceJob.java:42)
	at org.eclipse.core.internal.jobs.Worker.run(Worker.java:63)
15:10:24 INFO  : Result from executing command 'getProjects': nomPertinent_wrapper
15:10:24 INFO  : Result from executing command 'getPlatforms': nomPertinent_wrapper|C:/S3/project_1/nomPertinent_wrapper/export/nomPertinent_wrapper/nomPertinent_wrapper.xpfm
15:10:33 INFO  : Checking for BSP changes to sync application flags for project 'ProjectMarcheChrist'...
15:15:50 INFO  : Launching XSCT server: xsct.bat -n  -interactive C:\S3\project_1\temp_xsdb_launch_script.tcl
15:15:52 INFO  : XSCT server has started successfully.
15:15:52 INFO  : Successfully done setting XSCT server connection channel  
15:15:52 INFO  : plnx-install-location is set to ''
15:15:52 INFO  : Successfully done setting workspace for the tool. 
15:15:56 INFO  : Platform repository initialization has completed.
15:15:56 INFO  : Registering command handlers for Vitis TCF services
15:15:56 INFO  : Successfully done query RDI_DATADIR 
15:16:32 INFO  : Checking for BSP changes to sync application flags for project 'ProjectMarcheChrist'...
15:16:49 INFO  : Checking for BSP changes to sync application flags for project 'ProjectMarcheChrist'...
15:16:54 ERROR : (XSDB Server)ERROR: [Hsi 55-1571] The design file C:/S3/project_1/nomPertinent_wrapper/export/nomPertinent_wrapper/hw/nomPertinent_wrapper.xsa is already opened

15:24:52 INFO  : Checking for BSP changes to sync application flags for project 'ProjectMarcheChrist'...
15:24:54 ERROR : (XSDB Server)ERROR: [Hsi 55-1571] The design file C:/S3/project_1/nomPertinent_wrapper/export/nomPertinent_wrapper/hw/nomPertinent_wrapper.xsa is already opened

15:26:12 INFO  : Connected to target on host '127.0.0.1' and port '3121'.
15:26:12 INFO  : 'targets -set -filter {jtag_cable_name =~ "Digilent Zybo Z7 210351A77E3EA" && level==0 && jtag_device_ctx=="jsn-Zybo Z7-210351A77E3EA-13722093-0"}' command is executed.
15:26:13 INFO  : Device configured successfully with "C:/S3/project_1/ProjectMarcheChrist/_ide/bitstream/nomPertinent_wrapper.bit"
15:26:26 INFO  : Checking for BSP changes to sync application flags for project 'ProjectMarcheChrist'...
15:26:37 INFO  : Connected to target on host '127.0.0.1' and port '3121'.
15:26:37 INFO  : Jtag cable 'Digilent Zybo Z7 210351A77E3EA' is selected.
15:26:37 INFO  : 'jtag frequency' command is executed.
15:26:37 INFO  : Context for 'APU' is selected.
15:26:37 INFO  : System reset is completed.
15:26:40 INFO  : 'after 3000' command is executed.
15:26:40 INFO  : 'targets -set -filter {jtag_cable_name =~ "Digilent Zybo Z7 210351A77E3EA" && level==0 && jtag_device_ctx=="jsn-Zybo Z7-210351A77E3EA-13722093-0"}' command is executed.
15:26:42 INFO  : Device configured successfully with "C:/S3/project_1/ProjectMarcheChrist/_ide/bitstream/nomPertinent_wrapper.bit"
15:26:42 INFO  : Context for 'APU' is selected.
15:26:42 INFO  : Hardware design and registers information is loaded from 'C:/S3/project_1/nomPertinent_wrapper/export/nomPertinent_wrapper/hw/nomPertinent_wrapper.xsa'.
15:26:42 INFO  : 'configparams force-mem-access 1' command is executed.
15:26:42 INFO  : Context for 'APU' is selected.
15:26:42 INFO  : Sourcing of 'C:/S3/project_1/ProjectMarcheChrist/_ide/psinit/ps7_init.tcl' is done.
15:26:42 INFO  : 'ps7_init' command is executed.
15:26:42 INFO  : 'ps7_post_config' command is executed.
15:26:42 INFO  : Context for processor 'ps7_cortexa9_0' is selected.
15:26:42 INFO  : The application 'C:/S3/project_1/ProjectMarcheChrist/Debug/ProjectMarcheChrist.elf' is downloaded to processor 'ps7_cortexa9_0'.
15:26:42 INFO  : 'configparams force-mem-access 0' command is executed.
15:26:42 INFO  : ----------------XSDB Script----------------
connect -url tcp:127.0.0.1:3121
targets -set -nocase -filter {name =~"APU*"}
rst -system
after 3000
targets -set -filter {jtag_cable_name =~ "Digilent Zybo Z7 210351A77E3EA" && level==0 && jtag_device_ctx=="jsn-Zybo Z7-210351A77E3EA-13722093-0"}
fpga -file C:/S3/project_1/ProjectMarcheChrist/_ide/bitstream/nomPertinent_wrapper.bit
targets -set -nocase -filter {name =~"APU*"}
loadhw -hw C:/S3/project_1/nomPertinent_wrapper/export/nomPertinent_wrapper/hw/nomPertinent_wrapper.xsa -mem-ranges [list {0x40000000 0xbfffffff}] -regs
configparams force-mem-access 1
targets -set -nocase -filter {name =~"APU*"}
source C:/S3/project_1/ProjectMarcheChrist/_ide/psinit/ps7_init.tcl
ps7_init
ps7_post_config
targets -set -nocase -filter {name =~ "*A9*#0"}
dow C:/S3/project_1/ProjectMarcheChrist/Debug/ProjectMarcheChrist.elf
configparams force-mem-access 0
----------------End of Script----------------

15:26:43 INFO  : Context for processor 'ps7_cortexa9_0' is selected.
15:26:43 INFO  : 'con' command is executed.
15:26:43 INFO  : ----------------XSDB Script (After Launch)----------------
targets -set -nocase -filter {name =~ "*A9*#0"}
con
----------------End of Script----------------

15:26:43 INFO  : Launch script is exported to file 'C:\S3\project_1\ProjectMarcheChrist_system\_ide\scripts\debugger_projectmarchechrist-default.tcl'
15:26:53 INFO  : Disconnected from the channel tcfchan#3.
15:26:54 INFO  : Connected to target on host '127.0.0.1' and port '3121'.
15:26:55 INFO  : Jtag cable 'Digilent Zybo Z7 210351A77E3EA' is selected.
15:26:55 INFO  : 'jtag frequency' command is executed.
15:26:55 INFO  : Context for 'APU' is selected.
15:26:55 INFO  : System reset is completed.
15:26:58 INFO  : 'after 3000' command is executed.
15:26:58 INFO  : 'targets -set -filter {jtag_cable_name =~ "Digilent Zybo Z7 210351A77E3EA" && level==0 && jtag_device_ctx=="jsn-Zybo Z7-210351A77E3EA-13722093-0"}' command is executed.
15:26:59 INFO  : Device configured successfully with "C:/S3/project_1/ProjectMarcheChrist/_ide/bitstream/nomPertinent_wrapper.bit"
15:26:59 INFO  : Context for 'APU' is selected.
15:27:01 INFO  : Hardware design and registers information is loaded from 'C:/S3/project_1/nomPertinent_wrapper/export/nomPertinent_wrapper/hw/nomPertinent_wrapper.xsa'.
15:27:01 INFO  : 'configparams force-mem-access 1' command is executed.
15:27:01 INFO  : Context for 'APU' is selected.
15:27:01 INFO  : Sourcing of 'C:/S3/project_1/ProjectMarcheChrist/_ide/psinit/ps7_init.tcl' is done.
15:27:01 INFO  : 'ps7_init' command is executed.
15:27:01 INFO  : 'ps7_post_config' command is executed.
15:27:01 INFO  : Context for processor 'ps7_cortexa9_0' is selected.
15:27:02 INFO  : The application 'C:/S3/project_1/ProjectMarcheChrist/Debug/ProjectMarcheChrist.elf' is downloaded to processor 'ps7_cortexa9_0'.
15:27:02 INFO  : 'configparams force-mem-access 0' command is executed.
15:27:02 INFO  : ----------------XSDB Script----------------
connect -url tcp:127.0.0.1:3121
targets -set -nocase -filter {name =~"APU*"}
rst -system
after 3000
targets -set -filter {jtag_cable_name =~ "Digilent Zybo Z7 210351A77E3EA" && level==0 && jtag_device_ctx=="jsn-Zybo Z7-210351A77E3EA-13722093-0"}
fpga -file C:/S3/project_1/ProjectMarcheChrist/_ide/bitstream/nomPertinent_wrapper.bit
targets -set -nocase -filter {name =~"APU*"}
loadhw -hw C:/S3/project_1/nomPertinent_wrapper/export/nomPertinent_wrapper/hw/nomPertinent_wrapper.xsa -mem-ranges [list {0x40000000 0xbfffffff}] -regs
configparams force-mem-access 1
targets -set -nocase -filter {name =~"APU*"}
source C:/S3/project_1/ProjectMarcheChrist/_ide/psinit/ps7_init.tcl
ps7_init
ps7_post_config
targets -set -nocase -filter {name =~ "*A9*#0"}
dow C:/S3/project_1/ProjectMarcheChrist/Debug/ProjectMarcheChrist.elf
configparams force-mem-access 0
----------------End of Script----------------

15:27:02 INFO  : Context for processor 'ps7_cortexa9_0' is selected.
15:27:02 INFO  : 'con' command is executed.
15:27:02 INFO  : ----------------XSDB Script (After Launch)----------------
targets -set -nocase -filter {name =~ "*A9*#0"}
con
----------------End of Script----------------

15:27:02 INFO  : Launch script is exported to file 'C:\S3\project_1\ProjectMarcheChrist_system\_ide\scripts\debugger_projectmarchechrist-default.tcl'
15:27:32 INFO  : Disconnected from the channel tcfchan#4.
15:27:33 INFO  : Connected to target on host '127.0.0.1' and port '3121'.
15:27:33 INFO  : Jtag cable 'Digilent Zybo Z7 210351A77E3EA' is selected.
15:27:33 INFO  : 'jtag frequency' command is executed.
15:27:33 INFO  : Context for 'APU' is selected.
15:27:34 INFO  : System reset is completed.
15:27:37 INFO  : 'after 3000' command is executed.
15:27:37 INFO  : 'targets -set -filter {jtag_cable_name =~ "Digilent Zybo Z7 210351A77E3EA" && level==0 && jtag_device_ctx=="jsn-Zybo Z7-210351A77E3EA-13722093-0"}' command is executed.
15:27:38 INFO  : Device configured successfully with "C:/S3/project_1/ProjectMarcheChrist/_ide/bitstream/nomPertinent_wrapper.bit"
15:27:38 INFO  : Context for 'APU' is selected.
15:27:40 INFO  : Hardware design and registers information is loaded from 'C:/S3/project_1/nomPertinent_wrapper/export/nomPertinent_wrapper/hw/nomPertinent_wrapper.xsa'.
15:27:40 INFO  : 'configparams force-mem-access 1' command is executed.
15:27:40 INFO  : Context for 'APU' is selected.
15:27:40 INFO  : Sourcing of 'C:/S3/project_1/ProjectMarcheChrist/_ide/psinit/ps7_init.tcl' is done.
15:27:40 INFO  : 'ps7_init' command is executed.
15:27:40 INFO  : 'ps7_post_config' command is executed.
15:27:40 INFO  : Context for processor 'ps7_cortexa9_0' is selected.
15:27:40 INFO  : The application 'C:/S3/project_1/ProjectMarcheChrist/Debug/ProjectMarcheChrist.elf' is downloaded to processor 'ps7_cortexa9_0'.
15:27:40 INFO  : 'configparams force-mem-access 0' command is executed.
15:27:40 INFO  : ----------------XSDB Script----------------
connect -url tcp:127.0.0.1:3121
targets -set -nocase -filter {name =~"APU*"}
rst -system
after 3000
targets -set -filter {jtag_cable_name =~ "Digilent Zybo Z7 210351A77E3EA" && level==0 && jtag_device_ctx=="jsn-Zybo Z7-210351A77E3EA-13722093-0"}
fpga -file C:/S3/project_1/ProjectMarcheChrist/_ide/bitstream/nomPertinent_wrapper.bit
targets -set -nocase -filter {name =~"APU*"}
loadhw -hw C:/S3/project_1/nomPertinent_wrapper/export/nomPertinent_wrapper/hw/nomPertinent_wrapper.xsa -mem-ranges [list {0x40000000 0xbfffffff}] -regs
configparams force-mem-access 1
targets -set -nocase -filter {name =~"APU*"}
source C:/S3/project_1/ProjectMarcheChrist/_ide/psinit/ps7_init.tcl
ps7_init
ps7_post_config
targets -set -nocase -filter {name =~ "*A9*#0"}
dow C:/S3/project_1/ProjectMarcheChrist/Debug/ProjectMarcheChrist.elf
configparams force-mem-access 0
----------------End of Script----------------

15:27:40 INFO  : Context for processor 'ps7_cortexa9_0' is selected.
15:27:40 INFO  : 'con' command is executed.
15:27:40 INFO  : ----------------XSDB Script (After Launch)----------------
targets -set -nocase -filter {name =~ "*A9*#0"}
con
----------------End of Script----------------

15:27:40 INFO  : Launch script is exported to file 'C:\S3\project_1\ProjectMarcheChrist_system\_ide\scripts\debugger_projectmarchechrist-default.tcl'
15:28:04 INFO  : Disconnected from the channel tcfchan#5.
15:28:05 INFO  : Connected to target on host '127.0.0.1' and port '3121'.
15:28:06 INFO  : Jtag cable 'Digilent Zybo Z7 210351A77E3EA' is selected.
15:28:06 INFO  : 'jtag frequency' command is executed.
15:28:06 INFO  : Context for 'APU' is selected.
15:28:06 INFO  : System reset is completed.
15:28:09 INFO  : 'after 3000' command is executed.
15:28:09 INFO  : 'targets -set -filter {jtag_cable_name =~ "Digilent Zybo Z7 210351A77E3EA" && level==0 && jtag_device_ctx=="jsn-Zybo Z7-210351A77E3EA-13722093-0"}' command is executed.
15:28:10 INFO  : Device configured successfully with "C:/S3/project_1/ProjectMarcheChrist/_ide/bitstream/nomPertinent_wrapper.bit"
15:28:10 INFO  : Context for 'APU' is selected.
15:28:12 INFO  : Hardware design and registers information is loaded from 'C:/S3/project_1/nomPertinent_wrapper/export/nomPertinent_wrapper/hw/nomPertinent_wrapper.xsa'.
15:28:12 INFO  : 'configparams force-mem-access 1' command is executed.
15:28:12 INFO  : Context for 'APU' is selected.
15:28:12 INFO  : Sourcing of 'C:/S3/project_1/ProjectMarcheChrist/_ide/psinit/ps7_init.tcl' is done.
15:28:12 INFO  : 'ps7_init' command is executed.
15:28:12 INFO  : 'ps7_post_config' command is executed.
15:28:12 INFO  : Context for processor 'ps7_cortexa9_0' is selected.
15:28:12 INFO  : The application 'C:/S3/project_1/ProjectMarcheChrist/Debug/ProjectMarcheChrist.elf' is downloaded to processor 'ps7_cortexa9_0'.
15:28:12 INFO  : 'configparams force-mem-access 0' command is executed.
15:28:12 INFO  : ----------------XSDB Script----------------
connect -url tcp:127.0.0.1:3121
targets -set -nocase -filter {name =~"APU*"}
rst -system
after 3000
targets -set -filter {jtag_cable_name =~ "Digilent Zybo Z7 210351A77E3EA" && level==0 && jtag_device_ctx=="jsn-Zybo Z7-210351A77E3EA-13722093-0"}
fpga -file C:/S3/project_1/ProjectMarcheChrist/_ide/bitstream/nomPertinent_wrapper.bit
targets -set -nocase -filter {name =~"APU*"}
loadhw -hw C:/S3/project_1/nomPertinent_wrapper/export/nomPertinent_wrapper/hw/nomPertinent_wrapper.xsa -mem-ranges [list {0x40000000 0xbfffffff}] -regs
configparams force-mem-access 1
targets -set -nocase -filter {name =~"APU*"}
source C:/S3/project_1/ProjectMarcheChrist/_ide/psinit/ps7_init.tcl
ps7_init
ps7_post_config
targets -set -nocase -filter {name =~ "*A9*#0"}
dow C:/S3/project_1/ProjectMarcheChrist/Debug/ProjectMarcheChrist.elf
configparams force-mem-access 0
----------------End of Script----------------

15:28:12 INFO  : Context for processor 'ps7_cortexa9_0' is selected.
15:28:12 INFO  : 'con' command is executed.
15:28:12 INFO  : ----------------XSDB Script (After Launch)----------------
targets -set -nocase -filter {name =~ "*A9*#0"}
con
----------------End of Script----------------

15:28:12 INFO  : Launch script is exported to file 'C:\S3\project_1\ProjectMarcheChrist_system\_ide\scripts\debugger_projectmarchechrist-default.tcl'
15:28:30 INFO  : Disconnected from the channel tcfchan#6.
15:28:31 INFO  : Connected to target on host '127.0.0.1' and port '3121'.
15:28:31 INFO  : Jtag cable 'Digilent Zybo Z7 210351A77E3EA' is selected.
15:28:31 INFO  : 'jtag frequency' command is executed.
15:28:31 INFO  : Context for 'APU' is selected.
15:28:31 INFO  : System reset is completed.
15:28:34 INFO  : 'after 3000' command is executed.
15:28:34 INFO  : 'targets -set -filter {jtag_cable_name =~ "Digilent Zybo Z7 210351A77E3EA" && level==0 && jtag_device_ctx=="jsn-Zybo Z7-210351A77E3EA-13722093-0"}' command is executed.
15:28:36 INFO  : Device configured successfully with "C:/S3/project_1/ProjectMarcheChrist/_ide/bitstream/nomPertinent_wrapper.bit"
15:28:36 INFO  : Context for 'APU' is selected.
15:28:37 INFO  : Hardware design and registers information is loaded from 'C:/S3/project_1/nomPertinent_wrapper/export/nomPertinent_wrapper/hw/nomPertinent_wrapper.xsa'.
15:28:37 INFO  : 'configparams force-mem-access 1' command is executed.
15:28:37 INFO  : Context for 'APU' is selected.
15:28:37 INFO  : Sourcing of 'C:/S3/project_1/ProjectMarcheChrist/_ide/psinit/ps7_init.tcl' is done.
15:28:38 INFO  : 'ps7_init' command is executed.
15:28:38 INFO  : 'ps7_post_config' command is executed.
15:28:38 INFO  : Context for processor 'ps7_cortexa9_0' is selected.
15:28:38 INFO  : The application 'C:/S3/project_1/ProjectMarcheChrist/Debug/ProjectMarcheChrist.elf' is downloaded to processor 'ps7_cortexa9_0'.
15:28:38 INFO  : 'configparams force-mem-access 0' command is executed.
15:28:38 INFO  : ----------------XSDB Script----------------
connect -url tcp:127.0.0.1:3121
targets -set -nocase -filter {name =~"APU*"}
rst -system
after 3000
targets -set -filter {jtag_cable_name =~ "Digilent Zybo Z7 210351A77E3EA" && level==0 && jtag_device_ctx=="jsn-Zybo Z7-210351A77E3EA-13722093-0"}
fpga -file C:/S3/project_1/ProjectMarcheChrist/_ide/bitstream/nomPertinent_wrapper.bit
targets -set -nocase -filter {name =~"APU*"}
loadhw -hw C:/S3/project_1/nomPertinent_wrapper/export/nomPertinent_wrapper/hw/nomPertinent_wrapper.xsa -mem-ranges [list {0x40000000 0xbfffffff}] -regs
configparams force-mem-access 1
targets -set -nocase -filter {name =~"APU*"}
source C:/S3/project_1/ProjectMarcheChrist/_ide/psinit/ps7_init.tcl
ps7_init
ps7_post_config
targets -set -nocase -filter {name =~ "*A9*#0"}
dow C:/S3/project_1/ProjectMarcheChrist/Debug/ProjectMarcheChrist.elf
configparams force-mem-access 0
----------------End of Script----------------

15:28:38 INFO  : Context for processor 'ps7_cortexa9_0' is selected.
15:28:38 INFO  : 'con' command is executed.
15:28:38 INFO  : ----------------XSDB Script (After Launch)----------------
targets -set -nocase -filter {name =~ "*A9*#0"}
con
----------------End of Script----------------

15:28:38 INFO  : Launch script is exported to file 'C:\S3\project_1\ProjectMarcheChrist_system\_ide\scripts\debugger_projectmarchechrist-default.tcl'
15:29:24 INFO  : Disconnected from the channel tcfchan#7.
15:29:24 INFO  : Connected to target on host '127.0.0.1' and port '3121'.
15:29:24 INFO  : Jtag cable 'Digilent Zybo Z7 210351A77E3EA' is selected.
15:29:24 INFO  : 'jtag frequency' command is executed.
15:29:24 INFO  : Context for 'APU' is selected.
15:29:24 INFO  : System reset is completed.
15:29:27 INFO  : 'after 3000' command is executed.
15:29:28 INFO  : 'targets -set -filter {jtag_cable_name =~ "Digilent Zybo Z7 210351A77E3EA" && level==0 && jtag_device_ctx=="jsn-Zybo Z7-210351A77E3EA-13722093-0"}' command is executed.
15:29:29 INFO  : Device configured successfully with "C:/S3/project_1/ProjectMarcheChrist/_ide/bitstream/nomPertinent_wrapper.bit"
15:29:29 INFO  : Context for 'APU' is selected.
15:29:31 INFO  : Hardware design and registers information is loaded from 'C:/S3/project_1/nomPertinent_wrapper/export/nomPertinent_wrapper/hw/nomPertinent_wrapper.xsa'.
15:29:31 INFO  : 'configparams force-mem-access 1' command is executed.
15:29:31 INFO  : Context for 'APU' is selected.
15:29:31 INFO  : Sourcing of 'C:/S3/project_1/ProjectMarcheChrist/_ide/psinit/ps7_init.tcl' is done.
15:29:31 INFO  : 'ps7_init' command is executed.
15:29:31 INFO  : 'ps7_post_config' command is executed.
15:29:31 INFO  : Context for processor 'ps7_cortexa9_0' is selected.
15:29:31 INFO  : The application 'C:/S3/project_1/ProjectMarcheChrist/Debug/ProjectMarcheChrist.elf' is downloaded to processor 'ps7_cortexa9_0'.
15:29:31 INFO  : 'configparams force-mem-access 0' command is executed.
15:29:31 INFO  : ----------------XSDB Script----------------
connect -url tcp:127.0.0.1:3121
targets -set -nocase -filter {name =~"APU*"}
rst -system
after 3000
targets -set -filter {jtag_cable_name =~ "Digilent Zybo Z7 210351A77E3EA" && level==0 && jtag_device_ctx=="jsn-Zybo Z7-210351A77E3EA-13722093-0"}
fpga -file C:/S3/project_1/ProjectMarcheChrist/_ide/bitstream/nomPertinent_wrapper.bit
targets -set -nocase -filter {name =~"APU*"}
loadhw -hw C:/S3/project_1/nomPertinent_wrapper/export/nomPertinent_wrapper/hw/nomPertinent_wrapper.xsa -mem-ranges [list {0x40000000 0xbfffffff}] -regs
configparams force-mem-access 1
targets -set -nocase -filter {name =~"APU*"}
source C:/S3/project_1/ProjectMarcheChrist/_ide/psinit/ps7_init.tcl
ps7_init
ps7_post_config
targets -set -nocase -filter {name =~ "*A9*#0"}
dow C:/S3/project_1/ProjectMarcheChrist/Debug/ProjectMarcheChrist.elf
configparams force-mem-access 0
----------------End of Script----------------

15:29:31 INFO  : Context for processor 'ps7_cortexa9_0' is selected.
15:29:31 INFO  : 'con' command is executed.
15:29:31 INFO  : ----------------XSDB Script (After Launch)----------------
targets -set -nocase -filter {name =~ "*A9*#0"}
con
----------------End of Script----------------

15:29:31 INFO  : Launch script is exported to file 'C:\S3\project_1\ProjectMarcheChrist_system\_ide\scripts\debugger_projectmarchechrist-default.tcl'
15:29:42 INFO  : Disconnected from the channel tcfchan#8.
