14:49:14 INFO  : Registering command handlers for Vitis TCF services
14:49:14 INFO  : Launching XSCT server: xsct.bat -n  -interactive C:\Travail\s4InfoAtelier4\temp_xsdb_launch_script.tcl
14:49:16 INFO  : XSCT server has started successfully.
14:49:16 INFO  : Platform repository initialization has completed.
14:49:16 INFO  : plnx-install-location is set to ''
14:49:16 INFO  : Successfully done setting XSCT server connection channel  
14:49:16 INFO  : Successfully done query RDI_DATADIR 
14:49:16 INFO  : Successfully done setting workspace for the tool. 
14:53:29 INFO  : Result from executing command 'getProjects': atelier4_wrapper
14:53:29 INFO  : Result from executing command 'getPlatforms': 
14:53:30 WARN  : An unexpected exception occurred in the module 'platform project logging'
14:53:30 INFO  : Platform 'atelier4_wrapper' is added to custom repositories.
14:53:37 INFO  : Platform 'atelier4_wrapper' is added to custom repositories.
15:12:30 INFO  : Result from executing command 'getProjects': atelier4_wrapper
15:12:30 INFO  : Result from executing command 'getPlatforms': atelier4_wrapper|C:/Travail/s4InfoAtelier4/atelier4_wrapper/export/atelier4_wrapper/atelier4_wrapper.xpfm
15:15:01 INFO  : Checking for BSP changes to sync application flags for project 'project'...
15:15:24 INFO  : Connected to target on host '127.0.0.1' and port '3121'.
15:15:24 INFO  : 'targets -set -filter {jtag_cable_name =~ "Digilent Zybo Z7 210351A77B04A" && level==0 && jtag_device_ctx=="jsn-Zybo Z7-210351A77B04A-13722093-0"}' command is executed.
15:15:25 INFO  : Device configured successfully with "C:/Travail/s4InfoAtelier4/project/_ide/bitstream/atelier4_wrapper.bit"
15:15:53 INFO  : Connected to target on host '127.0.0.1' and port '3121'.
15:15:53 INFO  : Jtag cable 'Digilent Zybo Z7 210351A77B04A' is selected.
15:15:53 INFO  : 'jtag frequency' command is executed.
15:15:53 INFO  : Context for 'APU' is selected.
15:15:53 INFO  : System reset is completed.
15:15:56 INFO  : 'after 3000' command is executed.
15:15:56 INFO  : 'targets -set -filter {jtag_cable_name =~ "Digilent Zybo Z7 210351A77B04A" && level==0 && jtag_device_ctx=="jsn-Zybo Z7-210351A77B04A-13722093-0"}' command is executed.
15:15:57 INFO  : Device configured successfully with "C:/Travail/s4InfoAtelier4/project/_ide/bitstream/atelier4_wrapper.bit"
15:15:57 INFO  : Context for 'APU' is selected.
15:15:57 INFO  : Hardware design and registers information is loaded from 'C:/Travail/s4InfoAtelier4/atelier4_wrapper/export/atelier4_wrapper/hw/atelier4_wrapper.xsa'.
15:15:57 INFO  : 'configparams force-mem-access 1' command is executed.
15:15:57 INFO  : Context for 'APU' is selected.
15:15:57 INFO  : Sourcing of 'C:/Travail/s4InfoAtelier4/project/_ide/psinit/ps7_init.tcl' is done.
15:15:58 INFO  : 'ps7_init' command is executed.
15:15:58 INFO  : 'ps7_post_config' command is executed.
15:15:58 INFO  : Context for processor 'ps7_cortexa9_0' is selected.
15:15:58 INFO  : The application 'C:/Travail/s4InfoAtelier4/project/Debug/project.elf' is downloaded to processor 'ps7_cortexa9_0'.
15:15:58 INFO  : 'configparams force-mem-access 0' command is executed.
15:15:58 INFO  : ----------------XSDB Script----------------
connect -url tcp:127.0.0.1:3121
targets -set -nocase -filter {name =~"APU*"}
rst -system
after 3000
targets -set -filter {jtag_cable_name =~ "Digilent Zybo Z7 210351A77B04A" && level==0 && jtag_device_ctx=="jsn-Zybo Z7-210351A77B04A-13722093-0"}
fpga -file C:/Travail/s4InfoAtelier4/project/_ide/bitstream/atelier4_wrapper.bit
targets -set -nocase -filter {name =~"APU*"}
loadhw -hw C:/Travail/s4InfoAtelier4/atelier4_wrapper/export/atelier4_wrapper/hw/atelier4_wrapper.xsa -mem-ranges [list {0x40000000 0xbfffffff}] -regs
configparams force-mem-access 1
targets -set -nocase -filter {name =~"APU*"}
source C:/Travail/s4InfoAtelier4/project/_ide/psinit/ps7_init.tcl
ps7_init
ps7_post_config
targets -set -nocase -filter {name =~ "*A9*#0"}
dow C:/Travail/s4InfoAtelier4/project/Debug/project.elf
configparams force-mem-access 0
----------------End of Script----------------

15:15:58 INFO  : Context for processor 'ps7_cortexa9_0' is selected.
15:15:58 INFO  : 'con' command is executed.
15:15:58 INFO  : ----------------XSDB Script (After Launch)----------------
targets -set -nocase -filter {name =~ "*A9*#0"}
con
----------------End of Script----------------

15:15:58 INFO  : Launch script is exported to file 'C:\Travail\s4InfoAtelier4\project_system\_ide\scripts\debugger_project-default.tcl'
15:43:38 INFO  : Disconnected from the channel tcfchan#2.
15:56:10 INFO  : Hardware specification for platform project 'atelier4_wrapper' is updated.
15:56:21 INFO  : Result from executing command 'getProjects': atelier4_wrapper
15:56:21 INFO  : Result from executing command 'getPlatforms': atelier4_wrapper|C:/Travail/s4InfoAtelier4/atelier4_wrapper/export/atelier4_wrapper/atelier4_wrapper.xpfm
15:56:41 INFO  : Checking for BSP changes to sync application flags for project 'project'...
15:56:54 INFO  : The hardware specfication used by project 'project' is out of sync with the platform. Resource files extracted from the hardware specfiication will be updated.
15:56:54 INFO  : The file 'C:\Travail\s4InfoAtelier4\project\_ide\bitstream\atelier4_wrapper.bit' stored in project is removed.
15:56:54 INFO  : The updated bitstream files are copied from platform to folder 'C:\Travail\s4InfoAtelier4\project\_ide\bitstream' in project 'project'.
15:56:54 INFO  : The file 'C:\Travail\s4InfoAtelier4\project\_ide\psinit\ps7_init.tcl' stored in project is removed.
15:56:59 INFO  : The updated ps init files are copied from platform to folder 'C:\Travail\s4InfoAtelier4\project\_ide\psinit' in project 'project'.
15:57:11 INFO  : Connected to target on host '127.0.0.1' and port '3121'.
15:57:11 INFO  : 'targets -set -filter {jtag_cable_name =~ "Digilent Zybo Z7 210351A77B04A" && level==0 && jtag_device_ctx=="jsn-Zybo Z7-210351A77B04A-13722093-0"}' command is executed.
15:57:12 INFO  : Device configured successfully with "C:/Travail/s4InfoAtelier4/project/_ide/bitstream/atelier4_wrapper.bit"
15:57:28 INFO  : Connected to target on host '127.0.0.1' and port '3121'.
15:57:28 INFO  : Jtag cable 'Digilent Zybo Z7 210351A77B04A' is selected.
15:57:28 INFO  : 'jtag frequency' command is executed.
15:57:28 INFO  : Context for 'APU' is selected.
15:57:28 INFO  : System reset is completed.
15:57:31 INFO  : 'after 3000' command is executed.
15:57:31 INFO  : 'targets -set -filter {jtag_cable_name =~ "Digilent Zybo Z7 210351A77B04A" && level==0 && jtag_device_ctx=="jsn-Zybo Z7-210351A77B04A-13722093-0"}' command is executed.
15:57:32 INFO  : Device configured successfully with "C:/Travail/s4InfoAtelier4/project/_ide/bitstream/atelier4_wrapper.bit"
15:57:32 INFO  : Context for 'APU' is selected.
15:57:33 INFO  : Hardware design and registers information is loaded from 'C:/Travail/s4InfoAtelier4/atelier4_wrapper/export/atelier4_wrapper/hw/atelier4_wrapper.xsa'.
15:57:33 INFO  : 'configparams force-mem-access 1' command is executed.
15:57:33 INFO  : Context for 'APU' is selected.
15:57:33 INFO  : Sourcing of 'C:/Travail/s4InfoAtelier4/project/_ide/psinit/ps7_init.tcl' is done.
15:57:33 INFO  : 'ps7_init' command is executed.
15:57:33 INFO  : 'ps7_post_config' command is executed.
15:57:33 INFO  : Context for processor 'ps7_cortexa9_0' is selected.
15:57:33 INFO  : The application 'C:/Travail/s4InfoAtelier4/project/Debug/project.elf' is downloaded to processor 'ps7_cortexa9_0'.
15:57:33 INFO  : 'configparams force-mem-access 0' command is executed.
15:57:33 INFO  : ----------------XSDB Script----------------
connect -url tcp:127.0.0.1:3121
targets -set -nocase -filter {name =~"APU*"}
rst -system
after 3000
targets -set -filter {jtag_cable_name =~ "Digilent Zybo Z7 210351A77B04A" && level==0 && jtag_device_ctx=="jsn-Zybo Z7-210351A77B04A-13722093-0"}
fpga -file C:/Travail/s4InfoAtelier4/project/_ide/bitstream/atelier4_wrapper.bit
targets -set -nocase -filter {name =~"APU*"}
loadhw -hw C:/Travail/s4InfoAtelier4/atelier4_wrapper/export/atelier4_wrapper/hw/atelier4_wrapper.xsa -mem-ranges [list {0x40000000 0xbfffffff}] -regs
configparams force-mem-access 1
targets -set -nocase -filter {name =~"APU*"}
source C:/Travail/s4InfoAtelier4/project/_ide/psinit/ps7_init.tcl
ps7_init
ps7_post_config
targets -set -nocase -filter {name =~ "*A9*#0"}
dow C:/Travail/s4InfoAtelier4/project/Debug/project.elf
configparams force-mem-access 0
----------------End of Script----------------

15:57:34 INFO  : Context for processor 'ps7_cortexa9_0' is selected.
15:57:34 INFO  : 'con' command is executed.
15:57:34 INFO  : ----------------XSDB Script (After Launch)----------------
targets -set -nocase -filter {name =~ "*A9*#0"}
con
----------------End of Script----------------

15:57:34 INFO  : Launch script is exported to file 'C:\Travail\s4InfoAtelier4\project_system\_ide\scripts\debugger_project-default.tcl'
16:11:40 INFO  : Checking for BSP changes to sync application flags for project 'project'...
16:11:50 INFO  : Disconnected from the channel tcfchan#4.
16:11:51 INFO  : Connected to target on host '127.0.0.1' and port '3121'.
16:11:51 INFO  : Jtag cable 'Digilent Zybo Z7 210351A77B04A' is selected.
16:11:51 INFO  : 'jtag frequency' command is executed.
16:11:51 INFO  : Context for 'APU' is selected.
16:11:51 INFO  : System reset is completed.
16:11:54 INFO  : 'after 3000' command is executed.
16:11:54 INFO  : 'targets -set -filter {jtag_cable_name =~ "Digilent Zybo Z7 210351A77B04A" && level==0 && jtag_device_ctx=="jsn-Zybo Z7-210351A77B04A-13722093-0"}' command is executed.
16:11:55 INFO  : Device configured successfully with "C:/Travail/s4InfoAtelier4/project/_ide/bitstream/atelier4_wrapper.bit"
16:11:55 INFO  : Context for 'APU' is selected.
16:11:55 INFO  : Hardware design and registers information is loaded from 'C:/Travail/s4InfoAtelier4/atelier4_wrapper/export/atelier4_wrapper/hw/atelier4_wrapper.xsa'.
16:11:55 INFO  : 'configparams force-mem-access 1' command is executed.
16:11:55 INFO  : Context for 'APU' is selected.
16:11:55 INFO  : Sourcing of 'C:/Travail/s4InfoAtelier4/project/_ide/psinit/ps7_init.tcl' is done.
16:11:56 INFO  : 'ps7_init' command is executed.
16:11:56 INFO  : 'ps7_post_config' command is executed.
16:11:56 INFO  : Context for processor 'ps7_cortexa9_0' is selected.
16:11:56 INFO  : The application 'C:/Travail/s4InfoAtelier4/project/Debug/project.elf' is downloaded to processor 'ps7_cortexa9_0'.
16:11:56 INFO  : 'configparams force-mem-access 0' command is executed.
16:11:56 INFO  : ----------------XSDB Script----------------
connect -url tcp:127.0.0.1:3121
targets -set -nocase -filter {name =~"APU*"}
rst -system
after 3000
targets -set -filter {jtag_cable_name =~ "Digilent Zybo Z7 210351A77B04A" && level==0 && jtag_device_ctx=="jsn-Zybo Z7-210351A77B04A-13722093-0"}
fpga -file C:/Travail/s4InfoAtelier4/project/_ide/bitstream/atelier4_wrapper.bit
targets -set -nocase -filter {name =~"APU*"}
loadhw -hw C:/Travail/s4InfoAtelier4/atelier4_wrapper/export/atelier4_wrapper/hw/atelier4_wrapper.xsa -mem-ranges [list {0x40000000 0xbfffffff}] -regs
configparams force-mem-access 1
targets -set -nocase -filter {name =~"APU*"}
source C:/Travail/s4InfoAtelier4/project/_ide/psinit/ps7_init.tcl
ps7_init
ps7_post_config
targets -set -nocase -filter {name =~ "*A9*#0"}
dow C:/Travail/s4InfoAtelier4/project/Debug/project.elf
configparams force-mem-access 0
----------------End of Script----------------

16:11:56 INFO  : Context for processor 'ps7_cortexa9_0' is selected.
16:11:56 INFO  : 'con' command is executed.
16:11:56 INFO  : ----------------XSDB Script (After Launch)----------------
targets -set -nocase -filter {name =~ "*A9*#0"}
con
----------------End of Script----------------

16:11:56 INFO  : Launch script is exported to file 'C:\Travail\s4InfoAtelier4\project_system\_ide\scripts\debugger_project-default.tcl'
16:28:09 INFO  : Hardware specification for platform project 'atelier4_wrapper' is updated.
16:28:18 INFO  : Result from executing command 'getProjects': atelier4_wrapper
16:28:18 INFO  : Result from executing command 'getPlatforms': atelier4_wrapper|C:/Travail/s4InfoAtelier4/atelier4_wrapper/export/atelier4_wrapper/atelier4_wrapper.xpfm
16:28:29 INFO  : Checking for BSP changes to sync application flags for project 'project'...
16:29:26 INFO  : Connected to target on host '127.0.0.1' and port '3121'.
16:29:26 INFO  : 'targets -set -filter {jtag_cable_name =~ "Digilent Zybo Z7 210351A77B04A" && level==0 && jtag_device_ctx=="jsn-Zybo Z7-210351A77B04A-13722093-0"}' command is executed.
16:29:27 INFO  : Device configured successfully with "C:/Travail/s4InfoAtelier4/project/_ide/bitstream/atelier4_wrapper.bit"
16:29:51 INFO  : Disconnected from the channel tcfchan#5.
16:29:52 INFO  : The hardware specfication used by project 'project' is out of sync with the platform. Resource files extracted from the hardware specfiication will be updated.
16:29:52 INFO  : The file 'C:\Travail\s4InfoAtelier4\project\_ide\bitstream\atelier4_wrapper.bit' stored in project is removed.
16:29:52 INFO  : The updated bitstream files are copied from platform to folder 'C:\Travail\s4InfoAtelier4\project\_ide\bitstream' in project 'project'.
16:29:52 INFO  : The file 'C:\Travail\s4InfoAtelier4\project\_ide\psinit\ps7_init.tcl' stored in project is removed.
16:29:57 INFO  : The updated ps init files are copied from platform to folder 'C:\Travail\s4InfoAtelier4\project\_ide\psinit' in project 'project'.
16:29:57 INFO  : Connected to target on host '127.0.0.1' and port '3121'.
16:29:58 INFO  : Jtag cable 'Digilent Zybo Z7 210351A77B04A' is selected.
16:29:58 INFO  : 'jtag frequency' command is executed.
16:29:58 INFO  : Context for 'APU' is selected.
16:29:58 INFO  : System reset is completed.
16:30:01 INFO  : 'after 3000' command is executed.
16:30:01 INFO  : 'targets -set -filter {jtag_cable_name =~ "Digilent Zybo Z7 210351A77B04A" && level==0 && jtag_device_ctx=="jsn-Zybo Z7-210351A77B04A-13722093-0"}' command is executed.
16:30:02 INFO  : Device configured successfully with "C:/Travail/s4InfoAtelier4/project/_ide/bitstream/atelier4_wrapper.bit"
16:30:02 INFO  : Context for 'APU' is selected.
16:30:02 INFO  : Hardware design and registers information is loaded from 'C:/Travail/s4InfoAtelier4/atelier4_wrapper/export/atelier4_wrapper/hw/atelier4_wrapper.xsa'.
16:30:02 INFO  : 'configparams force-mem-access 1' command is executed.
16:30:02 INFO  : Context for 'APU' is selected.
16:30:02 INFO  : Sourcing of 'C:/Travail/s4InfoAtelier4/project/_ide/psinit/ps7_init.tcl' is done.
16:30:02 INFO  : 'ps7_init' command is executed.
16:30:02 INFO  : 'ps7_post_config' command is executed.
16:30:02 INFO  : Context for processor 'ps7_cortexa9_0' is selected.
16:30:03 INFO  : The application 'C:/Travail/s4InfoAtelier4/project/Debug/project.elf' is downloaded to processor 'ps7_cortexa9_0'.
16:30:03 INFO  : 'configparams force-mem-access 0' command is executed.
16:30:03 INFO  : ----------------XSDB Script----------------
connect -url tcp:127.0.0.1:3121
targets -set -nocase -filter {name =~"APU*"}
rst -system
after 3000
targets -set -filter {jtag_cable_name =~ "Digilent Zybo Z7 210351A77B04A" && level==0 && jtag_device_ctx=="jsn-Zybo Z7-210351A77B04A-13722093-0"}
fpga -file C:/Travail/s4InfoAtelier4/project/_ide/bitstream/atelier4_wrapper.bit
targets -set -nocase -filter {name =~"APU*"}
loadhw -hw C:/Travail/s4InfoAtelier4/atelier4_wrapper/export/atelier4_wrapper/hw/atelier4_wrapper.xsa -mem-ranges [list {0x40000000 0xbfffffff}] -regs
configparams force-mem-access 1
targets -set -nocase -filter {name =~"APU*"}
source C:/Travail/s4InfoAtelier4/project/_ide/psinit/ps7_init.tcl
ps7_init
ps7_post_config
targets -set -nocase -filter {name =~ "*A9*#0"}
dow C:/Travail/s4InfoAtelier4/project/Debug/project.elf
configparams force-mem-access 0
----------------End of Script----------------

16:30:03 INFO  : Context for processor 'ps7_cortexa9_0' is selected.
16:30:03 INFO  : 'con' command is executed.
16:30:03 INFO  : ----------------XSDB Script (After Launch)----------------
targets -set -nocase -filter {name =~ "*A9*#0"}
con
----------------End of Script----------------

16:30:03 INFO  : Launch script is exported to file 'C:\Travail\s4InfoAtelier4\project_system\_ide\scripts\debugger_project-default.tcl'
17:17:34 INFO  : Result from executing command 'getProjects': atelier4_wrapper
17:17:34 INFO  : Result from executing command 'getPlatforms': atelier4_wrapper|C:/Travail/s4InfoAtelier4/atelier4_wrapper/export/atelier4_wrapper/atelier4_wrapper.xpfm
17:17:39 INFO  : Checking for BSP changes to sync application flags for project 'project'...
17:17:46 INFO  : Disconnected from the channel tcfchan#7.
17:17:47 INFO  : Connected to target on host '127.0.0.1' and port '3121'.
17:17:47 INFO  : Jtag cable 'Digilent Zybo Z7 210351A77B04A' is selected.
17:17:47 INFO  : 'jtag frequency' command is executed.
17:17:47 INFO  : Context for 'APU' is selected.
17:17:47 INFO  : System reset is completed.
17:17:50 INFO  : 'after 3000' command is executed.
17:17:50 INFO  : 'targets -set -filter {jtag_cable_name =~ "Digilent Zybo Z7 210351A77B04A" && level==0 && jtag_device_ctx=="jsn-Zybo Z7-210351A77B04A-13722093-0"}' command is executed.
17:17:51 INFO  : Device configured successfully with "C:/Travail/s4InfoAtelier4/project/_ide/bitstream/atelier4_wrapper.bit"
17:17:51 INFO  : Context for 'APU' is selected.
17:17:51 INFO  : Hardware design and registers information is loaded from 'C:/Travail/s4InfoAtelier4/atelier4_wrapper/export/atelier4_wrapper/hw/atelier4_wrapper.xsa'.
17:17:51 INFO  : 'configparams force-mem-access 1' command is executed.
17:17:51 INFO  : Context for 'APU' is selected.
17:17:51 INFO  : Sourcing of 'C:/Travail/s4InfoAtelier4/project/_ide/psinit/ps7_init.tcl' is done.
17:17:52 INFO  : 'ps7_init' command is executed.
17:17:52 INFO  : 'ps7_post_config' command is executed.
17:17:52 INFO  : Context for processor 'ps7_cortexa9_0' is selected.
17:17:52 INFO  : The application 'C:/Travail/s4InfoAtelier4/project/Debug/project.elf' is downloaded to processor 'ps7_cortexa9_0'.
17:17:52 INFO  : 'configparams force-mem-access 0' command is executed.
17:17:52 INFO  : ----------------XSDB Script----------------
connect -url tcp:127.0.0.1:3121
targets -set -nocase -filter {name =~"APU*"}
rst -system
after 3000
targets -set -filter {jtag_cable_name =~ "Digilent Zybo Z7 210351A77B04A" && level==0 && jtag_device_ctx=="jsn-Zybo Z7-210351A77B04A-13722093-0"}
fpga -file C:/Travail/s4InfoAtelier4/project/_ide/bitstream/atelier4_wrapper.bit
targets -set -nocase -filter {name =~"APU*"}
loadhw -hw C:/Travail/s4InfoAtelier4/atelier4_wrapper/export/atelier4_wrapper/hw/atelier4_wrapper.xsa -mem-ranges [list {0x40000000 0xbfffffff}] -regs
configparams force-mem-access 1
targets -set -nocase -filter {name =~"APU*"}
source C:/Travail/s4InfoAtelier4/project/_ide/psinit/ps7_init.tcl
ps7_init
ps7_post_config
targets -set -nocase -filter {name =~ "*A9*#0"}
dow C:/Travail/s4InfoAtelier4/project/Debug/project.elf
configparams force-mem-access 0
----------------End of Script----------------

17:17:52 INFO  : Context for processor 'ps7_cortexa9_0' is selected.
17:17:52 INFO  : 'con' command is executed.
17:17:52 INFO  : ----------------XSDB Script (After Launch)----------------
targets -set -nocase -filter {name =~ "*A9*#0"}
con
----------------End of Script----------------

17:17:52 INFO  : Launch script is exported to file 'C:\Travail\s4InfoAtelier4\project_system\_ide\scripts\debugger_project-default.tcl'
17:19:02 INFO  : Hardware specification for platform project 'atelier4_wrapper' is updated.
17:19:10 INFO  : Result from executing command 'getProjects': atelier4_wrapper
17:19:10 INFO  : Result from executing command 'getPlatforms': atelier4_wrapper|C:/Travail/s4InfoAtelier4/atelier4_wrapper/export/atelier4_wrapper/atelier4_wrapper.xpfm
17:19:15 INFO  : Checking for BSP changes to sync application flags for project 'project'...
17:19:26 INFO  : The hardware specfication used by project 'project' is out of sync with the platform. Resource files extracted from the hardware specfiication will be updated.
17:19:26 INFO  : The file 'C:\Travail\s4InfoAtelier4\project\_ide\bitstream\atelier4_wrapper.bit' stored in project is removed.
17:19:26 INFO  : The updated bitstream files are copied from platform to folder 'C:\Travail\s4InfoAtelier4\project\_ide\bitstream' in project 'project'.
17:19:26 INFO  : The file 'C:\Travail\s4InfoAtelier4\project\_ide\psinit\ps7_init.tcl' stored in project is removed.
17:19:31 INFO  : The updated ps init files are copied from platform to folder 'C:\Travail\s4InfoAtelier4\project\_ide\psinit' in project 'project'.
17:19:37 INFO  : Connected to target on host '127.0.0.1' and port '3121'.
17:19:37 INFO  : 'targets -set -filter {jtag_cable_name =~ "Digilent Zybo Z7 210351A77B04A" && level==0 && jtag_device_ctx=="jsn-Zybo Z7-210351A77B04A-13722093-0"}' command is executed.
17:19:39 INFO  : Device configured successfully with "C:/Travail/s4InfoAtelier4/project/_ide/bitstream/atelier4_wrapper.bit"
17:19:48 INFO  : Disconnected from the channel tcfchan#10.
17:19:49 INFO  : Connected to target on host '127.0.0.1' and port '3121'.
17:19:50 INFO  : Jtag cable 'Digilent Zybo Z7 210351A77B04A' is selected.
17:19:50 INFO  : 'jtag frequency' command is executed.
17:19:50 INFO  : Context for 'APU' is selected.
17:19:50 INFO  : System reset is completed.
17:19:53 INFO  : 'after 3000' command is executed.
17:19:53 INFO  : 'targets -set -filter {jtag_cable_name =~ "Digilent Zybo Z7 210351A77B04A" && level==0 && jtag_device_ctx=="jsn-Zybo Z7-210351A77B04A-13722093-0"}' command is executed.
17:19:54 INFO  : Device configured successfully with "C:/Travail/s4InfoAtelier4/project/_ide/bitstream/atelier4_wrapper.bit"
17:19:54 INFO  : Context for 'APU' is selected.
17:19:54 INFO  : Hardware design and registers information is loaded from 'C:/Travail/s4InfoAtelier4/atelier4_wrapper/export/atelier4_wrapper/hw/atelier4_wrapper.xsa'.
17:19:54 INFO  : 'configparams force-mem-access 1' command is executed.
17:19:54 INFO  : Context for 'APU' is selected.
17:19:54 INFO  : Sourcing of 'C:/Travail/s4InfoAtelier4/project/_ide/psinit/ps7_init.tcl' is done.
17:19:54 INFO  : 'ps7_init' command is executed.
17:19:54 INFO  : 'ps7_post_config' command is executed.
17:19:54 INFO  : Context for processor 'ps7_cortexa9_0' is selected.
17:19:55 INFO  : The application 'C:/Travail/s4InfoAtelier4/project/Debug/project.elf' is downloaded to processor 'ps7_cortexa9_0'.
17:19:55 INFO  : 'configparams force-mem-access 0' command is executed.
17:19:55 INFO  : ----------------XSDB Script----------------
connect -url tcp:127.0.0.1:3121
targets -set -nocase -filter {name =~"APU*"}
rst -system
after 3000
targets -set -filter {jtag_cable_name =~ "Digilent Zybo Z7 210351A77B04A" && level==0 && jtag_device_ctx=="jsn-Zybo Z7-210351A77B04A-13722093-0"}
fpga -file C:/Travail/s4InfoAtelier4/project/_ide/bitstream/atelier4_wrapper.bit
targets -set -nocase -filter {name =~"APU*"}
loadhw -hw C:/Travail/s4InfoAtelier4/atelier4_wrapper/export/atelier4_wrapper/hw/atelier4_wrapper.xsa -mem-ranges [list {0x40000000 0xbfffffff}] -regs
configparams force-mem-access 1
targets -set -nocase -filter {name =~"APU*"}
source C:/Travail/s4InfoAtelier4/project/_ide/psinit/ps7_init.tcl
ps7_init
ps7_post_config
targets -set -nocase -filter {name =~ "*A9*#0"}
dow C:/Travail/s4InfoAtelier4/project/Debug/project.elf
configparams force-mem-access 0
----------------End of Script----------------

17:19:55 INFO  : Context for processor 'ps7_cortexa9_0' is selected.
17:19:55 INFO  : 'con' command is executed.
17:19:55 INFO  : ----------------XSDB Script (After Launch)----------------
targets -set -nocase -filter {name =~ "*A9*#0"}
con
----------------End of Script----------------

17:19:55 INFO  : Launch script is exported to file 'C:\Travail\s4InfoAtelier4\project_system\_ide\scripts\debugger_project-default.tcl'
17:48:04 INFO  : Checking for BSP changes to sync application flags for project 'project'...
17:48:12 INFO  : Disconnected from the channel tcfchan#12.
17:48:13 INFO  : Connected to target on host '127.0.0.1' and port '3121'.
17:48:13 INFO  : Jtag cable 'Digilent Zybo Z7 210351A77B04A' is selected.
17:48:13 INFO  : 'jtag frequency' command is executed.
17:48:13 INFO  : Context for 'APU' is selected.
17:48:13 INFO  : System reset is completed.
17:48:16 INFO  : 'after 3000' command is executed.
17:48:16 INFO  : 'targets -set -filter {jtag_cable_name =~ "Digilent Zybo Z7 210351A77B04A" && level==0 && jtag_device_ctx=="jsn-Zybo Z7-210351A77B04A-13722093-0"}' command is executed.
17:48:17 INFO  : Device configured successfully with "C:/Travail/s4InfoAtelier4/project/_ide/bitstream/atelier4_wrapper.bit"
17:48:18 INFO  : Context for 'APU' is selected.
17:48:18 INFO  : Hardware design and registers information is loaded from 'C:/Travail/s4InfoAtelier4/atelier4_wrapper/export/atelier4_wrapper/hw/atelier4_wrapper.xsa'.
17:48:18 INFO  : 'configparams force-mem-access 1' command is executed.
17:48:18 INFO  : Context for 'APU' is selected.
17:48:18 INFO  : Sourcing of 'C:/Travail/s4InfoAtelier4/project/_ide/psinit/ps7_init.tcl' is done.
17:48:18 INFO  : 'ps7_init' command is executed.
17:48:18 INFO  : 'ps7_post_config' command is executed.
17:48:18 INFO  : Context for processor 'ps7_cortexa9_0' is selected.
17:48:18 INFO  : The application 'C:/Travail/s4InfoAtelier4/project/Debug/project.elf' is downloaded to processor 'ps7_cortexa9_0'.
17:48:18 INFO  : 'configparams force-mem-access 0' command is executed.
17:48:18 INFO  : ----------------XSDB Script----------------
connect -url tcp:127.0.0.1:3121
targets -set -nocase -filter {name =~"APU*"}
rst -system
after 3000
targets -set -filter {jtag_cable_name =~ "Digilent Zybo Z7 210351A77B04A" && level==0 && jtag_device_ctx=="jsn-Zybo Z7-210351A77B04A-13722093-0"}
fpga -file C:/Travail/s4InfoAtelier4/project/_ide/bitstream/atelier4_wrapper.bit
targets -set -nocase -filter {name =~"APU*"}
loadhw -hw C:/Travail/s4InfoAtelier4/atelier4_wrapper/export/atelier4_wrapper/hw/atelier4_wrapper.xsa -mem-ranges [list {0x40000000 0xbfffffff}] -regs
configparams force-mem-access 1
targets -set -nocase -filter {name =~"APU*"}
source C:/Travail/s4InfoAtelier4/project/_ide/psinit/ps7_init.tcl
ps7_init
ps7_post_config
targets -set -nocase -filter {name =~ "*A9*#0"}
dow C:/Travail/s4InfoAtelier4/project/Debug/project.elf
configparams force-mem-access 0
----------------End of Script----------------

17:48:18 INFO  : Context for processor 'ps7_cortexa9_0' is selected.
17:48:18 INFO  : 'con' command is executed.
17:48:18 INFO  : ----------------XSDB Script (After Launch)----------------
targets -set -nocase -filter {name =~ "*A9*#0"}
con
----------------End of Script----------------

17:48:18 INFO  : Launch script is exported to file 'C:\Travail\s4InfoAtelier4\project_system\_ide\scripts\debugger_project-default.tcl'
21:16:57 INFO  : Disconnected from the channel tcfchan#13.
15:04:23 INFO  : Launching XSCT server: xsct.bat -n  -interactive C:\Travail\s4InfoAtelier4\temp_xsdb_launch_script.tcl
15:04:26 INFO  : XSCT server has started successfully.
15:04:26 INFO  : Successfully done setting XSCT server connection channel  
15:04:26 INFO  : plnx-install-location is set to ''
15:04:26 INFO  : Successfully done setting workspace for the tool. 
15:04:30 INFO  : Platform repository initialization has completed.
15:04:30 INFO  : Registering command handlers for Vitis TCF services
15:04:30 INFO  : Successfully done query RDI_DATADIR 
15:04:54 INFO  : Hardware specification for platform project 'atelier4_wrapper' is updated.
15:05:55 INFO  : Result from executing command 'getProjects': atelier4_wrapper
15:05:55 INFO  : Result from executing command 'getPlatforms': atelier4_wrapper|C:/Travail/s4InfoAtelier4/atelier4_wrapper/export/atelier4_wrapper/atelier4_wrapper.xpfm
15:05:55 INFO  : Checking for BSP changes to sync application flags for project 'project'...
15:06:49 INFO  : Connected to target on host '127.0.0.1' and port '3121'.
15:06:49 INFO  : 'targets -set -filter {jtag_cable_name =~ "Digilent Zybo Z7 210351AF2428A" && level==0 && jtag_device_ctx=="jsn-Zybo Z7-210351AF2428A-13722093-0"}' command is executed.
15:06:51 INFO  : Device configured successfully with "C:/Travail/s4InfoAtelier4/s4InfoAtelier4.runs/impl_1/atelier4_wrapper.bit"
15:07:06 INFO  : The hardware specfication used by project 'project' is out of sync with the platform. Resource files extracted from the hardware specfiication will be updated.
15:07:06 INFO  : The file 'C:\Travail\s4InfoAtelier4\project\_ide\bitstream\atelier4_wrapper.bit' stored in project is removed.
15:07:06 INFO  : The updated bitstream files are copied from platform to folder 'C:\Travail\s4InfoAtelier4\project\_ide\bitstream' in project 'project'.
15:07:06 INFO  : The file 'C:\Travail\s4InfoAtelier4\project\_ide\psinit\ps7_init.tcl' stored in project is removed.
15:07:11 INFO  : The updated ps init files are copied from platform to folder 'C:\Travail\s4InfoAtelier4\project\_ide\psinit' in project 'project'.
15:07:11 INFO  : Connected to target on host '127.0.0.1' and port '3121'.
15:07:11 INFO  : Jtag cable 'Digilent Zybo Z7 210351AF2428A' is selected.
15:07:11 INFO  : 'jtag frequency' command is executed.
15:07:11 INFO  : Context for 'APU' is selected.
15:07:11 INFO  : System reset is completed.
15:07:14 INFO  : 'after 3000' command is executed.
15:07:14 INFO  : 'targets -set -filter {jtag_cable_name =~ "Digilent Zybo Z7 210351AF2428A" && level==0 && jtag_device_ctx=="jsn-Zybo Z7-210351AF2428A-13722093-0"}' command is executed.
15:07:16 INFO  : Device configured successfully with "C:/Travail/s4InfoAtelier4/project/_ide/bitstream/atelier4_wrapper.bit"
15:07:16 INFO  : Context for 'APU' is selected.
15:07:16 INFO  : Hardware design and registers information is loaded from 'C:/Travail/s4InfoAtelier4/atelier4_wrapper/export/atelier4_wrapper/hw/atelier4_wrapper.xsa'.
15:07:16 INFO  : 'configparams force-mem-access 1' command is executed.
15:07:16 INFO  : Context for 'APU' is selected.
15:07:16 INFO  : Sourcing of 'C:/Travail/s4InfoAtelier4/project/_ide/psinit/ps7_init.tcl' is done.
15:07:16 INFO  : 'ps7_init' command is executed.
15:07:16 INFO  : 'ps7_post_config' command is executed.
15:07:16 INFO  : Context for processor 'ps7_cortexa9_0' is selected.
15:07:16 INFO  : The application 'C:/Travail/s4InfoAtelier4/project/Debug/project.elf' is downloaded to processor 'ps7_cortexa9_0'.
15:07:16 INFO  : 'configparams force-mem-access 0' command is executed.
15:07:16 INFO  : ----------------XSDB Script----------------
connect -url tcp:127.0.0.1:3121
targets -set -nocase -filter {name =~"APU*"}
rst -system
after 3000
targets -set -filter {jtag_cable_name =~ "Digilent Zybo Z7 210351AF2428A" && level==0 && jtag_device_ctx=="jsn-Zybo Z7-210351AF2428A-13722093-0"}
fpga -file C:/Travail/s4InfoAtelier4/project/_ide/bitstream/atelier4_wrapper.bit
targets -set -nocase -filter {name =~"APU*"}
loadhw -hw C:/Travail/s4InfoAtelier4/atelier4_wrapper/export/atelier4_wrapper/hw/atelier4_wrapper.xsa -mem-ranges [list {0x40000000 0xbfffffff}] -regs
configparams force-mem-access 1
targets -set -nocase -filter {name =~"APU*"}
source C:/Travail/s4InfoAtelier4/project/_ide/psinit/ps7_init.tcl
ps7_init
ps7_post_config
targets -set -nocase -filter {name =~ "*A9*#0"}
dow C:/Travail/s4InfoAtelier4/project/Debug/project.elf
configparams force-mem-access 0
----------------End of Script----------------

15:07:17 INFO  : Context for processor 'ps7_cortexa9_0' is selected.
15:07:17 INFO  : 'con' command is executed.
15:07:17 INFO  : ----------------XSDB Script (After Launch)----------------
targets -set -nocase -filter {name =~ "*A9*#0"}
con
----------------End of Script----------------

15:07:17 INFO  : Launch script is exported to file 'C:\Travail\s4InfoAtelier4\project_system\_ide\scripts\systemdebugger_project_system_standalone.tcl'
21:39:36 INFO  : Disconnected from the channel tcfchan#2.
