#-----------------------------------------------------------
# Vivado v2020.2 (64-bit)
# SW Build 3064766 on Wed Nov 18 09:12:45 MST 2020
# IP Build 3064653 on Wed Nov 18 14:17:31 MST 2020
# Start of session at: Mon Jan 23 14:30:32 2023
# Process ID: 50456
# Current directory: C:/Travail/s4InfoAtelier4
# Command line: vivado.exe -gui_launcher_event rodinguilauncherevent65468 C:\Travail\s4InfoAtelier4\s4InfoAtelier4.xpr
# Log file: C:/Travail/s4InfoAtelier4/vivado.log
# Journal file: C:/Travail/s4InfoAtelier4\vivado.jou
#-----------------------------------------------------------
start_gui
open_project C:/Travail/s4InfoAtelier4/s4InfoAtelier4.xpr
INFO: [Project 1-313] Project file moved from 'C:/Users/Julien/Documents/vivado/s4InfoAtelier4/.Xil/Vivado-10540-DESKTOP-7O8NHLB/PrjAr/_X_' since last save.
Scanning sources...
Finished scanning sources
INFO: [IP_Flow 19-234] Refreshing IP repositories
INFO: [IP_Flow 19-1700] Loaded user IP repository 'c:/Travail/s4InfoAtelier4/s4InfoAtelier4.ipdefs/mycolorRegister_1.0'.
INFO: [IP_Flow 19-1700] Loaded user IP repository 'c:/Travail/s4InfoAtelier4/s4InfoAtelier4.ipdefs/pixelDataToVideoStream_1.0'.
INFO: [IP_Flow 19-1700] Loaded user IP repository 'c:/Travail/s4InfoAtelier4/s4InfoAtelier4.ipdefs/rgb2dvi'.
INFO: [IP_Flow 19-1700] Loaded user IP repository 'c:/Travail/s4InfoAtelier4/s4InfoAtelier4.ipdefs/tmds_v1_0'.
INFO: [IP_Flow 19-2313] Loaded Vivado IP repository 'C:/Xilinx/Vivado/2020.2/data/ip'.
WARNING: [IP_Flow 19-3664] IP 'atelier4_axi_vdma_0_0' generated file not found 'c:/Travail/s4InfoAtelier4/s4InfoAtelier4.gen/sources_1/bd/atelier4/ip/atelier4_axi_vdma_0_0/atelier4_axi_vdma_0_0.dcp'. Please regenerate to continue.
WARNING: [IP_Flow 19-3664] IP 'atelier4_axi_vdma_0_0' generated file not found 'c:/Travail/s4InfoAtelier4/s4InfoAtelier4.gen/sources_1/bd/atelier4/ip/atelier4_axi_vdma_0_0/atelier4_axi_vdma_0_0_stub.v'. Please regenerate to continue.
WARNING: [IP_Flow 19-3664] IP 'atelier4_axi_vdma_0_0' generated file not found 'c:/Travail/s4InfoAtelier4/s4InfoAtelier4.gen/sources_1/bd/atelier4/ip/atelier4_axi_vdma_0_0/atelier4_axi_vdma_0_0_stub.vhdl'. Please regenerate to continue.
WARNING: [IP_Flow 19-3664] IP 'atelier4_axi_vdma_0_0' generated file not found 'c:/Travail/s4InfoAtelier4/s4InfoAtelier4.gen/sources_1/bd/atelier4/ip/atelier4_axi_vdma_0_0/atelier4_axi_vdma_0_0_sim_netlist.v'. Please regenerate to continue.
WARNING: [IP_Flow 19-3664] IP 'atelier4_axi_vdma_0_0' generated file not found 'c:/Travail/s4InfoAtelier4/s4InfoAtelier4.gen/sources_1/bd/atelier4/ip/atelier4_axi_vdma_0_0/atelier4_axi_vdma_0_0_sim_netlist.vhdl'. Please regenerate to continue.
WARNING: [IP_Flow 19-3664] IP 'atelier4_smartconnect_0_1' generated file not found 'c:/Travail/s4InfoAtelier4/s4InfoAtelier4.gen/sources_1/bd/atelier4/ip/atelier4_smartconnect_0_1/atelier4_smartconnect_0_1.dcp'. Please regenerate to continue.
WARNING: [IP_Flow 19-3664] IP 'atelier4_smartconnect_0_1' generated file not found 'c:/Travail/s4InfoAtelier4/s4InfoAtelier4.gen/sources_1/bd/atelier4/ip/atelier4_smartconnect_0_1/atelier4_smartconnect_0_1_stub.v'. Please regenerate to continue.
WARNING: [IP_Flow 19-3664] IP 'atelier4_smartconnect_0_1' generated file not found 'c:/Travail/s4InfoAtelier4/s4InfoAtelier4.gen/sources_1/bd/atelier4/ip/atelier4_smartconnect_0_1/atelier4_smartconnect_0_1_stub.vhdl'. Please regenerate to continue.
WARNING: [IP_Flow 19-3664] IP 'atelier4_smartconnect_0_1' generated file not found 'c:/Travail/s4InfoAtelier4/s4InfoAtelier4.gen/sources_1/bd/atelier4/ip/atelier4_smartconnect_0_1/atelier4_smartconnect_0_1_sim_netlist.v'. Please regenerate to continue.
WARNING: [IP_Flow 19-3664] IP 'atelier4_smartconnect_0_1' generated file not found 'c:/Travail/s4InfoAtelier4/s4InfoAtelier4.gen/sources_1/bd/atelier4/ip/atelier4_smartconnect_0_1/atelier4_smartconnect_0_1_sim_netlist.vhdl'. Please regenerate to continue.
WARNING: [IP_Flow 19-3664] IP 'atelier4_testPatternGen2_0_0' generated file not found 'c:/Travail/s4InfoAtelier4/s4InfoAtelier4.gen/sources_1/bd/atelier4/ip/atelier4_testPatternGen2_0_0/atelier4_testPatternGen2_0_0.dcp'. Please regenerate to continue.
WARNING: [IP_Flow 19-3664] IP 'atelier4_testPatternGen2_0_0' generated file not found 'c:/Travail/s4InfoAtelier4/s4InfoAtelier4.gen/sources_1/bd/atelier4/ip/atelier4_testPatternGen2_0_0/atelier4_testPatternGen2_0_0_stub.v'. Please regenerate to continue.
WARNING: [IP_Flow 19-3664] IP 'atelier4_testPatternGen2_0_0' generated file not found 'c:/Travail/s4InfoAtelier4/s4InfoAtelier4.gen/sources_1/bd/atelier4/ip/atelier4_testPatternGen2_0_0/atelier4_testPatternGen2_0_0_stub.vhdl'. Please regenerate to continue.
WARNING: [IP_Flow 19-3664] IP 'atelier4_testPatternGen2_0_0' generated file not found 'c:/Travail/s4InfoAtelier4/s4InfoAtelier4.gen/sources_1/bd/atelier4/ip/atelier4_testPatternGen2_0_0/atelier4_testPatternGen2_0_0_sim_netlist.v'. Please regenerate to continue.
WARNING: [IP_Flow 19-3664] IP 'atelier4_testPatternGen2_0_0' generated file not found 'c:/Travail/s4InfoAtelier4/s4InfoAtelier4.gen/sources_1/bd/atelier4/ip/atelier4_testPatternGen2_0_0/atelier4_testPatternGen2_0_0_sim_netlist.vhdl'. Please regenerate to continue.
open_project: Time (s): cpu = 00:00:17 ; elapsed = 00:00:17 . Memory (MB): peak = 1125.738 ; gain = 0.000
update_compile_order -fileset sources_1
launch_runs impl_1 -to_step write_bitstream -jobs 8
INFO: [IP_Flow 19-7066] Running IP cache check for IP atelier4_axi_vdma_0_0
INFO: [IP_Flow 19-7066] Running IP cache check for IP atelier4_smartconnect_0_1
INFO: [IP_Flow 19-7066] Running IP cache check for IP bd_0837_smartconnect_0_0
[Mon Jan 23 14:34:56 2023] Launched atelier4_axi_vdma_0_0_synth_1, atelier4_processing_system7_0_0_synth_1, atelier4_smartconnect_0_0_synth_1, atelier4_testPatternGen2_0_0_synth_1, bd_0837_smartconnect_0_0_synth_1, atelier4_smartconnect_0_1_synth_1, synth_1...
Run output will be captured here:
atelier4_axi_vdma_0_0_synth_1: C:/Travail/s4InfoAtelier4/s4InfoAtelier4.runs/atelier4_axi_vdma_0_0_synth_1/runme.log
atelier4_processing_system7_0_0_synth_1: C:/Travail/s4InfoAtelier4/s4InfoAtelier4.runs/atelier4_processing_system7_0_0_synth_1/runme.log
atelier4_smartconnect_0_0_synth_1: C:/Travail/s4InfoAtelier4/s4InfoAtelier4.runs/atelier4_smartconnect_0_0_synth_1/runme.log
atelier4_testPatternGen2_0_0_synth_1: C:/Travail/s4InfoAtelier4/s4InfoAtelier4.runs/atelier4_testPatternGen2_0_0_synth_1/runme.log
bd_0837_smartconnect_0_0_synth_1: C:/Travail/s4InfoAtelier4/s4InfoAtelier4.runs/bd_0837_smartconnect_0_0_synth_1/runme.log
atelier4_smartconnect_0_1_synth_1: C:/Travail/s4InfoAtelier4/s4InfoAtelier4.runs/atelier4_smartconnect_0_1_synth_1/runme.log
synth_1: C:/Travail/s4InfoAtelier4/s4InfoAtelier4.runs/synth_1/runme.log
[Mon Jan 23 14:34:57 2023] Launched impl_1...
Run output will be captured here: C:/Travail/s4InfoAtelier4/s4InfoAtelier4.runs/impl_1/runme.log
WARNING: [IP_Flow 19-4318] IP-XACT file does not exist: c:/Travail/s4InfoAtelier4/s4InfoAtelier4.srcs/sources_1/bd/atelier4/ip/atelier4_axi_vdma_0_0/atelier4_axi_vdma_0_0.xml. It will be created.
WARNING: [IP_Flow 19-4318] IP-XACT file does not exist: c:/Travail/s4InfoAtelier4/s4InfoAtelier4.srcs/sources_1/bd/atelier4/ip/atelier4_clk_wiz_0_0/atelier4_clk_wiz_0_0.xml. It will be created.
WARNING: [IP_Flow 19-4318] IP-XACT file does not exist: c:/Travail/s4InfoAtelier4/s4InfoAtelier4.srcs/sources_1/bd/atelier4/ip/atelier4_mycolorRegister_0_0/atelier4_mycolorRegister_0_0.xml. It will be created.
WARNING: [IP_Flow 19-4318] IP-XACT file does not exist: c:/Travail/s4InfoAtelier4/s4InfoAtelier4.srcs/sources_1/bd/atelier4/ip/atelier4_pixelDataToVideoStre_0_3/atelier4_pixelDataToVideoStre_0_3.xml. It will be created.
WARNING: [IP_Flow 19-4318] IP-XACT file does not exist: c:/Travail/s4InfoAtelier4/s4InfoAtelier4.srcs/sources_1/bd/atelier4/ip/atelier4_proc_sys_reset_0_0/atelier4_proc_sys_reset_0_0.xml. It will be created.
WARNING: [IP_Flow 19-4318] IP-XACT file does not exist: c:/Travail/s4InfoAtelier4/s4InfoAtelier4.srcs/sources_1/bd/atelier4/ip/atelier4_processing_system7_0_0/atelier4_processing_system7_0_0.xml. It will be created.
WARNING: [IP_Flow 19-4318] IP-XACT file does not exist: c:/Travail/s4InfoAtelier4/s4InfoAtelier4.srcs/sources_1/bd/atelier4/ip/atelier4_rgb2dvi_0_0/atelier4_rgb2dvi_0_0.xml. It will be created.
WARNING: [IP_Flow 19-4318] IP-XACT file does not exist: c:/Travail/s4InfoAtelier4/s4InfoAtelier4.srcs/sources_1/bd/atelier4/ip/atelier4_smartconnect_0_0/atelier4_smartconnect_0_0.xml. It will be created.
WARNING: [IP_Flow 19-4318] IP-XACT file does not exist: c:/Travail/s4InfoAtelier4/s4InfoAtelier4.srcs/sources_1/bd/atelier4/ip/atelier4_smartconnect_0_1/atelier4_smartconnect_0_1.xml. It will be created.
WARNING: [IP_Flow 19-4318] IP-XACT file does not exist: c:/Travail/s4InfoAtelier4/s4InfoAtelier4.srcs/sources_1/bd/atelier4/ip/atelier4_testPatternGen2_0_0/atelier4_testPatternGen2_0_0.xml. It will be created.
WARNING: [IP_Flow 19-4318] IP-XACT file does not exist: c:/Travail/s4InfoAtelier4/s4InfoAtelier4.srcs/sources_1/bd/atelier4/ip/atelier4_v_axi4s_vid_out_0_0/atelier4_v_axi4s_vid_out_0_0.xml. It will be created.
WARNING: [IP_Flow 19-4318] IP-XACT file does not exist: c:/Travail/s4InfoAtelier4/s4InfoAtelier4.srcs/sources_1/bd/atelier4/ip/atelier4_v_proc_ss_0_0/atelier4_v_proc_ss_0_0.xml. It will be created.
WARNING: [IP_Flow 19-4318] IP-XACT file does not exist: c:/Travail/s4InfoAtelier4/s4InfoAtelier4.srcs/sources_1/bd/atelier4/ip/atelier4_v_tc_0_0/atelier4_v_tc_0_0.xml. It will be created.
write_hw_platform -fixed -include_bit -force -file C:/Travail/s4InfoAtelier4/atelier4_wrapper.xsa
INFO: [Vivado 12-4895] Creating Hardware Platform: C:/Travail/s4InfoAtelier4/atelier4_wrapper.xsa ...
INFO: [Hsi 55-2053] elapsed time for repository (C:/Xilinx/Vivado/2020.2/data\embeddedsw) loading 0 seconds
WARNING: [Project 1-645] Board images not set in Hardware Platform.
INFO: [Vivado 12-12467] The Hardware Platform can be used for Hardware
INFO: [Vivado 12-4896] Successfully created Hardware Platform: C:/Travail/s4InfoAtelier4/atelier4_wrapper.xsa
INFO: [Vivado 12-8231] Launching Vitis
INFO: [Vivado 12-417] Running vitis
INFO: [Vivado 12-8232] Vitis launch initiated. Please check console for any further messages.
INFO: [Vivado 12-8231] Launching Vitis
INFO: [Vivado 12-417] Running vitis
INFO: [Vivado 12-8232] Vitis launch initiated. Please check console for any further messages.
open_bd_design {C:/Travail/s4InfoAtelier4/s4InfoAtelier4.srcs/sources_1/bd/atelier4/atelier4.bd}
Reading block design file <C:/Travail/s4InfoAtelier4/s4InfoAtelier4.srcs/sources_1/bd/atelier4/atelier4.bd>...
Adding component instance block -- xilinx.com:ip:axi_vdma:6.3 - axi_vdma_0
Adding component instance block -- xilinx.com:ip:clk_wiz:6.0 - clk_wiz_0
Adding component instance block -- grams:gramslib:mycolorRegister:1.0 - mycolorRegister_0
Adding component instance block -- grams:gramslib:pixelDataToVideoStream:1.0 - pixelDataToVideoStre_0
Adding component instance block -- xilinx.com:ip:proc_sys_reset:5.0 - proc_sys_reset_0
Adding component instance block -- xilinx.com:ip:processing_system7:5.5 - processing_system7_0
Adding component instance block -- digilentinc.com:ip:rgb2dvi:1.4 - rgb2dvi_0
Adding component instance block -- xilinx.com:ip:smartconnect:1.0 - smartconnect_0
Adding component instance block -- xilinx.com:ip:smartconnect:1.0 - smartconnect_1
Adding component instance block -- xilinx.com:module_ref:testPatternGen2:1.0 - testPatternGen2_0
Adding component instance block -- xilinx.com:ip:v_axi4s_vid_out:4.0 - v_axi4s_vid_out_0
Adding component instance block -- xilinx.com:ip:v_proc_ss:2.3 - v_proc_ss_0
Adding component instance block -- xilinx.com:ip:v_tc:6.2 - v_tc_0
Successfully read diagram <atelier4> from block design file <C:/Travail/s4InfoAtelier4/s4InfoAtelier4.srcs/sources_1/bd/atelier4/atelier4.bd>
open_bd_design: Time (s): cpu = 00:00:08 ; elapsed = 00:00:08 . Memory (MB): peak = 1372.965 ; gain = 9.465
startgroup
set_property -dict [list CONFIG.C_VID_HEIGHT {360} CONFIG.C_VID_WIDTH {640}] [get_bd_cells pixelDataToVideoStre_0]
endgroup
ipx::edit_ip_in_project -upgrade true -name pixelDataToVideoStream_v1_0_project -directory C:/Travail/s4InfoAtelier4/s4InfoAtelier4.tmp/pixelDataToVideoStream_v1_0_project c:/Travail/s4InfoAtelier4/s4InfoAtelier4.ipdefs/pixelDataToVideoStream_1.0/component.xml
INFO: [IP_Flow 19-234] Refreshing IP repositories
INFO: [IP_Flow 19-1704] No user IP repositories specified
INFO: [IP_Flow 19-2313] Loaded Vivado IP repository 'C:/Xilinx/Vivado/2020.2/data/ip'.
INFO: [IP_Flow 19-234] Refreshing IP repositories
INFO: [IP_Flow 19-1700] Loaded user IP repository 'c:/Travail/s4InfoAtelier4/s4InfoAtelier4.ipdefs/mycolorRegister_1.0'.
INFO: [IP_Flow 19-1700] Loaded user IP repository 'c:/Travail/s4InfoAtelier4/s4InfoAtelier4.ipdefs/pixelDataToVideoStream_1.0'.
INFO: [IP_Flow 19-1700] Loaded user IP repository 'c:/Travail/s4InfoAtelier4/s4InfoAtelier4.ipdefs/rgb2dvi'.
INFO: [IP_Flow 19-1700] Loaded user IP repository 'c:/Travail/s4InfoAtelier4/s4InfoAtelier4.ipdefs/tmds_v1_0'.
INFO: [IP_Flow 19-795] Syncing license key meta-data
ipx::edit_ip_in_project: Time (s): cpu = 00:00:09 ; elapsed = 00:00:06 . Memory (MB): peak = 1457.996 ; gain = 0.000
current_project s4InfoAtelier4
current_project pixelDataToVideoStream_v1_0_project
update_compile_order -fileset sources_1
ipx::merge_project_changes hdl_parameters [ipx::current_core]
WARNING: [IP_Flow 19-5226] Project source file 'c:/Travail/s4InfoAtelier4/s4InfoAtelier4.ipdefs/pixelDataToVideoStream_1.0/component.xml' ignored by IP packager.
WARNING: [IP_Flow 19-4300] HDL parameter 'C_VID_HEIGHT' has its value changed from '224' to '360'.
WARNING: [IP_Flow 19-4300] HDL parameter 'C_VID_WIDTH' has its value changed from '256' to '640'.
INFO: [IP_Flow 19-3166] Bus Interface 'S00_AXI': References existing memory map 'S00_AXI'.
set_property core_revision 24 [ipx::current_core]
ipx::update_source_project_archive -component [ipx::current_core]
ipx::create_xgui_files [ipx::current_core]
ipx::update_checksums [ipx::current_core]
ipx::check_integrity [ipx::current_core]
INFO: [IP_Flow 19-2181] Payment Required is not set for this core.
INFO: [IP_Flow 19-2187] The Product Guide file is missing.
INFO: [Ipptcl 7-1486] check_integrity: Integrity check passed.
ipx::save_core [ipx::current_core]
ipx::move_temp_component_back -component [ipx::current_core]
close_project -delete
update_ip_catalog -rebuild -repo_path c:/Travail/s4InfoAtelier4/s4InfoAtelier4.ipdefs/pixelDataToVideoStream_1.0
INFO: [IP_Flow 19-725] Reloaded user IP repository 'c:/Travail/s4InfoAtelier4/s4InfoAtelier4.ipdefs/pixelDataToVideoStream_1.0'
report_ip_status -name ip_status 
upgrade_ip -vlnv grams:gramslib:pixelDataToVideoStream:1.0 [get_ips  atelier4_pixelDataToVideoStre_0_3] -log ip_upgrade.log
Upgrading 'C:/Travail/s4InfoAtelier4/s4InfoAtelier4.srcs/sources_1/bd/atelier4/atelier4.bd'
INFO: [IP_Flow 19-3422] Upgraded atelier4_pixelDataToVideoStre_0_3 (pixelDataToVideoStream_v1.0 1.0) from revision 23 to revision 24
Wrote  : <C:\Travail\s4InfoAtelier4\s4InfoAtelier4.srcs\sources_1\bd\atelier4\atelier4.bd> 
Wrote  : <C:/Travail/s4InfoAtelier4/s4InfoAtelier4.srcs/sources_1/bd/atelier4/ui/bd_3fe9f658.ui> 
INFO: [Coretcl 2-1525] Wrote upgrade log to 'C:/Travail/s4InfoAtelier4/ip_upgrade.log'.
export_ip_user_files -of_objects [get_ips atelier4_pixelDataToVideoStre_0_3] -no_script -sync -force -quiet
generate_target all [get_files  C:/Travail/s4InfoAtelier4/s4InfoAtelier4.srcs/sources_1/bd/atelier4/atelier4.bd]
INFO: [Ipptcl 7-1463] No Compatible Board Interface found. Board Tab not created in customize GUI
INFO: [Ipptcl 7-1463] No Compatible Board Interface found. Board Tab not created in customize GUI
INFO: [Ipptcl 7-1463] No Compatible Board Interface found. Board Tab not created in customize GUI
INFO: [Ipptcl 7-1463] No Compatible Board Interface found. Board Tab not created in customize GUI
WARNING: [xilinx.com:ip:smartconnect:1.0-1] atelier4_smartconnect_0_0: IP atelier4_smartconnect_0_0 is configured in Low area mode as all propagated traffic is low-bandwidth (AXI4LITE). One of the SIs has property HAS_BURST == 1. This will be ignored. If wrap transactions are required then turn off Low area mode using ADVANCED_PROPERTIES. Execute following: set_property CONFIG.ADVANCED_PROPERTIES {__experimental_features__ {disable_low_area_mode 1}} [get_bd_cells /atelier4_smartconnect_0_0]
INFO: [Ipptcl 7-1463] No Compatible Board Interface found. Board Tab not created in customize GUI
INFO: [Ipptcl 7-1463] No Compatible Board Interface found. Board Tab not created in customize GUI
INFO: [Ipptcl 7-1463] No Compatible Board Interface found. Board Tab not created in customize GUI
INFO: [xilinx.com:ip:clk_wiz:6.0-1] /clk_wiz_0 clk_wiz propagate
WARNING: [BD 41-927] Following properties on pin /rgb2dvi_0/PixelClk have been updated from connected ip, but BD cell '/rgb2dvi_0' does not accept parameter changes, so they may not be synchronized with cell properties:
	PHASE = 0.0 
Please resolve any mismatches by directly setting properties on BD cell </rgb2dvi_0> to completely resolve these warnings.
Wrote  : <C:\Travail\s4InfoAtelier4\s4InfoAtelier4.srcs\sources_1\bd\atelier4\atelier4.bd> 
VHDL Output written to : c:/Travail/s4InfoAtelier4/s4InfoAtelier4.gen/sources_1/bd/atelier4/synth/atelier4.vhd
VHDL Output written to : c:/Travail/s4InfoAtelier4/s4InfoAtelier4.gen/sources_1/bd/atelier4/sim/atelier4.vhd
VHDL Output written to : c:/Travail/s4InfoAtelier4/s4InfoAtelier4.gen/sources_1/bd/atelier4/hdl/atelier4_wrapper.vhd
INFO: [BD 41-1029] Generation completed for the IP Integrator block pixelDataToVideoStre_0 .
WARNING: [BD 41-2384] Width mismatch when connecting pin: '/s00_nodes/s00_ar_node/s_sc_payld'(151) to pin: '/s00_nodes/S_SC_AR_payld'(147) - Only lower order bits will be connected.
WARNING: [BD 41-2384] Width mismatch when connecting pin: '/s00_nodes/s00_aw_node/s_sc_payld'(151) to pin: '/s00_nodes/S_SC_AW_payld'(147) - Only lower order bits will be connected.
WARNING: [BD 41-2384] Width mismatch when connecting pin: '/m00_nodes/m00_r_node/s_sc_payld'(57) to pin: '/m00_nodes/S_SC_R_payld'(55) - Only lower order bits will be connected.
WARNING: [BD 41-2384] Width mismatch when connecting pin: '/m00_nodes/m00_b_node/s_sc_payld'(11) to pin: '/m00_nodes/S_SC_B_payld'(9) - Only lower order bits will be connected.
WARNING: [BD 41-2384] Width mismatch when connecting pin: '/m01_nodes/m01_r_node/s_sc_payld'(57) to pin: '/m01_nodes/S_SC_R_payld'(55) - Only lower order bits will be connected.
WARNING: [BD 41-2384] Width mismatch when connecting pin: '/m01_nodes/m01_b_node/s_sc_payld'(11) to pin: '/m01_nodes/S_SC_B_payld'(9) - Only lower order bits will be connected.
WARNING: [BD 41-2384] Width mismatch when connecting pin: '/m02_nodes/m02_r_node/s_sc_payld'(57) to pin: '/m02_nodes/S_SC_R_payld'(55) - Only lower order bits will be connected.
WARNING: [BD 41-2384] Width mismatch when connecting pin: '/m02_nodes/m02_b_node/s_sc_payld'(11) to pin: '/m02_nodes/S_SC_B_payld'(9) - Only lower order bits will be connected.
WARNING: [BD 41-2384] Width mismatch when connecting pin: '/m03_nodes/m03_r_node/s_sc_payld'(57) to pin: '/m03_nodes/S_SC_R_payld'(55) - Only lower order bits will be connected.
WARNING: [BD 41-2384] Width mismatch when connecting pin: '/m03_nodes/m03_b_node/s_sc_payld'(11) to pin: '/m03_nodes/S_SC_B_payld'(9) - Only lower order bits will be connected.
WARNING: [BD 41-2384] Width mismatch when connecting pin: '/s00_axi2sc/s_sc_r_payld'(55) to pin: '/s00_nodes/M_SC_R_payld'(57) - Only lower order bits will be connected.
WARNING: [BD 41-2384] Width mismatch when connecting pin: '/s00_axi2sc/s_sc_b_payld'(9) to pin: '/s00_nodes/M_SC_B_payld'(11) - Only lower order bits will be connected.
WARNING: [BD 41-2384] Width mismatch when connecting pin: '/m00_sc2axi/s_sc_ar_payld'(147) to pin: '/m00_nodes/M_SC_AR_payld'(151) - Only lower order bits will be connected.
WARNING: [BD 41-2384] Width mismatch when connecting pin: '/m00_sc2axi/s_sc_aw_payld'(147) to pin: '/m00_nodes/M_SC_AW_payld'(151) - Only lower order bits will be connected.
WARNING: [BD 41-2384] Width mismatch when connecting pin: '/m01_sc2axi/s_sc_ar_payld'(147) to pin: '/m01_nodes/M_SC_AR_payld'(151) - Only lower order bits will be connected.
WARNING: [BD 41-2384] Width mismatch when connecting pin: '/m01_sc2axi/s_sc_aw_payld'(147) to pin: '/m01_nodes/M_SC_AW_payld'(151) - Only lower order bits will be connected.
WARNING: [BD 41-2384] Width mismatch when connecting pin: '/m02_sc2axi/s_sc_ar_payld'(147) to pin: '/m02_nodes/M_SC_AR_payld'(151) - Only lower order bits will be connected.
WARNING: [BD 41-2384] Width mismatch when connecting pin: '/m02_sc2axi/s_sc_aw_payld'(147) to pin: '/m02_nodes/M_SC_AW_payld'(151) - Only lower order bits will be connected.
WARNING: [BD 41-2384] Width mismatch when connecting pin: '/m03_sc2axi/s_sc_ar_payld'(147) to pin: '/m03_nodes/M_SC_AR_payld'(151) - Only lower order bits will be connected.
WARNING: [BD 41-2384] Width mismatch when connecting pin: '/m03_sc2axi/s_sc_aw_payld'(147) to pin: '/m03_nodes/M_SC_AW_payld'(151) - Only lower order bits will be connected.
WARNING: [BD 41-2384] Width mismatch when connecting pin: '/s00_nodes/s00_ar_node/s_sc_payld'(151) to pin: '/s00_nodes/S_SC_AR_payld'(147) - Only lower order bits will be connected.
WARNING: [BD 41-2384] Width mismatch when connecting pin: '/s00_nodes/s00_aw_node/s_sc_payld'(151) to pin: '/s00_nodes/S_SC_AW_payld'(147) - Only lower order bits will be connected.
WARNING: [BD 41-2384] Width mismatch when connecting pin: '/m00_nodes/m00_r_node/s_sc_payld'(57) to pin: '/m00_nodes/S_SC_R_payld'(55) - Only lower order bits will be connected.
WARNING: [BD 41-2384] Width mismatch when connecting pin: '/m00_nodes/m00_b_node/s_sc_payld'(11) to pin: '/m00_nodes/S_SC_B_payld'(9) - Only lower order bits will be connected.
WARNING: [BD 41-2384] Width mismatch when connecting pin: '/m01_nodes/m01_r_node/s_sc_payld'(57) to pin: '/m01_nodes/S_SC_R_payld'(55) - Only lower order bits will be connected.
WARNING: [BD 41-2384] Width mismatch when connecting pin: '/m01_nodes/m01_b_node/s_sc_payld'(11) to pin: '/m01_nodes/S_SC_B_payld'(9) - Only lower order bits will be connected.
WARNING: [BD 41-2384] Width mismatch when connecting pin: '/m02_nodes/m02_r_node/s_sc_payld'(57) to pin: '/m02_nodes/S_SC_R_payld'(55) - Only lower order bits will be connected.
WARNING: [BD 41-2384] Width mismatch when connecting pin: '/m02_nodes/m02_b_node/s_sc_payld'(11) to pin: '/m02_nodes/S_SC_B_payld'(9) - Only lower order bits will be connected.
WARNING: [BD 41-2384] Width mismatch when connecting pin: '/m03_nodes/m03_r_node/s_sc_payld'(57) to pin: '/m03_nodes/S_SC_R_payld'(55) - Only lower order bits will be connected.
WARNING: [BD 41-2384] Width mismatch when connecting pin: '/m03_nodes/m03_b_node/s_sc_payld'(11) to pin: '/m03_nodes/S_SC_B_payld'(9) - Only lower order bits will be connected.
WARNING: [BD 41-2384] Width mismatch when connecting pin: '/s00_axi2sc/s_sc_r_payld'(55) to pin: '/s00_nodes/M_SC_R_payld'(57) - Only lower order bits will be connected.
WARNING: [BD 41-2384] Width mismatch when connecting pin: '/s00_axi2sc/s_sc_b_payld'(9) to pin: '/s00_nodes/M_SC_B_payld'(11) - Only lower order bits will be connected.
WARNING: [BD 41-2384] Width mismatch when connecting pin: '/m00_sc2axi/s_sc_ar_payld'(147) to pin: '/m00_nodes/M_SC_AR_payld'(151) - Only lower order bits will be connected.
WARNING: [BD 41-2384] Width mismatch when connecting pin: '/m00_sc2axi/s_sc_aw_payld'(147) to pin: '/m00_nodes/M_SC_AW_payld'(151) - Only lower order bits will be connected.
WARNING: [BD 41-2384] Width mismatch when connecting pin: '/m01_sc2axi/s_sc_ar_payld'(147) to pin: '/m01_nodes/M_SC_AR_payld'(151) - Only lower order bits will be connected.
WARNING: [BD 41-2384] Width mismatch when connecting pin: '/m01_sc2axi/s_sc_aw_payld'(147) to pin: '/m01_nodes/M_SC_AW_payld'(151) - Only lower order bits will be connected.
WARNING: [BD 41-2384] Width mismatch when connecting pin: '/m02_sc2axi/s_sc_ar_payld'(147) to pin: '/m02_nodes/M_SC_AR_payld'(151) - Only lower order bits will be connected.
WARNING: [BD 41-2384] Width mismatch when connecting pin: '/m02_sc2axi/s_sc_aw_payld'(147) to pin: '/m02_nodes/M_SC_AW_payld'(151) - Only lower order bits will be connected.
WARNING: [BD 41-2384] Width mismatch when connecting pin: '/m03_sc2axi/s_sc_ar_payld'(147) to pin: '/m03_nodes/M_SC_AR_payld'(151) - Only lower order bits will be connected.
WARNING: [BD 41-2384] Width mismatch when connecting pin: '/m03_sc2axi/s_sc_aw_payld'(147) to pin: '/m03_nodes/M_SC_AW_payld'(151) - Only lower order bits will be connected.
Exporting to file c:/Travail/s4InfoAtelier4/s4InfoAtelier4.gen/sources_1/bd/atelier4/ip/atelier4_smartconnect_0_0/bd_0/hw_handoff/atelier4_smartconnect_0_0.hwh
Generated Block Design Tcl file c:/Travail/s4InfoAtelier4/s4InfoAtelier4.gen/sources_1/bd/atelier4/ip/atelier4_smartconnect_0_0/bd_0/hw_handoff/atelier4_smartconnect_0_0_bd.tcl
Generated Hardware Definition File c:/Travail/s4InfoAtelier4/s4InfoAtelier4.gen/sources_1/bd/atelier4/ip/atelier4_smartconnect_0_0/bd_0/synth/atelier4_smartconnect_0_0.hwdef
INFO: [BD 41-1029] Generation completed for the IP Integrator block smartconnect_0 .
Exporting to file c:/Travail/s4InfoAtelier4/s4InfoAtelier4.gen/sources_1/bd/atelier4/ip/atelier4_smartconnect_0_1/bd_0/hw_handoff/atelier4_smartconnect_0_1.hwh
Generated Block Design Tcl file c:/Travail/s4InfoAtelier4/s4InfoAtelier4.gen/sources_1/bd/atelier4/ip/atelier4_smartconnect_0_1/bd_0/hw_handoff/atelier4_smartconnect_0_1_bd.tcl
Generated Hardware Definition File c:/Travail/s4InfoAtelier4/s4InfoAtelier4.gen/sources_1/bd/atelier4/ip/atelier4_smartconnect_0_1/bd_0/synth/atelier4_smartconnect_0_1.hwdef
INFO: [BD 41-1029] Generation completed for the IP Integrator block smartconnect_1 .
Exporting to file c:/Travail/s4InfoAtelier4/s4InfoAtelier4.gen/sources_1/bd/atelier4/ip/atelier4_v_proc_ss_0_0/bd_1/hw_handoff/bd_0837_smartconnect_0_0.hwh
Generated Block Design Tcl file c:/Travail/s4InfoAtelier4/s4InfoAtelier4.gen/sources_1/bd/atelier4/ip/atelier4_v_proc_ss_0_0/bd_1/hw_handoff/bd_0837_smartconnect_0_0_bd.tcl
Generated Hardware Definition File c:/Travail/s4InfoAtelier4/s4InfoAtelier4.gen/sources_1/bd/atelier4/ip/atelier4_v_proc_ss_0_0/bd_1/synth/bd_0837_smartconnect_0_0.hwdef
Exporting to file c:/Travail/s4InfoAtelier4/s4InfoAtelier4.gen/sources_1/bd/atelier4/ip/atelier4_v_proc_ss_0_0/bd_0/hw_handoff/atelier4_v_proc_ss_0_0.hwh
Generated Block Design Tcl file c:/Travail/s4InfoAtelier4/s4InfoAtelier4.gen/sources_1/bd/atelier4/ip/atelier4_v_proc_ss_0_0/bd_0/hw_handoff/atelier4_v_proc_ss_0_0_bd.tcl
Generated Hardware Definition File c:/Travail/s4InfoAtelier4/s4InfoAtelier4.gen/sources_1/bd/atelier4/ip/atelier4_v_proc_ss_0_0/bd_0/synth/atelier4_v_proc_ss_0_0.hwdef
Exporting to file c:/Travail/s4InfoAtelier4/s4InfoAtelier4.gen/sources_1/bd/atelier4/hw_handoff/atelier4.hwh
Generated Block Design Tcl file c:/Travail/s4InfoAtelier4/s4InfoAtelier4.gen/sources_1/bd/atelier4/hw_handoff/atelier4_bd.tcl
Generated Hardware Definition File c:/Travail/s4InfoAtelier4/s4InfoAtelier4.gen/sources_1/bd/atelier4/synth/atelier4.hwdef
generate_target: Time (s): cpu = 00:01:00 ; elapsed = 00:01:11 . Memory (MB): peak = 1861.969 ; gain = 360.195
catch { config_ip_cache -export [get_ips -all atelier4_pixelDataToVideoStre_0_3] }
catch { config_ip_cache -export [get_ips -all atelier4_smartconnect_0_0] }
catch { config_ip_cache -export [get_ips -all atelier4_smartconnect_0_1] }
catch { config_ip_cache -export [get_ips -all bd_0837_smartconnect_0_0] }
export_ip_user_files -of_objects [get_files C:/Travail/s4InfoAtelier4/s4InfoAtelier4.srcs/sources_1/bd/atelier4/atelier4.bd] -no_script -sync -force -quiet
create_ip_run [get_files -of_objects [get_fileset sources_1] C:/Travail/s4InfoAtelier4/s4InfoAtelier4.srcs/sources_1/bd/atelier4/atelier4.bd]
launch_runs atelier4_smartconnect_0_0_synth_1 atelier4_smartconnect_0_1_synth_1 atelier4_pixelDataToVideoStre_0_3_synth_1 -jobs 8
[Mon Jan 23 15:36:12 2023] Launched atelier4_smartconnect_0_0_synth_1, atelier4_smartconnect_0_1_synth_1, atelier4_pixelDataToVideoStre_0_3_synth_1...
Run output will be captured here:
atelier4_smartconnect_0_0_synth_1: C:/Travail/s4InfoAtelier4/s4InfoAtelier4.runs/atelier4_smartconnect_0_0_synth_1/runme.log
atelier4_smartconnect_0_1_synth_1: C:/Travail/s4InfoAtelier4/s4InfoAtelier4.runs/atelier4_smartconnect_0_1_synth_1/runme.log
atelier4_pixelDataToVideoStre_0_3_synth_1: C:/Travail/s4InfoAtelier4/s4InfoAtelier4.runs/atelier4_pixelDataToVideoStre_0_3_synth_1/runme.log
export_simulation -of_objects [get_files C:/Travail/s4InfoAtelier4/s4InfoAtelier4.srcs/sources_1/bd/atelier4/atelier4.bd] -directory C:/Travail/s4InfoAtelier4/s4InfoAtelier4.ip_user_files/sim_scripts -ip_user_files_dir C:/Travail/s4InfoAtelier4/s4InfoAtelier4.ip_user_files -ipstatic_source_dir C:/Travail/s4InfoAtelier4/s4InfoAtelier4.ip_user_files/ipstatic -lib_map_path [list {modelsim=C:/Travail/s4InfoAtelier4/s4InfoAtelier4.cache/compile_simlib/modelsim} {questa=C:/Travail/s4InfoAtelier4/s4InfoAtelier4.cache/compile_simlib/questa} {riviera=C:/Travail/s4InfoAtelier4/s4InfoAtelier4.cache/compile_simlib/riviera} {activehdl=C:/Travail/s4InfoAtelier4/s4InfoAtelier4.cache/compile_simlib/activehdl}] -use_ip_compiled_libs -force -quiet
report_ip_status -name ip_status 
reset_run synth_1
launch_runs impl_1 -to_step write_bitstream -jobs 8
[Mon Jan 23 15:39:21 2023] Launched bd_0837_smartconnect_0_0_synth_1, synth_1...
Run output will be captured here:
bd_0837_smartconnect_0_0_synth_1: C:/Travail/s4InfoAtelier4/s4InfoAtelier4.runs/bd_0837_smartconnect_0_0_synth_1/runme.log
synth_1: C:/Travail/s4InfoAtelier4/s4InfoAtelier4.runs/synth_1/runme.log
[Mon Jan 23 15:39:21 2023] Launched impl_1...
Run output will be captured here: C:/Travail/s4InfoAtelier4/s4InfoAtelier4.runs/impl_1/runme.log
WARNING: [IP_Flow 19-4318] IP-XACT file does not exist: c:/Travail/s4InfoAtelier4/s4InfoAtelier4.srcs/sources_1/bd/atelier4/ip/atelier4_axi_vdma_0_0/atelier4_axi_vdma_0_0.xml. It will be created.
WARNING: [IP_Flow 19-4318] IP-XACT file does not exist: c:/Travail/s4InfoAtelier4/s4InfoAtelier4.srcs/sources_1/bd/atelier4/ip/atelier4_clk_wiz_0_0/atelier4_clk_wiz_0_0.xml. It will be created.
WARNING: [IP_Flow 19-4318] IP-XACT file does not exist: c:/Travail/s4InfoAtelier4/s4InfoAtelier4.srcs/sources_1/bd/atelier4/ip/atelier4_mycolorRegister_0_0/atelier4_mycolorRegister_0_0.xml. It will be created.
WARNING: [IP_Flow 19-4318] IP-XACT file does not exist: c:/Travail/s4InfoAtelier4/s4InfoAtelier4.srcs/sources_1/bd/atelier4/ip/atelier4_pixelDataToVideoStre_0_3/atelier4_pixelDataToVideoStre_0_3.xml. It will be created.
WARNING: [IP_Flow 19-4318] IP-XACT file does not exist: c:/Travail/s4InfoAtelier4/s4InfoAtelier4.srcs/sources_1/bd/atelier4/ip/atelier4_proc_sys_reset_0_0/atelier4_proc_sys_reset_0_0.xml. It will be created.
WARNING: [IP_Flow 19-4318] IP-XACT file does not exist: c:/Travail/s4InfoAtelier4/s4InfoAtelier4.srcs/sources_1/bd/atelier4/ip/atelier4_processing_system7_0_0/atelier4_processing_system7_0_0.xml. It will be created.
WARNING: [IP_Flow 19-4318] IP-XACT file does not exist: c:/Travail/s4InfoAtelier4/s4InfoAtelier4.srcs/sources_1/bd/atelier4/ip/atelier4_rgb2dvi_0_0/atelier4_rgb2dvi_0_0.xml. It will be created.
WARNING: [IP_Flow 19-4318] IP-XACT file does not exist: c:/Travail/s4InfoAtelier4/s4InfoAtelier4.srcs/sources_1/bd/atelier4/ip/atelier4_smartconnect_0_0/atelier4_smartconnect_0_0.xml. It will be created.
WARNING: [IP_Flow 19-4318] IP-XACT file does not exist: c:/Travail/s4InfoAtelier4/s4InfoAtelier4.srcs/sources_1/bd/atelier4/ip/atelier4_smartconnect_0_1/atelier4_smartconnect_0_1.xml. It will be created.
WARNING: [IP_Flow 19-4318] IP-XACT file does not exist: c:/Travail/s4InfoAtelier4/s4InfoAtelier4.srcs/sources_1/bd/atelier4/ip/atelier4_testPatternGen2_0_0/atelier4_testPatternGen2_0_0.xml. It will be created.
WARNING: [IP_Flow 19-4318] IP-XACT file does not exist: c:/Travail/s4InfoAtelier4/s4InfoAtelier4.srcs/sources_1/bd/atelier4/ip/atelier4_v_axi4s_vid_out_0_0/atelier4_v_axi4s_vid_out_0_0.xml. It will be created.
WARNING: [IP_Flow 19-4318] IP-XACT file does not exist: c:/Travail/s4InfoAtelier4/s4InfoAtelier4.srcs/sources_1/bd/atelier4/ip/atelier4_v_proc_ss_0_0/atelier4_v_proc_ss_0_0.xml. It will be created.
WARNING: [IP_Flow 19-4318] IP-XACT file does not exist: c:/Travail/s4InfoAtelier4/s4InfoAtelier4.srcs/sources_1/bd/atelier4/ip/atelier4_v_tc_0_0/atelier4_v_tc_0_0.xml. It will be created.
write_hw_platform -fixed -include_bit -force -file C:/Travail/s4InfoAtelier4/atelier4_wrapper.xsa
INFO: [Vivado 12-4895] Creating Hardware Platform: C:/Travail/s4InfoAtelier4/atelier4_wrapper.xsa ...
WARNING: [Project 1-645] Board images not set in Hardware Platform.
INFO: [Vivado 12-12467] The Hardware Platform can be used for Hardware
INFO: [Vivado 12-4896] Successfully created Hardware Platform: C:/Travail/s4InfoAtelier4/atelier4_wrapper.xsa
startgroup
set_property -dict [list CONFIG.C_SCALER_ALGORITHM {0}] [get_bd_cells v_proc_ss_0]
INFO: [Ipptcl 7-1463] No Compatible Board Interface found. Board Tab not created in customize GUI
WARNING: [BD 41-1306] The connection to interface pin </reset_sel_axis/gpio_io_i> is being overridden by the user with net <net_reset_sel_axis_gpio_io_i>. This pin will not be connected as a part of interface connection <GPIO>.
WARNING: [BD 41-1306] The connection to interface pin </reset_sel_axis/gpio_io_o> is being overridden by the user with net <net_reset_sel_axis_gpio_io_i>. This pin will not be connected as a part of interface connection <GPIO>.
0
true
true
Slave segment '/hsc/s_axi_CTRL/Reg' is being assigned into address space '/s_axi_ctrl' at <0x0000_0000 [ 64K ]>.
Slave segment '/reset_sel_axis/S_AXI/Reg' is being assigned into address space '/s_axi_ctrl' at <0x0001_0000 [ 64K ]>.
Slave segment '/vsc/s_axi_CTRL/Reg' is being assigned into address space '/s_axi_ctrl' at <0x0002_0000 [ 64K ]>.
endgroup
save_bd_design
Wrote  : <C:\Travail\s4InfoAtelier4\s4InfoAtelier4.srcs\sources_1\bd\atelier4\atelier4.bd> 
Wrote  : <C:/Travail/s4InfoAtelier4/s4InfoAtelier4.srcs/sources_1/bd/atelier4/ui/bd_3fe9f658.ui> 
reset_run synth_1
reset_run bd_0837_smartconnect_0_0_synth_1
launch_runs impl_1 -to_step write_bitstream -jobs 8
INFO: [Ipptcl 7-1463] No Compatible Board Interface found. Board Tab not created in customize GUI
INFO: [Ipptcl 7-1463] No Compatible Board Interface found. Board Tab not created in customize GUI
INFO: [Ipptcl 7-1463] No Compatible Board Interface found. Board Tab not created in customize GUI
INFO: [Ipptcl 7-1463] No Compatible Board Interface found. Board Tab not created in customize GUI
WARNING: [xilinx.com:ip:smartconnect:1.0-1] atelier4_smartconnect_0_0: IP atelier4_smartconnect_0_0 is configured in Low area mode as all propagated traffic is low-bandwidth (AXI4LITE). One of the SIs has property HAS_BURST == 1. This will be ignored. If wrap transactions are required then turn off Low area mode using ADVANCED_PROPERTIES. Execute following: set_property CONFIG.ADVANCED_PROPERTIES {__experimental_features__ {disable_low_area_mode 1}} [get_bd_cells /atelier4_smartconnect_0_0]
INFO: [Ipptcl 7-1463] No Compatible Board Interface found. Board Tab not created in customize GUI
INFO: [Ipptcl 7-1463] No Compatible Board Interface found. Board Tab not created in customize GUI
INFO: [Ipptcl 7-1463] No Compatible Board Interface found. Board Tab not created in customize GUI
INFO: [xilinx.com:ip:clk_wiz:6.0-1] /clk_wiz_0 clk_wiz propagate
WARNING: [BD 41-927] Following properties on pin /rgb2dvi_0/PixelClk have been updated from connected ip, but BD cell '/rgb2dvi_0' does not accept parameter changes, so they may not be synchronized with cell properties:
	PHASE = 0.0 
Please resolve any mismatches by directly setting properties on BD cell </rgb2dvi_0> to completely resolve these warnings.
Wrote  : <C:\Travail\s4InfoAtelier4\s4InfoAtelier4.srcs\sources_1\bd\atelier4\atelier4.bd> 
VHDL Output written to : c:/Travail/s4InfoAtelier4/s4InfoAtelier4.gen/sources_1/bd/atelier4/synth/atelier4.vhd
VHDL Output written to : c:/Travail/s4InfoAtelier4/s4InfoAtelier4.gen/sources_1/bd/atelier4/sim/atelier4.vhd
VHDL Output written to : c:/Travail/s4InfoAtelier4/s4InfoAtelier4.gen/sources_1/bd/atelier4/hdl/atelier4_wrapper.vhd
WARNING: [BD 41-2384] Width mismatch when connecting pin: '/s00_nodes/s00_ar_node/s_sc_payld'(151) to pin: '/s00_nodes/S_SC_AR_payld'(147) - Only lower order bits will be connected.
WARNING: [BD 41-2384] Width mismatch when connecting pin: '/s00_nodes/s00_aw_node/s_sc_payld'(151) to pin: '/s00_nodes/S_SC_AW_payld'(147) - Only lower order bits will be connected.
WARNING: [BD 41-2384] Width mismatch when connecting pin: '/m00_nodes/m00_r_node/s_sc_payld'(57) to pin: '/m00_nodes/S_SC_R_payld'(55) - Only lower order bits will be connected.
WARNING: [BD 41-2384] Width mismatch when connecting pin: '/m00_nodes/m00_b_node/s_sc_payld'(11) to pin: '/m00_nodes/S_SC_B_payld'(9) - Only lower order bits will be connected.
WARNING: [BD 41-2384] Width mismatch when connecting pin: '/m01_nodes/m01_r_node/s_sc_payld'(57) to pin: '/m01_nodes/S_SC_R_payld'(55) - Only lower order bits will be connected.
WARNING: [BD 41-2384] Width mismatch when connecting pin: '/m01_nodes/m01_b_node/s_sc_payld'(11) to pin: '/m01_nodes/S_SC_B_payld'(9) - Only lower order bits will be connected.
WARNING: [BD 41-2384] Width mismatch when connecting pin: '/m02_nodes/m02_r_node/s_sc_payld'(57) to pin: '/m02_nodes/S_SC_R_payld'(55) - Only lower order bits will be connected.
WARNING: [BD 41-2384] Width mismatch when connecting pin: '/m02_nodes/m02_b_node/s_sc_payld'(11) to pin: '/m02_nodes/S_SC_B_payld'(9) - Only lower order bits will be connected.
WARNING: [BD 41-2384] Width mismatch when connecting pin: '/m03_nodes/m03_r_node/s_sc_payld'(57) to pin: '/m03_nodes/S_SC_R_payld'(55) - Only lower order bits will be connected.
WARNING: [BD 41-2384] Width mismatch when connecting pin: '/m03_nodes/m03_b_node/s_sc_payld'(11) to pin: '/m03_nodes/S_SC_B_payld'(9) - Only lower order bits will be connected.
WARNING: [BD 41-2384] Width mismatch when connecting pin: '/s00_axi2sc/s_sc_r_payld'(55) to pin: '/s00_nodes/M_SC_R_payld'(57) - Only lower order bits will be connected.
WARNING: [BD 41-2384] Width mismatch when connecting pin: '/s00_axi2sc/s_sc_b_payld'(9) to pin: '/s00_nodes/M_SC_B_payld'(11) - Only lower order bits will be connected.
WARNING: [BD 41-2384] Width mismatch when connecting pin: '/m00_sc2axi/s_sc_ar_payld'(147) to pin: '/m00_nodes/M_SC_AR_payld'(151) - Only lower order bits will be connected.
WARNING: [BD 41-2384] Width mismatch when connecting pin: '/m00_sc2axi/s_sc_aw_payld'(147) to pin: '/m00_nodes/M_SC_AW_payld'(151) - Only lower order bits will be connected.
WARNING: [BD 41-2384] Width mismatch when connecting pin: '/m01_sc2axi/s_sc_ar_payld'(147) to pin: '/m01_nodes/M_SC_AR_payld'(151) - Only lower order bits will be connected.
WARNING: [BD 41-2384] Width mismatch when connecting pin: '/m01_sc2axi/s_sc_aw_payld'(147) to pin: '/m01_nodes/M_SC_AW_payld'(151) - Only lower order bits will be connected.
WARNING: [BD 41-2384] Width mismatch when connecting pin: '/m02_sc2axi/s_sc_ar_payld'(147) to pin: '/m02_nodes/M_SC_AR_payld'(151) - Only lower order bits will be connected.
WARNING: [BD 41-2384] Width mismatch when connecting pin: '/m02_sc2axi/s_sc_aw_payld'(147) to pin: '/m02_nodes/M_SC_AW_payld'(151) - Only lower order bits will be connected.
WARNING: [BD 41-2384] Width mismatch when connecting pin: '/m03_sc2axi/s_sc_ar_payld'(147) to pin: '/m03_nodes/M_SC_AR_payld'(151) - Only lower order bits will be connected.
WARNING: [BD 41-2384] Width mismatch when connecting pin: '/m03_sc2axi/s_sc_aw_payld'(147) to pin: '/m03_nodes/M_SC_AW_payld'(151) - Only lower order bits will be connected.
WARNING: [BD 41-2384] Width mismatch when connecting pin: '/s00_nodes/s00_ar_node/s_sc_payld'(151) to pin: '/s00_nodes/S_SC_AR_payld'(147) - Only lower order bits will be connected.
WARNING: [BD 41-2384] Width mismatch when connecting pin: '/s00_nodes/s00_aw_node/s_sc_payld'(151) to pin: '/s00_nodes/S_SC_AW_payld'(147) - Only lower order bits will be connected.
WARNING: [BD 41-2384] Width mismatch when connecting pin: '/m00_nodes/m00_r_node/s_sc_payld'(57) to pin: '/m00_nodes/S_SC_R_payld'(55) - Only lower order bits will be connected.
WARNING: [BD 41-2384] Width mismatch when connecting pin: '/m00_nodes/m00_b_node/s_sc_payld'(11) to pin: '/m00_nodes/S_SC_B_payld'(9) - Only lower order bits will be connected.
WARNING: [BD 41-2384] Width mismatch when connecting pin: '/m01_nodes/m01_r_node/s_sc_payld'(57) to pin: '/m01_nodes/S_SC_R_payld'(55) - Only lower order bits will be connected.
WARNING: [BD 41-2384] Width mismatch when connecting pin: '/m01_nodes/m01_b_node/s_sc_payld'(11) to pin: '/m01_nodes/S_SC_B_payld'(9) - Only lower order bits will be connected.
WARNING: [BD 41-2384] Width mismatch when connecting pin: '/m02_nodes/m02_r_node/s_sc_payld'(57) to pin: '/m02_nodes/S_SC_R_payld'(55) - Only lower order bits will be connected.
WARNING: [BD 41-2384] Width mismatch when connecting pin: '/m02_nodes/m02_b_node/s_sc_payld'(11) to pin: '/m02_nodes/S_SC_B_payld'(9) - Only lower order bits will be connected.
WARNING: [BD 41-2384] Width mismatch when connecting pin: '/m03_nodes/m03_r_node/s_sc_payld'(57) to pin: '/m03_nodes/S_SC_R_payld'(55) - Only lower order bits will be connected.
WARNING: [BD 41-2384] Width mismatch when connecting pin: '/m03_nodes/m03_b_node/s_sc_payld'(11) to pin: '/m03_nodes/S_SC_B_payld'(9) - Only lower order bits will be connected.
WARNING: [BD 41-2384] Width mismatch when connecting pin: '/s00_axi2sc/s_sc_r_payld'(55) to pin: '/s00_nodes/M_SC_R_payld'(57) - Only lower order bits will be connected.
WARNING: [BD 41-2384] Width mismatch when connecting pin: '/s00_axi2sc/s_sc_b_payld'(9) to pin: '/s00_nodes/M_SC_B_payld'(11) - Only lower order bits will be connected.
WARNING: [BD 41-2384] Width mismatch when connecting pin: '/m00_sc2axi/s_sc_ar_payld'(147) to pin: '/m00_nodes/M_SC_AR_payld'(151) - Only lower order bits will be connected.
WARNING: [BD 41-2384] Width mismatch when connecting pin: '/m00_sc2axi/s_sc_aw_payld'(147) to pin: '/m00_nodes/M_SC_AW_payld'(151) - Only lower order bits will be connected.
WARNING: [BD 41-2384] Width mismatch when connecting pin: '/m01_sc2axi/s_sc_ar_payld'(147) to pin: '/m01_nodes/M_SC_AR_payld'(151) - Only lower order bits will be connected.
WARNING: [BD 41-2384] Width mismatch when connecting pin: '/m01_sc2axi/s_sc_aw_payld'(147) to pin: '/m01_nodes/M_SC_AW_payld'(151) - Only lower order bits will be connected.
WARNING: [BD 41-2384] Width mismatch when connecting pin: '/m02_sc2axi/s_sc_ar_payld'(147) to pin: '/m02_nodes/M_SC_AR_payld'(151) - Only lower order bits will be connected.
WARNING: [BD 41-2384] Width mismatch when connecting pin: '/m02_sc2axi/s_sc_aw_payld'(147) to pin: '/m02_nodes/M_SC_AW_payld'(151) - Only lower order bits will be connected.
WARNING: [BD 41-2384] Width mismatch when connecting pin: '/m03_sc2axi/s_sc_ar_payld'(147) to pin: '/m03_nodes/M_SC_AR_payld'(151) - Only lower order bits will be connected.
WARNING: [BD 41-2384] Width mismatch when connecting pin: '/m03_sc2axi/s_sc_aw_payld'(147) to pin: '/m03_nodes/M_SC_AW_payld'(151) - Only lower order bits will be connected.
Exporting to file c:/Travail/s4InfoAtelier4/s4InfoAtelier4.gen/sources_1/bd/atelier4/ip/atelier4_smartconnect_0_0/bd_0/hw_handoff/atelier4_smartconnect_0_0.hwh
Generated Block Design Tcl file c:/Travail/s4InfoAtelier4/s4InfoAtelier4.gen/sources_1/bd/atelier4/ip/atelier4_smartconnect_0_0/bd_0/hw_handoff/atelier4_smartconnect_0_0_bd.tcl
Generated Hardware Definition File c:/Travail/s4InfoAtelier4/s4InfoAtelier4.gen/sources_1/bd/atelier4/ip/atelier4_smartconnect_0_0/bd_0/synth/atelier4_smartconnect_0_0.hwdef
INFO: [BD 41-1029] Generation completed for the IP Integrator block smartconnect_0 .
Exporting to file c:/Travail/s4InfoAtelier4/s4InfoAtelier4.gen/sources_1/bd/atelier4/ip/atelier4_smartconnect_0_1/bd_0/hw_handoff/atelier4_smartconnect_0_1.hwh
Generated Block Design Tcl file c:/Travail/s4InfoAtelier4/s4InfoAtelier4.gen/sources_1/bd/atelier4/ip/atelier4_smartconnect_0_1/bd_0/hw_handoff/atelier4_smartconnect_0_1_bd.tcl
Generated Hardware Definition File c:/Travail/s4InfoAtelier4/s4InfoAtelier4.gen/sources_1/bd/atelier4/ip/atelier4_smartconnect_0_1/bd_0/synth/atelier4_smartconnect_0_1.hwdef
INFO: [BD 41-1029] Generation completed for the IP Integrator block smartconnect_1 .
Exporting to file c:/Travail/s4InfoAtelier4/s4InfoAtelier4.gen/sources_1/bd/atelier4/ip/atelier4_v_proc_ss_0_0/bd_1/hw_handoff/bd_0837_smartconnect_0_0.hwh
Generated Block Design Tcl file c:/Travail/s4InfoAtelier4/s4InfoAtelier4.gen/sources_1/bd/atelier4/ip/atelier4_v_proc_ss_0_0/bd_1/hw_handoff/bd_0837_smartconnect_0_0_bd.tcl
Generated Hardware Definition File c:/Travail/s4InfoAtelier4/s4InfoAtelier4.gen/sources_1/bd/atelier4/ip/atelier4_v_proc_ss_0_0/bd_1/synth/bd_0837_smartconnect_0_0.hwdef
WARNING: [IP_Flow 19-1971] File named "sim/bd_0837_vsc_0.v" already exists in file group "xilinx_verilogsimulationwrapper", cannot add it again.
WARNING: [IP_Flow 19-1971] File named "sim/bd_0837_hsc_0.v" already exists in file group "xilinx_verilogsimulationwrapper", cannot add it again.
WARNING: [IP_Flow 19-4994] Overwriting existing constraint file 'c:/Travail/s4InfoAtelier4/s4InfoAtelier4.gen/sources_1/bd/atelier4/ip/atelier4_v_proc_ss_0_0/bd_0/ip/ip_3/bd_0837_input_size_set_0_ooc.xdc'
Exporting to file c:/Travail/s4InfoAtelier4/s4InfoAtelier4.gen/sources_1/bd/atelier4/ip/atelier4_v_proc_ss_0_0/bd_0/hw_handoff/atelier4_v_proc_ss_0_0.hwh
Generated Block Design Tcl file c:/Travail/s4InfoAtelier4/s4InfoAtelier4.gen/sources_1/bd/atelier4/ip/atelier4_v_proc_ss_0_0/bd_0/hw_handoff/atelier4_v_proc_ss_0_0_bd.tcl
Generated Hardware Definition File c:/Travail/s4InfoAtelier4/s4InfoAtelier4.gen/sources_1/bd/atelier4/ip/atelier4_v_proc_ss_0_0/bd_0/synth/atelier4_v_proc_ss_0_0.hwdef
INFO: [BD 41-1029] Generation completed for the IP Integrator block v_proc_ss_0 .
Exporting to file c:/Travail/s4InfoAtelier4/s4InfoAtelier4.gen/sources_1/bd/atelier4/hw_handoff/atelier4.hwh
Generated Block Design Tcl file c:/Travail/s4InfoAtelier4/s4InfoAtelier4.gen/sources_1/bd/atelier4/hw_handoff/atelier4_bd.tcl
Generated Hardware Definition File c:/Travail/s4InfoAtelier4/s4InfoAtelier4.gen/sources_1/bd/atelier4/synth/atelier4.hwdef
INFO: [IP_Flow 19-7066] Running IP cache check for IP atelier4_smartconnect_0_0
INFO: [IP_Flow 19-7066] Running IP cache check for IP atelier4_smartconnect_0_1
INFO: [IP_Flow 19-7066] Running IP cache check for IP atelier4_v_proc_ss_0_0
INFO: [IP_Flow 19-7066] Running IP cache check for IP bd_0837_axis_fifo_0
INFO: [IP_Flow 19-7066] Running IP cache check for IP bd_0837_axis_register_slice_0_0
INFO: [IP_Flow 19-7066] Running IP cache check for IP bd_0837_hsc_0
INFO: [IP_Flow 19-7066] Running IP cache check for IP bd_0837_input_size_set_0
INFO: [IP_Flow 19-7066] Running IP cache check for IP bd_0837_reset_sel_axis_0
INFO: [IP_Flow 19-7066] Running IP cache check for IP bd_0837_rst_axis_0
INFO: [IP_Flow 19-7066] Running IP cache check for IP bd_0837_smartconnect_0_0
INFO: [IP_Flow 19-7066] Running IP cache check for IP bd_0837_vsc_0
INFO: [IP_Flow 19-4993] Using cached IP synthesis design for IP atelier4_smartconnect_0_0, cache-ID = 372ef54b4ddb9ee4; cache size = 72.495 MB.
INFO: [IP_Flow 19-4993] Using cached IP synthesis design for IP atelier4_smartconnect_0_1, cache-ID = 55c4870e73f3df4c; cache size = 72.495 MB.
[Mon Jan 23 16:00:08 2023] Launched bd_0837_smartconnect_0_0_synth_1, atelier4_v_proc_ss_0_0_synth_1, bd_0837_reset_sel_axis_0_synth_1, bd_0837_hsc_0_synth_1, bd_0837_input_size_set_0_synth_1, bd_0837_rst_axis_0_synth_1, bd_0837_axis_register_slice_0_0_synth_1, bd_0837_axis_fifo_0_synth_1, bd_0837_vsc_0_synth_1, synth_1...
Run output will be captured here:
bd_0837_smartconnect_0_0_synth_1: C:/Travail/s4InfoAtelier4/s4InfoAtelier4.runs/bd_0837_smartconnect_0_0_synth_1/runme.log
atelier4_v_proc_ss_0_0_synth_1: C:/Travail/s4InfoAtelier4/s4InfoAtelier4.runs/atelier4_v_proc_ss_0_0_synth_1/runme.log
bd_0837_reset_sel_axis_0_synth_1: C:/Travail/s4InfoAtelier4/s4InfoAtelier4.runs/bd_0837_reset_sel_axis_0_synth_1/runme.log
bd_0837_hsc_0_synth_1: C:/Travail/s4InfoAtelier4/s4InfoAtelier4.runs/bd_0837_hsc_0_synth_1/runme.log
bd_0837_input_size_set_0_synth_1: C:/Travail/s4InfoAtelier4/s4InfoAtelier4.runs/bd_0837_input_size_set_0_synth_1/runme.log
bd_0837_rst_axis_0_synth_1: C:/Travail/s4InfoAtelier4/s4InfoAtelier4.runs/bd_0837_rst_axis_0_synth_1/runme.log
bd_0837_axis_register_slice_0_0_synth_1: C:/Travail/s4InfoAtelier4/s4InfoAtelier4.runs/bd_0837_axis_register_slice_0_0_synth_1/runme.log
bd_0837_axis_fifo_0_synth_1: C:/Travail/s4InfoAtelier4/s4InfoAtelier4.runs/bd_0837_axis_fifo_0_synth_1/runme.log
bd_0837_vsc_0_synth_1: C:/Travail/s4InfoAtelier4/s4InfoAtelier4.runs/bd_0837_vsc_0_synth_1/runme.log
synth_1: C:/Travail/s4InfoAtelier4/s4InfoAtelier4.runs/synth_1/runme.log
[Mon Jan 23 16:00:08 2023] Launched impl_1...
Run output will be captured here: C:/Travail/s4InfoAtelier4/s4InfoAtelier4.runs/impl_1/runme.log
launch_runs: Time (s): cpu = 00:00:56 ; elapsed = 00:01:08 . Memory (MB): peak = 2067.004 ; gain = 2.016
WARNING: [IP_Flow 19-4318] IP-XACT file does not exist: c:/Travail/s4InfoAtelier4/s4InfoAtelier4.srcs/sources_1/bd/atelier4/ip/atelier4_v_proc_ss_0_0/atelier4_v_proc_ss_0_0.xml. It will be created.
WARNING: [IP_Flow 19-4318] IP-XACT file does not exist: c:/Travail/s4InfoAtelier4/s4InfoAtelier4.srcs/sources_1/bd/atelier4/ip/atelier4_axi_vdma_0_0/atelier4_axi_vdma_0_0.xml. It will be created.
WARNING: [IP_Flow 19-4318] IP-XACT file does not exist: c:/Travail/s4InfoAtelier4/s4InfoAtelier4.srcs/sources_1/bd/atelier4/ip/atelier4_clk_wiz_0_0/atelier4_clk_wiz_0_0.xml. It will be created.
WARNING: [IP_Flow 19-4318] IP-XACT file does not exist: c:/Travail/s4InfoAtelier4/s4InfoAtelier4.srcs/sources_1/bd/atelier4/ip/atelier4_mycolorRegister_0_0/atelier4_mycolorRegister_0_0.xml. It will be created.
WARNING: [IP_Flow 19-4318] IP-XACT file does not exist: c:/Travail/s4InfoAtelier4/s4InfoAtelier4.srcs/sources_1/bd/atelier4/ip/atelier4_pixelDataToVideoStre_0_3/atelier4_pixelDataToVideoStre_0_3.xml. It will be created.
WARNING: [IP_Flow 19-4318] IP-XACT file does not exist: c:/Travail/s4InfoAtelier4/s4InfoAtelier4.srcs/sources_1/bd/atelier4/ip/atelier4_proc_sys_reset_0_0/atelier4_proc_sys_reset_0_0.xml. It will be created.
WARNING: [IP_Flow 19-4318] IP-XACT file does not exist: c:/Travail/s4InfoAtelier4/s4InfoAtelier4.srcs/sources_1/bd/atelier4/ip/atelier4_processing_system7_0_0/atelier4_processing_system7_0_0.xml. It will be created.
WARNING: [IP_Flow 19-4318] IP-XACT file does not exist: c:/Travail/s4InfoAtelier4/s4InfoAtelier4.srcs/sources_1/bd/atelier4/ip/atelier4_rgb2dvi_0_0/atelier4_rgb2dvi_0_0.xml. It will be created.
WARNING: [IP_Flow 19-4318] IP-XACT file does not exist: c:/Travail/s4InfoAtelier4/s4InfoAtelier4.srcs/sources_1/bd/atelier4/ip/atelier4_smartconnect_0_0/atelier4_smartconnect_0_0.xml. It will be created.
WARNING: [IP_Flow 19-4318] IP-XACT file does not exist: c:/Travail/s4InfoAtelier4/s4InfoAtelier4.srcs/sources_1/bd/atelier4/ip/atelier4_smartconnect_0_1/atelier4_smartconnect_0_1.xml. It will be created.
WARNING: [IP_Flow 19-4318] IP-XACT file does not exist: c:/Travail/s4InfoAtelier4/s4InfoAtelier4.srcs/sources_1/bd/atelier4/ip/atelier4_testPatternGen2_0_0/atelier4_testPatternGen2_0_0.xml. It will be created.
WARNING: [IP_Flow 19-4318] IP-XACT file does not exist: c:/Travail/s4InfoAtelier4/s4InfoAtelier4.srcs/sources_1/bd/atelier4/ip/atelier4_v_axi4s_vid_out_0_0/atelier4_v_axi4s_vid_out_0_0.xml. It will be created.
WARNING: [IP_Flow 19-4318] IP-XACT file does not exist: c:/Travail/s4InfoAtelier4/s4InfoAtelier4.srcs/sources_1/bd/atelier4/ip/atelier4_v_proc_ss_0_0/atelier4_v_proc_ss_0_0.xml. It will be created.
WARNING: [IP_Flow 19-4318] IP-XACT file does not exist: c:/Travail/s4InfoAtelier4/s4InfoAtelier4.srcs/sources_1/bd/atelier4/ip/atelier4_v_tc_0_0/atelier4_v_tc_0_0.xml. It will be created.
report_ip_status -name ip_status 
reset_run synth_1
launch_runs synth_1 -jobs 8
[Mon Jan 23 16:11:28 2023] Launched atelier4_v_proc_ss_0_0_synth_1, bd_0837_smartconnect_0_0_synth_1...
Run output will be captured here:
atelier4_v_proc_ss_0_0_synth_1: C:/Travail/s4InfoAtelier4/s4InfoAtelier4.runs/atelier4_v_proc_ss_0_0_synth_1/runme.log
bd_0837_smartconnect_0_0_synth_1: C:/Travail/s4InfoAtelier4/s4InfoAtelier4.runs/bd_0837_smartconnect_0_0_synth_1/runme.log
[Mon Jan 23 16:11:29 2023] Launched synth_1...
Run output will be captured here: C:/Travail/s4InfoAtelier4/s4InfoAtelier4.runs/synth_1/runme.log
launch_runs: Time (s): cpu = 00:00:02 ; elapsed = 00:00:07 . Memory (MB): peak = 2095.285 ; gain = 0.000
WARNING: [IP_Flow 19-4318] IP-XACT file does not exist: c:/Travail/s4InfoAtelier4/s4InfoAtelier4.srcs/sources_1/bd/atelier4/ip/atelier4_v_proc_ss_0_0/atelier4_v_proc_ss_0_0.xml. It will be created.
WARNING: [IP_Flow 19-4318] IP-XACT file does not exist: c:/Travail/s4InfoAtelier4/s4InfoAtelier4.srcs/sources_1/bd/atelier4/ip/atelier4_axi_vdma_0_0/atelier4_axi_vdma_0_0.xml. It will be created.
WARNING: [IP_Flow 19-4318] IP-XACT file does not exist: c:/Travail/s4InfoAtelier4/s4InfoAtelier4.srcs/sources_1/bd/atelier4/ip/atelier4_clk_wiz_0_0/atelier4_clk_wiz_0_0.xml. It will be created.
WARNING: [IP_Flow 19-4318] IP-XACT file does not exist: c:/Travail/s4InfoAtelier4/s4InfoAtelier4.srcs/sources_1/bd/atelier4/ip/atelier4_mycolorRegister_0_0/atelier4_mycolorRegister_0_0.xml. It will be created.
WARNING: [IP_Flow 19-4318] IP-XACT file does not exist: c:/Travail/s4InfoAtelier4/s4InfoAtelier4.srcs/sources_1/bd/atelier4/ip/atelier4_pixelDataToVideoStre_0_3/atelier4_pixelDataToVideoStre_0_3.xml. It will be created.
WARNING: [IP_Flow 19-4318] IP-XACT file does not exist: c:/Travail/s4InfoAtelier4/s4InfoAtelier4.srcs/sources_1/bd/atelier4/ip/atelier4_proc_sys_reset_0_0/atelier4_proc_sys_reset_0_0.xml. It will be created.
WARNING: [IP_Flow 19-4318] IP-XACT file does not exist: c:/Travail/s4InfoAtelier4/s4InfoAtelier4.srcs/sources_1/bd/atelier4/ip/atelier4_processing_system7_0_0/atelier4_processing_system7_0_0.xml. It will be created.
WARNING: [IP_Flow 19-4318] IP-XACT file does not exist: c:/Travail/s4InfoAtelier4/s4InfoAtelier4.srcs/sources_1/bd/atelier4/ip/atelier4_rgb2dvi_0_0/atelier4_rgb2dvi_0_0.xml. It will be created.
WARNING: [IP_Flow 19-4318] IP-XACT file does not exist: c:/Travail/s4InfoAtelier4/s4InfoAtelier4.srcs/sources_1/bd/atelier4/ip/atelier4_smartconnect_0_0/atelier4_smartconnect_0_0.xml. It will be created.
WARNING: [IP_Flow 19-4318] IP-XACT file does not exist: c:/Travail/s4InfoAtelier4/s4InfoAtelier4.srcs/sources_1/bd/atelier4/ip/atelier4_smartconnect_0_1/atelier4_smartconnect_0_1.xml. It will be created.
WARNING: [IP_Flow 19-4318] IP-XACT file does not exist: c:/Travail/s4InfoAtelier4/s4InfoAtelier4.srcs/sources_1/bd/atelier4/ip/atelier4_testPatternGen2_0_0/atelier4_testPatternGen2_0_0.xml. It will be created.
WARNING: [IP_Flow 19-4318] IP-XACT file does not exist: c:/Travail/s4InfoAtelier4/s4InfoAtelier4.srcs/sources_1/bd/atelier4/ip/atelier4_v_axi4s_vid_out_0_0/atelier4_v_axi4s_vid_out_0_0.xml. It will be created.
WARNING: [IP_Flow 19-4318] IP-XACT file does not exist: c:/Travail/s4InfoAtelier4/s4InfoAtelier4.srcs/sources_1/bd/atelier4/ip/atelier4_v_proc_ss_0_0/atelier4_v_proc_ss_0_0.xml. It will be created.
WARNING: [IP_Flow 19-4318] IP-XACT file does not exist: c:/Travail/s4InfoAtelier4/s4InfoAtelier4.srcs/sources_1/bd/atelier4/ip/atelier4_v_tc_0_0/atelier4_v_tc_0_0.xml. It will be created.
launch_runs impl_1 -jobs 8
[Mon Jan 23 16:14:36 2023] Launched impl_1...
Run output will be captured here: C:/Travail/s4InfoAtelier4/s4InfoAtelier4.runs/impl_1/runme.log
launch_runs impl_1 -to_step write_bitstream -jobs 8
[Mon Jan 23 16:19:29 2023] Launched impl_1...
Run output will be captured here: C:/Travail/s4InfoAtelier4/s4InfoAtelier4.runs/impl_1/runme.log
write_hw_platform -fixed -include_bit -force -file C:/Travail/s4InfoAtelier4/atelier4_wrapper.xsa
INFO: [Vivado 12-4895] Creating Hardware Platform: C:/Travail/s4InfoAtelier4/atelier4_wrapper.xsa ...
WARNING: [Project 1-645] Board images not set in Hardware Platform.
INFO: [Vivado 12-12467] The Hardware Platform can be used for Hardware
INFO: [Vivado 12-4896] Successfully created Hardware Platform: C:/Travail/s4InfoAtelier4/atelier4_wrapper.xsa
startgroup
set_property -dict [list CONFIG.C_SCALER_ALGORITHM {2}] [get_bd_cells v_proc_ss_0]
INFO: [Ipptcl 7-1463] No Compatible Board Interface found. Board Tab not created in customize GUI
WARNING: [BD 41-1306] The connection to interface pin </reset_sel_axis/gpio_io_i> is being overridden by the user with net <net_reset_sel_axis_gpio_io_i>. This pin will not be connected as a part of interface connection <GPIO>.
WARNING: [BD 41-1306] The connection to interface pin </reset_sel_axis/gpio_io_o> is being overridden by the user with net <net_reset_sel_axis_gpio_io_i>. This pin will not be connected as a part of interface connection <GPIO>.
0
true
true
Slave segment '/hsc/s_axi_CTRL/Reg' is being assigned into address space '/s_axi_ctrl' at <0x0000_0000 [ 64K ]>.
Slave segment '/reset_sel_axis/S_AXI/Reg' is being assigned into address space '/s_axi_ctrl' at <0x0001_0000 [ 64K ]>.
Slave segment '/vsc/s_axi_CTRL/Reg' is being assigned into address space '/s_axi_ctrl' at <0x0002_0000 [ 64K ]>.
endgroup
save_bd_design
Wrote  : <C:\Travail\s4InfoAtelier4\s4InfoAtelier4.srcs\sources_1\bd\atelier4\atelier4.bd> 
Wrote  : <C:/Travail/s4InfoAtelier4/s4InfoAtelier4.srcs/sources_1/bd/atelier4/ui/bd_3fe9f658.ui> 
report_ip_status -name ip_status 
reset_run atelier4_v_proc_ss_0_0_synth_1
reset_run bd_0837_smartconnect_0_0_synth_1
reset_run synth_1
launch_runs synth_1 -jobs 8
INFO: [Ipptcl 7-1463] No Compatible Board Interface found. Board Tab not created in customize GUI
INFO: [Ipptcl 7-1463] No Compatible Board Interface found. Board Tab not created in customize GUI
INFO: [Ipptcl 7-1463] No Compatible Board Interface found. Board Tab not created in customize GUI
INFO: [Ipptcl 7-1463] No Compatible Board Interface found. Board Tab not created in customize GUI
WARNING: [xilinx.com:ip:smartconnect:1.0-1] atelier4_smartconnect_0_0: IP atelier4_smartconnect_0_0 is configured in Low area mode as all propagated traffic is low-bandwidth (AXI4LITE). One of the SIs has property HAS_BURST == 1. This will be ignored. If wrap transactions are required then turn off Low area mode using ADVANCED_PROPERTIES. Execute following: set_property CONFIG.ADVANCED_PROPERTIES {__experimental_features__ {disable_low_area_mode 1}} [get_bd_cells /atelier4_smartconnect_0_0]
INFO: [Ipptcl 7-1463] No Compatible Board Interface found. Board Tab not created in customize GUI
INFO: [Ipptcl 7-1463] No Compatible Board Interface found. Board Tab not created in customize GUI
INFO: [Ipptcl 7-1463] No Compatible Board Interface found. Board Tab not created in customize GUI
INFO: [xilinx.com:ip:clk_wiz:6.0-1] /clk_wiz_0 clk_wiz propagate
WARNING: [BD 41-927] Following properties on pin /rgb2dvi_0/PixelClk have been updated from connected ip, but BD cell '/rgb2dvi_0' does not accept parameter changes, so they may not be synchronized with cell properties:
	PHASE = 0.0 
Please resolve any mismatches by directly setting properties on BD cell </rgb2dvi_0> to completely resolve these warnings.
Wrote  : <C:\Travail\s4InfoAtelier4\s4InfoAtelier4.srcs\sources_1\bd\atelier4\atelier4.bd> 
VHDL Output written to : c:/Travail/s4InfoAtelier4/s4InfoAtelier4.gen/sources_1/bd/atelier4/synth/atelier4.vhd
VHDL Output written to : c:/Travail/s4InfoAtelier4/s4InfoAtelier4.gen/sources_1/bd/atelier4/sim/atelier4.vhd
VHDL Output written to : c:/Travail/s4InfoAtelier4/s4InfoAtelier4.gen/sources_1/bd/atelier4/hdl/atelier4_wrapper.vhd
WARNING: [BD 41-2384] Width mismatch when connecting pin: '/s00_nodes/s00_ar_node/s_sc_payld'(151) to pin: '/s00_nodes/S_SC_AR_payld'(147) - Only lower order bits will be connected.
WARNING: [BD 41-2384] Width mismatch when connecting pin: '/s00_nodes/s00_aw_node/s_sc_payld'(151) to pin: '/s00_nodes/S_SC_AW_payld'(147) - Only lower order bits will be connected.
WARNING: [BD 41-2384] Width mismatch when connecting pin: '/m00_nodes/m00_r_node/s_sc_payld'(57) to pin: '/m00_nodes/S_SC_R_payld'(55) - Only lower order bits will be connected.
WARNING: [BD 41-2384] Width mismatch when connecting pin: '/m00_nodes/m00_b_node/s_sc_payld'(11) to pin: '/m00_nodes/S_SC_B_payld'(9) - Only lower order bits will be connected.
WARNING: [BD 41-2384] Width mismatch when connecting pin: '/m01_nodes/m01_r_node/s_sc_payld'(57) to pin: '/m01_nodes/S_SC_R_payld'(55) - Only lower order bits will be connected.
WARNING: [BD 41-2384] Width mismatch when connecting pin: '/m01_nodes/m01_b_node/s_sc_payld'(11) to pin: '/m01_nodes/S_SC_B_payld'(9) - Only lower order bits will be connected.
WARNING: [BD 41-2384] Width mismatch when connecting pin: '/m02_nodes/m02_r_node/s_sc_payld'(57) to pin: '/m02_nodes/S_SC_R_payld'(55) - Only lower order bits will be connected.
WARNING: [BD 41-2384] Width mismatch when connecting pin: '/m02_nodes/m02_b_node/s_sc_payld'(11) to pin: '/m02_nodes/S_SC_B_payld'(9) - Only lower order bits will be connected.
WARNING: [BD 41-2384] Width mismatch when connecting pin: '/m03_nodes/m03_r_node/s_sc_payld'(57) to pin: '/m03_nodes/S_SC_R_payld'(55) - Only lower order bits will be connected.
WARNING: [BD 41-2384] Width mismatch when connecting pin: '/m03_nodes/m03_b_node/s_sc_payld'(11) to pin: '/m03_nodes/S_SC_B_payld'(9) - Only lower order bits will be connected.
WARNING: [BD 41-2384] Width mismatch when connecting pin: '/s00_axi2sc/s_sc_r_payld'(55) to pin: '/s00_nodes/M_SC_R_payld'(57) - Only lower order bits will be connected.
WARNING: [BD 41-2384] Width mismatch when connecting pin: '/s00_axi2sc/s_sc_b_payld'(9) to pin: '/s00_nodes/M_SC_B_payld'(11) - Only lower order bits will be connected.
WARNING: [BD 41-2384] Width mismatch when connecting pin: '/m00_sc2axi/s_sc_ar_payld'(147) to pin: '/m00_nodes/M_SC_AR_payld'(151) - Only lower order bits will be connected.
WARNING: [BD 41-2384] Width mismatch when connecting pin: '/m00_sc2axi/s_sc_aw_payld'(147) to pin: '/m00_nodes/M_SC_AW_payld'(151) - Only lower order bits will be connected.
WARNING: [BD 41-2384] Width mismatch when connecting pin: '/m01_sc2axi/s_sc_ar_payld'(147) to pin: '/m01_nodes/M_SC_AR_payld'(151) - Only lower order bits will be connected.
WARNING: [BD 41-2384] Width mismatch when connecting pin: '/m01_sc2axi/s_sc_aw_payld'(147) to pin: '/m01_nodes/M_SC_AW_payld'(151) - Only lower order bits will be connected.
WARNING: [BD 41-2384] Width mismatch when connecting pin: '/m02_sc2axi/s_sc_ar_payld'(147) to pin: '/m02_nodes/M_SC_AR_payld'(151) - Only lower order bits will be connected.
WARNING: [BD 41-2384] Width mismatch when connecting pin: '/m02_sc2axi/s_sc_aw_payld'(147) to pin: '/m02_nodes/M_SC_AW_payld'(151) - Only lower order bits will be connected.
WARNING: [BD 41-2384] Width mismatch when connecting pin: '/m03_sc2axi/s_sc_ar_payld'(147) to pin: '/m03_nodes/M_SC_AR_payld'(151) - Only lower order bits will be connected.
WARNING: [BD 41-2384] Width mismatch when connecting pin: '/m03_sc2axi/s_sc_aw_payld'(147) to pin: '/m03_nodes/M_SC_AW_payld'(151) - Only lower order bits will be connected.
WARNING: [BD 41-2384] Width mismatch when connecting pin: '/s00_nodes/s00_ar_node/s_sc_payld'(151) to pin: '/s00_nodes/S_SC_AR_payld'(147) - Only lower order bits will be connected.
WARNING: [BD 41-2384] Width mismatch when connecting pin: '/s00_nodes/s00_aw_node/s_sc_payld'(151) to pin: '/s00_nodes/S_SC_AW_payld'(147) - Only lower order bits will be connected.
WARNING: [BD 41-2384] Width mismatch when connecting pin: '/m00_nodes/m00_r_node/s_sc_payld'(57) to pin: '/m00_nodes/S_SC_R_payld'(55) - Only lower order bits will be connected.
WARNING: [BD 41-2384] Width mismatch when connecting pin: '/m00_nodes/m00_b_node/s_sc_payld'(11) to pin: '/m00_nodes/S_SC_B_payld'(9) - Only lower order bits will be connected.
WARNING: [BD 41-2384] Width mismatch when connecting pin: '/m01_nodes/m01_r_node/s_sc_payld'(57) to pin: '/m01_nodes/S_SC_R_payld'(55) - Only lower order bits will be connected.
WARNING: [BD 41-2384] Width mismatch when connecting pin: '/m01_nodes/m01_b_node/s_sc_payld'(11) to pin: '/m01_nodes/S_SC_B_payld'(9) - Only lower order bits will be connected.
WARNING: [BD 41-2384] Width mismatch when connecting pin: '/m02_nodes/m02_r_node/s_sc_payld'(57) to pin: '/m02_nodes/S_SC_R_payld'(55) - Only lower order bits will be connected.
WARNING: [BD 41-2384] Width mismatch when connecting pin: '/m02_nodes/m02_b_node/s_sc_payld'(11) to pin: '/m02_nodes/S_SC_B_payld'(9) - Only lower order bits will be connected.
WARNING: [BD 41-2384] Width mismatch when connecting pin: '/m03_nodes/m03_r_node/s_sc_payld'(57) to pin: '/m03_nodes/S_SC_R_payld'(55) - Only lower order bits will be connected.
WARNING: [BD 41-2384] Width mismatch when connecting pin: '/m03_nodes/m03_b_node/s_sc_payld'(11) to pin: '/m03_nodes/S_SC_B_payld'(9) - Only lower order bits will be connected.
WARNING: [BD 41-2384] Width mismatch when connecting pin: '/s00_axi2sc/s_sc_r_payld'(55) to pin: '/s00_nodes/M_SC_R_payld'(57) - Only lower order bits will be connected.
WARNING: [BD 41-2384] Width mismatch when connecting pin: '/s00_axi2sc/s_sc_b_payld'(9) to pin: '/s00_nodes/M_SC_B_payld'(11) - Only lower order bits will be connected.
WARNING: [BD 41-2384] Width mismatch when connecting pin: '/m00_sc2axi/s_sc_ar_payld'(147) to pin: '/m00_nodes/M_SC_AR_payld'(151) - Only lower order bits will be connected.
WARNING: [BD 41-2384] Width mismatch when connecting pin: '/m00_sc2axi/s_sc_aw_payld'(147) to pin: '/m00_nodes/M_SC_AW_payld'(151) - Only lower order bits will be connected.
WARNING: [BD 41-2384] Width mismatch when connecting pin: '/m01_sc2axi/s_sc_ar_payld'(147) to pin: '/m01_nodes/M_SC_AR_payld'(151) - Only lower order bits will be connected.
WARNING: [BD 41-2384] Width mismatch when connecting pin: '/m01_sc2axi/s_sc_aw_payld'(147) to pin: '/m01_nodes/M_SC_AW_payld'(151) - Only lower order bits will be connected.
WARNING: [BD 41-2384] Width mismatch when connecting pin: '/m02_sc2axi/s_sc_ar_payld'(147) to pin: '/m02_nodes/M_SC_AR_payld'(151) - Only lower order bits will be connected.
WARNING: [BD 41-2384] Width mismatch when connecting pin: '/m02_sc2axi/s_sc_aw_payld'(147) to pin: '/m02_nodes/M_SC_AW_payld'(151) - Only lower order bits will be connected.
WARNING: [BD 41-2384] Width mismatch when connecting pin: '/m03_sc2axi/s_sc_ar_payld'(147) to pin: '/m03_nodes/M_SC_AR_payld'(151) - Only lower order bits will be connected.
WARNING: [BD 41-2384] Width mismatch when connecting pin: '/m03_sc2axi/s_sc_aw_payld'(147) to pin: '/m03_nodes/M_SC_AW_payld'(151) - Only lower order bits will be connected.
Exporting to file c:/Travail/s4InfoAtelier4/s4InfoAtelier4.gen/sources_1/bd/atelier4/ip/atelier4_smartconnect_0_0/bd_0/hw_handoff/atelier4_smartconnect_0_0.hwh
Generated Block Design Tcl file c:/Travail/s4InfoAtelier4/s4InfoAtelier4.gen/sources_1/bd/atelier4/ip/atelier4_smartconnect_0_0/bd_0/hw_handoff/atelier4_smartconnect_0_0_bd.tcl
Generated Hardware Definition File c:/Travail/s4InfoAtelier4/s4InfoAtelier4.gen/sources_1/bd/atelier4/ip/atelier4_smartconnect_0_0/bd_0/synth/atelier4_smartconnect_0_0.hwdef
INFO: [BD 41-1029] Generation completed for the IP Integrator block smartconnect_0 .
Exporting to file c:/Travail/s4InfoAtelier4/s4InfoAtelier4.gen/sources_1/bd/atelier4/ip/atelier4_smartconnect_0_1/bd_0/hw_handoff/atelier4_smartconnect_0_1.hwh
Generated Block Design Tcl file c:/Travail/s4InfoAtelier4/s4InfoAtelier4.gen/sources_1/bd/atelier4/ip/atelier4_smartconnect_0_1/bd_0/hw_handoff/atelier4_smartconnect_0_1_bd.tcl
Generated Hardware Definition File c:/Travail/s4InfoAtelier4/s4InfoAtelier4.gen/sources_1/bd/atelier4/ip/atelier4_smartconnect_0_1/bd_0/synth/atelier4_smartconnect_0_1.hwdef
INFO: [BD 41-1029] Generation completed for the IP Integrator block smartconnect_1 .
Exporting to file c:/Travail/s4InfoAtelier4/s4InfoAtelier4.gen/sources_1/bd/atelier4/ip/atelier4_v_proc_ss_0_0/bd_1/hw_handoff/bd_0837_smartconnect_0_0.hwh
Generated Block Design Tcl file c:/Travail/s4InfoAtelier4/s4InfoAtelier4.gen/sources_1/bd/atelier4/ip/atelier4_v_proc_ss_0_0/bd_1/hw_handoff/bd_0837_smartconnect_0_0_bd.tcl
Generated Hardware Definition File c:/Travail/s4InfoAtelier4/s4InfoAtelier4.gen/sources_1/bd/atelier4/ip/atelier4_v_proc_ss_0_0/bd_1/synth/bd_0837_smartconnect_0_0.hwdef
WARNING: [IP_Flow 19-1971] File named "sim/bd_0837_vsc_0.v" already exists in file group "xilinx_verilogsimulationwrapper", cannot add it again.
WARNING: [IP_Flow 19-1971] File named "sim/bd_0837_hsc_0.v" already exists in file group "xilinx_verilogsimulationwrapper", cannot add it again.
WARNING: [IP_Flow 19-4994] Overwriting existing constraint file 'c:/Travail/s4InfoAtelier4/s4InfoAtelier4.gen/sources_1/bd/atelier4/ip/atelier4_v_proc_ss_0_0/bd_0/ip/ip_3/bd_0837_input_size_set_0_ooc.xdc'
Exporting to file c:/Travail/s4InfoAtelier4/s4InfoAtelier4.gen/sources_1/bd/atelier4/ip/atelier4_v_proc_ss_0_0/bd_0/hw_handoff/atelier4_v_proc_ss_0_0.hwh
Generated Block Design Tcl file c:/Travail/s4InfoAtelier4/s4InfoAtelier4.gen/sources_1/bd/atelier4/ip/atelier4_v_proc_ss_0_0/bd_0/hw_handoff/atelier4_v_proc_ss_0_0_bd.tcl
Generated Hardware Definition File c:/Travail/s4InfoAtelier4/s4InfoAtelier4.gen/sources_1/bd/atelier4/ip/atelier4_v_proc_ss_0_0/bd_0/synth/atelier4_v_proc_ss_0_0.hwdef
INFO: [BD 41-1029] Generation completed for the IP Integrator block v_proc_ss_0 .
Exporting to file c:/Travail/s4InfoAtelier4/s4InfoAtelier4.gen/sources_1/bd/atelier4/hw_handoff/atelier4.hwh
Generated Block Design Tcl file c:/Travail/s4InfoAtelier4/s4InfoAtelier4.gen/sources_1/bd/atelier4/hw_handoff/atelier4_bd.tcl
Generated Hardware Definition File c:/Travail/s4InfoAtelier4/s4InfoAtelier4.gen/sources_1/bd/atelier4/synth/atelier4.hwdef
INFO: [IP_Flow 19-7066] Running IP cache check for IP atelier4_smartconnect_0_0
INFO: [IP_Flow 19-7066] Running IP cache check for IP atelier4_smartconnect_0_1
INFO: [IP_Flow 19-7066] Running IP cache check for IP atelier4_v_proc_ss_0_0
INFO: [IP_Flow 19-7066] Running IP cache check for IP bd_0837_axis_fifo_0
INFO: [IP_Flow 19-7066] Running IP cache check for IP bd_0837_axis_register_slice_0_0
INFO: [IP_Flow 19-7066] Running IP cache check for IP bd_0837_hsc_0
INFO: [IP_Flow 19-7066] Running IP cache check for IP bd_0837_input_size_set_0
INFO: [IP_Flow 19-7066] Running IP cache check for IP bd_0837_reset_sel_axis_0
INFO: [IP_Flow 19-7066] Running IP cache check for IP bd_0837_rst_axis_0
INFO: [IP_Flow 19-7066] Running IP cache check for IP bd_0837_smartconnect_0_0
INFO: [IP_Flow 19-7066] Running IP cache check for IP bd_0837_vsc_0
INFO: [IP_Flow 19-4993] Using cached IP synthesis design for IP atelier4_smartconnect_0_0, cache-ID = 372ef54b4ddb9ee4; cache size = 87.249 MB.
INFO: [IP_Flow 19-4993] Using cached IP synthesis design for IP atelier4_smartconnect_0_1, cache-ID = 55c4870e73f3df4c; cache size = 87.249 MB.
INFO: [IP_Flow 19-4993] Using cached IP synthesis design for IP bd_0837_axis_fifo_0, cache-ID = 8d084569ac7c3fdd; cache size = 87.249 MB.
INFO: [IP_Flow 19-4993] Using cached IP synthesis design for IP bd_0837_axis_register_slice_0_0, cache-ID = b241d824f0f628e2; cache size = 87.249 MB.
INFO: [IP_Flow 19-4993] Using cached IP synthesis design for IP bd_0837_input_size_set_0, cache-ID = 9e50a2506fa3c4f6; cache size = 87.249 MB.
INFO: [IP_Flow 19-4993] Using cached IP synthesis design for IP bd_0837_reset_sel_axis_0, cache-ID = 18401b14e27b2e7e; cache size = 87.249 MB.
INFO: [IP_Flow 19-4993] Using cached IP synthesis design for IP bd_0837_rst_axis_0, cache-ID = b91d5613fc6bf77f; cache size = 87.249 MB.
INFO: [IP_Flow 19-4993] Using cached IP synthesis design for IP bd_0837_smartconnect_0_0, cache-ID = db1f6c6c552981e8; cache size = 87.249 MB.
config_ip_cache: Time (s): cpu = 00:00:06 ; elapsed = 00:00:06 . Memory (MB): peak = 2270.387 ; gain = 0.000
[Mon Jan 23 16:37:54 2023] Launched atelier4_v_proc_ss_0_0_synth_1, bd_0837_hsc_0_synth_1, bd_0837_vsc_0_synth_1...
Run output will be captured here:
atelier4_v_proc_ss_0_0_synth_1: C:/Travail/s4InfoAtelier4/s4InfoAtelier4.runs/atelier4_v_proc_ss_0_0_synth_1/runme.log
bd_0837_hsc_0_synth_1: C:/Travail/s4InfoAtelier4/s4InfoAtelier4.runs/bd_0837_hsc_0_synth_1/runme.log
bd_0837_vsc_0_synth_1: C:/Travail/s4InfoAtelier4/s4InfoAtelier4.runs/bd_0837_vsc_0_synth_1/runme.log
[Mon Jan 23 16:37:55 2023] Launched synth_1...
Run output will be captured here: C:/Travail/s4InfoAtelier4/s4InfoAtelier4.runs/synth_1/runme.log
launch_runs: Time (s): cpu = 00:00:57 ; elapsed = 00:01:11 . Memory (MB): peak = 2270.387 ; gain = 0.000
WARNING: [IP_Flow 19-4318] IP-XACT file does not exist: c:/Travail/s4InfoAtelier4/s4InfoAtelier4.srcs/sources_1/bd/atelier4/ip/atelier4_v_proc_ss_0_0/atelier4_v_proc_ss_0_0.xml. It will be created.
WARNING: [IP_Flow 19-4318] IP-XACT file does not exist: c:/Travail/s4InfoAtelier4/s4InfoAtelier4.srcs/sources_1/bd/atelier4/ip/atelier4_axi_vdma_0_0/atelier4_axi_vdma_0_0.xml. It will be created.
WARNING: [IP_Flow 19-4318] IP-XACT file does not exist: c:/Travail/s4InfoAtelier4/s4InfoAtelier4.srcs/sources_1/bd/atelier4/ip/atelier4_clk_wiz_0_0/atelier4_clk_wiz_0_0.xml. It will be created.
WARNING: [IP_Flow 19-4318] IP-XACT file does not exist: c:/Travail/s4InfoAtelier4/s4InfoAtelier4.srcs/sources_1/bd/atelier4/ip/atelier4_mycolorRegister_0_0/atelier4_mycolorRegister_0_0.xml. It will be created.
WARNING: [IP_Flow 19-4318] IP-XACT file does not exist: c:/Travail/s4InfoAtelier4/s4InfoAtelier4.srcs/sources_1/bd/atelier4/ip/atelier4_pixelDataToVideoStre_0_3/atelier4_pixelDataToVideoStre_0_3.xml. It will be created.
WARNING: [IP_Flow 19-4318] IP-XACT file does not exist: c:/Travail/s4InfoAtelier4/s4InfoAtelier4.srcs/sources_1/bd/atelier4/ip/atelier4_proc_sys_reset_0_0/atelier4_proc_sys_reset_0_0.xml. It will be created.
WARNING: [IP_Flow 19-4318] IP-XACT file does not exist: c:/Travail/s4InfoAtelier4/s4InfoAtelier4.srcs/sources_1/bd/atelier4/ip/atelier4_processing_system7_0_0/atelier4_processing_system7_0_0.xml. It will be created.
WARNING: [IP_Flow 19-4318] IP-XACT file does not exist: c:/Travail/s4InfoAtelier4/s4InfoAtelier4.srcs/sources_1/bd/atelier4/ip/atelier4_rgb2dvi_0_0/atelier4_rgb2dvi_0_0.xml. It will be created.
WARNING: [IP_Flow 19-4318] IP-XACT file does not exist: c:/Travail/s4InfoAtelier4/s4InfoAtelier4.srcs/sources_1/bd/atelier4/ip/atelier4_smartconnect_0_0/atelier4_smartconnect_0_0.xml. It will be created.
WARNING: [IP_Flow 19-4318] IP-XACT file does not exist: c:/Travail/s4InfoAtelier4/s4InfoAtelier4.srcs/sources_1/bd/atelier4/ip/atelier4_smartconnect_0_1/atelier4_smartconnect_0_1.xml. It will be created.
WARNING: [IP_Flow 19-4318] IP-XACT file does not exist: c:/Travail/s4InfoAtelier4/s4InfoAtelier4.srcs/sources_1/bd/atelier4/ip/atelier4_testPatternGen2_0_0/atelier4_testPatternGen2_0_0.xml. It will be created.
WARNING: [IP_Flow 19-4318] IP-XACT file does not exist: c:/Travail/s4InfoAtelier4/s4InfoAtelier4.srcs/sources_1/bd/atelier4/ip/atelier4_v_axi4s_vid_out_0_0/atelier4_v_axi4s_vid_out_0_0.xml. It will be created.
WARNING: [IP_Flow 19-4318] IP-XACT file does not exist: c:/Travail/s4InfoAtelier4/s4InfoAtelier4.srcs/sources_1/bd/atelier4/ip/atelier4_v_proc_ss_0_0/atelier4_v_proc_ss_0_0.xml. It will be created.
WARNING: [IP_Flow 19-4318] IP-XACT file does not exist: c:/Travail/s4InfoAtelier4/s4InfoAtelier4.srcs/sources_1/bd/atelier4/ip/atelier4_v_tc_0_0/atelier4_v_tc_0_0.xml. It will be created.
launch_runs impl_1 -jobs 8
[Mon Jan 23 16:59:37 2023] Launched impl_1...
Run output will be captured here: C:/Travail/s4InfoAtelier4/s4InfoAtelier4.runs/impl_1/runme.log
launch_runs impl_1 -to_step write_bitstream -jobs 8
[Mon Jan 23 17:16:44 2023] Launched impl_1...
Run output will be captured here: C:/Travail/s4InfoAtelier4/s4InfoAtelier4.runs/impl_1/runme.log
write_hw_platform -fixed -include_bit -force -file C:/Travail/s4InfoAtelier4/atelier4_wrapper.xsa
INFO: [Vivado 12-4895] Creating Hardware Platform: C:/Travail/s4InfoAtelier4/atelier4_wrapper.xsa ...
WARNING: [Project 1-645] Board images not set in Hardware Platform.
INFO: [Vivado 12-12467] The Hardware Platform can be used for Hardware
INFO: [Vivado 12-4896] Successfully created Hardware Platform: C:/Travail/s4InfoAtelier4/atelier4_wrapper.xsa
write_hw_platform: Time (s): cpu = 00:00:05 ; elapsed = 00:00:05 . Memory (MB): peak = 2327.395 ; gain = 53.438
exit
INFO: [Common 17-206] Exiting Vivado at Mon Jan 23 21:17:04 2023...
