#-----------------------------------------------------------
# Vivado v2020.2 (64-bit)
# SW Build 3064766 on Wed Nov 18 09:12:45 MST 2020
# IP Build 3064653 on Wed Nov 18 14:17:31 MST 2020
# Start of session at: Wed Mar 23 08:57:26 2022
# Process ID: 10540
# Current directory: C:/Users/Julien/Documents/vivado/s4InfoAtelier4
# Command line: vivado.exe -gui_launcher_event rodinguilauncherevent17196 C:\Users\Julien\Documents\vivado\s4InfoAtelier4\s4InfoAtelier4.xpr
# Log file: C:/Users/Julien/Documents/vivado/s4InfoAtelier4/vivado.log
# Journal file: C:/Users/Julien/Documents/vivado/s4InfoAtelier4\vivado.jou
#-----------------------------------------------------------
start_gui
open_project C:/Users/Julien/Documents/vivado/s4InfoAtelier4/s4InfoAtelier4.xpr
Scanning sources...
Finished scanning sources
INFO: [IP_Flow 19-234] Refreshing IP repositories
INFO: [IP_Flow 19-1700] Loaded user IP repository 'c:/Users/Julien/Downloads/FichiersAtelier2/rgb2dvi'.
INFO: [IP_Flow 19-1700] Loaded user IP repository 'c:/Users/Julien/Downloads/FichiersAtelier2/tmds_v1_0'.
INFO: [IP_Flow 19-1700] Loaded user IP repository 'c:/Users/Julien/Documents/vivado/ip_repo/pixelDataToVideoStream_1.0'.
INFO: [IP_Flow 19-1700] Loaded user IP repository 'c:/Users/Julien/Documents/vivado/ip_repo/myColorRegister2_1.0'.
INFO: [IP_Flow 19-1700] Loaded user IP repository 'c:/Users/Julien/Documents/vivado/ip_repo/mycolorRegister_1.0'.
INFO: [IP_Flow 19-2313] Loaded Vivado IP repository 'G:/Xilinx/Vivado/2020.2/data/ip'.
WARNING: [IP_Flow 19-3664] IP 'atelier4_axi_vdma_0_0' generated file not found 'c:/Users/Julien/Documents/vivado/s4InfoAtelier4/s4InfoAtelier4.gen/sources_1/bd/atelier4/ip/atelier4_axi_vdma_0_0/atelier4_axi_vdma_0_0.dcp'. Please regenerate to continue.
WARNING: [IP_Flow 19-3664] IP 'atelier4_axi_vdma_0_0' generated file not found 'c:/Users/Julien/Documents/vivado/s4InfoAtelier4/s4InfoAtelier4.gen/sources_1/bd/atelier4/ip/atelier4_axi_vdma_0_0/atelier4_axi_vdma_0_0_stub.v'. Please regenerate to continue.
WARNING: [IP_Flow 19-3664] IP 'atelier4_axi_vdma_0_0' generated file not found 'c:/Users/Julien/Documents/vivado/s4InfoAtelier4/s4InfoAtelier4.gen/sources_1/bd/atelier4/ip/atelier4_axi_vdma_0_0/atelier4_axi_vdma_0_0_stub.vhdl'. Please regenerate to continue.
WARNING: [IP_Flow 19-3664] IP 'atelier4_axi_vdma_0_0' generated file not found 'c:/Users/Julien/Documents/vivado/s4InfoAtelier4/s4InfoAtelier4.gen/sources_1/bd/atelier4/ip/atelier4_axi_vdma_0_0/atelier4_axi_vdma_0_0_sim_netlist.v'. Please regenerate to continue.
WARNING: [IP_Flow 19-3664] IP 'atelier4_axi_vdma_0_0' generated file not found 'c:/Users/Julien/Documents/vivado/s4InfoAtelier4/s4InfoAtelier4.gen/sources_1/bd/atelier4/ip/atelier4_axi_vdma_0_0/atelier4_axi_vdma_0_0_sim_netlist.vhdl'. Please regenerate to continue.
WARNING: [IP_Flow 19-3664] IP 'atelier4_smartconnect_0_1' generated file not found 'c:/Users/Julien/Documents/vivado/s4InfoAtelier4/s4InfoAtelier4.gen/sources_1/bd/atelier4/ip/atelier4_smartconnect_0_1/atelier4_smartconnect_0_1.dcp'. Please regenerate to continue.
WARNING: [IP_Flow 19-3664] IP 'atelier4_smartconnect_0_1' generated file not found 'c:/Users/Julien/Documents/vivado/s4InfoAtelier4/s4InfoAtelier4.gen/sources_1/bd/atelier4/ip/atelier4_smartconnect_0_1/atelier4_smartconnect_0_1_stub.v'. Please regenerate to continue.
WARNING: [IP_Flow 19-3664] IP 'atelier4_smartconnect_0_1' generated file not found 'c:/Users/Julien/Documents/vivado/s4InfoAtelier4/s4InfoAtelier4.gen/sources_1/bd/atelier4/ip/atelier4_smartconnect_0_1/atelier4_smartconnect_0_1_stub.vhdl'. Please regenerate to continue.
WARNING: [IP_Flow 19-3664] IP 'atelier4_smartconnect_0_1' generated file not found 'c:/Users/Julien/Documents/vivado/s4InfoAtelier4/s4InfoAtelier4.gen/sources_1/bd/atelier4/ip/atelier4_smartconnect_0_1/atelier4_smartconnect_0_1_sim_netlist.v'. Please regenerate to continue.
WARNING: [IP_Flow 19-3664] IP 'atelier4_smartconnect_0_1' generated file not found 'c:/Users/Julien/Documents/vivado/s4InfoAtelier4/s4InfoAtelier4.gen/sources_1/bd/atelier4/ip/atelier4_smartconnect_0_1/atelier4_smartconnect_0_1_sim_netlist.vhdl'. Please regenerate to continue.
WARNING: [IP_Flow 19-3664] IP 'atelier4_testPatternGen2_0_0' generated file not found 'c:/Users/Julien/Documents/vivado/s4InfoAtelier4/s4InfoAtelier4.gen/sources_1/bd/atelier4/ip/atelier4_testPatternGen2_0_0/atelier4_testPatternGen2_0_0.dcp'. Please regenerate to continue.
WARNING: [IP_Flow 19-3664] IP 'atelier4_testPatternGen2_0_0' generated file not found 'c:/Users/Julien/Documents/vivado/s4InfoAtelier4/s4InfoAtelier4.gen/sources_1/bd/atelier4/ip/atelier4_testPatternGen2_0_0/atelier4_testPatternGen2_0_0_stub.v'. Please regenerate to continue.
WARNING: [IP_Flow 19-3664] IP 'atelier4_testPatternGen2_0_0' generated file not found 'c:/Users/Julien/Documents/vivado/s4InfoAtelier4/s4InfoAtelier4.gen/sources_1/bd/atelier4/ip/atelier4_testPatternGen2_0_0/atelier4_testPatternGen2_0_0_stub.vhdl'. Please regenerate to continue.
WARNING: [IP_Flow 19-3664] IP 'atelier4_testPatternGen2_0_0' generated file not found 'c:/Users/Julien/Documents/vivado/s4InfoAtelier4/s4InfoAtelier4.gen/sources_1/bd/atelier4/ip/atelier4_testPatternGen2_0_0/atelier4_testPatternGen2_0_0_sim_netlist.v'. Please regenerate to continue.
WARNING: [IP_Flow 19-3664] IP 'atelier4_testPatternGen2_0_0' generated file not found 'c:/Users/Julien/Documents/vivado/s4InfoAtelier4/s4InfoAtelier4.gen/sources_1/bd/atelier4/ip/atelier4_testPatternGen2_0_0/atelier4_testPatternGen2_0_0_sim_netlist.vhdl'. Please regenerate to continue.
open_project: Time (s): cpu = 00:00:31 ; elapsed = 00:00:29 . Memory (MB): peak = 1135.875 ; gain = 9.793
open_bd_design {C:/Users/Julien/Documents/vivado/s4InfoAtelier4/s4InfoAtelier4.srcs/sources_1/bd/atelier4/atelier4.bd}
Reading block design file <C:/Users/Julien/Documents/vivado/s4InfoAtelier4/s4InfoAtelier4.srcs/sources_1/bd/atelier4/atelier4.bd>...
Adding component instance block -- xilinx.com:ip:axi_vdma:6.3 - axi_vdma_0
Adding component instance block -- xilinx.com:ip:clk_wiz:6.0 - clk_wiz_0
Adding component instance block -- grams:gramslib:mycolorRegister:1.0 - mycolorRegister_0
Adding component instance block -- grams:gramslib:pixelDataToVideoStream:1.0 - pixelDataToVideoStre_0
Adding component instance block -- xilinx.com:ip:proc_sys_reset:5.0 - proc_sys_reset_0
Adding component instance block -- xilinx.com:ip:processing_system7:5.5 - processing_system7_0
Adding component instance block -- digilentinc.com:ip:rgb2dvi:1.4 - rgb2dvi_0
Adding component instance block -- xilinx.com:ip:smartconnect:1.0 - smartconnect_0
Adding component instance block -- xilinx.com:ip:smartconnect:1.0 - smartconnect_1
Adding component instance block -- xilinx.com:module_ref:testPatternGen2:1.0 - testPatternGen2_0
Adding component instance block -- xilinx.com:ip:v_axi4s_vid_out:4.0 - v_axi4s_vid_out_0
Adding component instance block -- xilinx.com:ip:v_proc_ss:2.3 - v_proc_ss_0
Adding component instance block -- xilinx.com:ip:v_tc:6.2 - v_tc_0
Successfully read diagram <atelier4> from block design file <C:/Users/Julien/Documents/vivado/s4InfoAtelier4/s4InfoAtelier4.srcs/sources_1/bd/atelier4/atelier4.bd>
open_bd_design: Time (s): cpu = 00:00:26 ; elapsed = 00:00:20 . Memory (MB): peak = 1315.336 ; gain = 160.887
update_compile_order -fileset sources_1
archive_project C:/Users/Julien/Documents/vivado/s4InfoAtelier4.xpr.zip -temp_dir C:/Users/Julien/Documents/vivado/s4InfoAtelier4/.Xil/Vivado-10540-DESKTOP-7O8NHLB -force -exclude_run_results -include_config_settings
INFO: [Coretcl 2-137] starting archive...
INFO: [Coretcl 2-1499] Saving project copy to temporary location 'C:/Users/Julien/Documents/vivado/s4InfoAtelier4/.Xil/Vivado-10540-DESKTOP-7O8NHLB' for archiving project
Scanning sources...
Finished scanning sources
INFO: [IP_Flow 19-234] Refreshing IP repositories
INFO: [IP_Flow 19-1700] Loaded user IP repository 'c:/Users/Julien/Downloads/FichiersAtelier2/rgb2dvi'.
INFO: [IP_Flow 19-1700] Loaded user IP repository 'c:/Users/Julien/Downloads/FichiersAtelier2/tmds_v1_0'.
INFO: [IP_Flow 19-1700] Loaded user IP repository 'c:/Users/Julien/Documents/vivado/ip_repo/pixelDataToVideoStream_1.0'.
INFO: [IP_Flow 19-1700] Loaded user IP repository 'c:/Users/Julien/Documents/vivado/ip_repo/myColorRegister2_1.0'.
INFO: [IP_Flow 19-1700] Loaded user IP repository 'c:/Users/Julien/Documents/vivado/ip_repo/mycolorRegister_1.0'.
INFO: [IP_Flow 19-2313] Loaded Vivado IP repository 'G:/Xilinx/Vivado/2020.2/data/ip'.
WARNING: [IP_Flow 19-3664] IP 'atelier4_axi_vdma_0_0' generated file not found 'c:/Users/Julien/Documents/vivado/s4InfoAtelier4/s4InfoAtelier4.gen/sources_1/bd/atelier4/ip/atelier4_axi_vdma_0_0/atelier4_axi_vdma_0_0.dcp'. Please regenerate to continue.
WARNING: [IP_Flow 19-3664] IP 'atelier4_axi_vdma_0_0' generated file not found 'c:/Users/Julien/Documents/vivado/s4InfoAtelier4/s4InfoAtelier4.gen/sources_1/bd/atelier4/ip/atelier4_axi_vdma_0_0/atelier4_axi_vdma_0_0_stub.v'. Please regenerate to continue.
WARNING: [IP_Flow 19-3664] IP 'atelier4_axi_vdma_0_0' generated file not found 'c:/Users/Julien/Documents/vivado/s4InfoAtelier4/s4InfoAtelier4.gen/sources_1/bd/atelier4/ip/atelier4_axi_vdma_0_0/atelier4_axi_vdma_0_0_stub.vhdl'. Please regenerate to continue.
WARNING: [IP_Flow 19-3664] IP 'atelier4_axi_vdma_0_0' generated file not found 'c:/Users/Julien/Documents/vivado/s4InfoAtelier4/s4InfoAtelier4.gen/sources_1/bd/atelier4/ip/atelier4_axi_vdma_0_0/atelier4_axi_vdma_0_0_sim_netlist.v'. Please regenerate to continue.
WARNING: [IP_Flow 19-3664] IP 'atelier4_axi_vdma_0_0' generated file not found 'c:/Users/Julien/Documents/vivado/s4InfoAtelier4/s4InfoAtelier4.gen/sources_1/bd/atelier4/ip/atelier4_axi_vdma_0_0/atelier4_axi_vdma_0_0_sim_netlist.vhdl'. Please regenerate to continue.
WARNING: [IP_Flow 19-3664] IP 'atelier4_smartconnect_0_1' generated file not found 'c:/Users/Julien/Documents/vivado/s4InfoAtelier4/s4InfoAtelier4.gen/sources_1/bd/atelier4/ip/atelier4_smartconnect_0_1/atelier4_smartconnect_0_1.dcp'. Please regenerate to continue.
WARNING: [IP_Flow 19-3664] IP 'atelier4_smartconnect_0_1' generated file not found 'c:/Users/Julien/Documents/vivado/s4InfoAtelier4/s4InfoAtelier4.gen/sources_1/bd/atelier4/ip/atelier4_smartconnect_0_1/atelier4_smartconnect_0_1_stub.v'. Please regenerate to continue.
WARNING: [IP_Flow 19-3664] IP 'atelier4_smartconnect_0_1' generated file not found 'c:/Users/Julien/Documents/vivado/s4InfoAtelier4/s4InfoAtelier4.gen/sources_1/bd/atelier4/ip/atelier4_smartconnect_0_1/atelier4_smartconnect_0_1_stub.vhdl'. Please regenerate to continue.
WARNING: [IP_Flow 19-3664] IP 'atelier4_smartconnect_0_1' generated file not found 'c:/Users/Julien/Documents/vivado/s4InfoAtelier4/s4InfoAtelier4.gen/sources_1/bd/atelier4/ip/atelier4_smartconnect_0_1/atelier4_smartconnect_0_1_sim_netlist.v'. Please regenerate to continue.
WARNING: [IP_Flow 19-3664] IP 'atelier4_smartconnect_0_1' generated file not found 'c:/Users/Julien/Documents/vivado/s4InfoAtelier4/s4InfoAtelier4.gen/sources_1/bd/atelier4/ip/atelier4_smartconnect_0_1/atelier4_smartconnect_0_1_sim_netlist.vhdl'. Please regenerate to continue.
WARNING: [IP_Flow 19-3664] IP 'atelier4_testPatternGen2_0_0' generated file not found 'c:/Users/Julien/Documents/vivado/s4InfoAtelier4/s4InfoAtelier4.gen/sources_1/bd/atelier4/ip/atelier4_testPatternGen2_0_0/atelier4_testPatternGen2_0_0.dcp'. Please regenerate to continue.
WARNING: [IP_Flow 19-3664] IP 'atelier4_testPatternGen2_0_0' generated file not found 'c:/Users/Julien/Documents/vivado/s4InfoAtelier4/s4InfoAtelier4.gen/sources_1/bd/atelier4/ip/atelier4_testPatternGen2_0_0/atelier4_testPatternGen2_0_0_stub.v'. Please regenerate to continue.
WARNING: [IP_Flow 19-3664] IP 'atelier4_testPatternGen2_0_0' generated file not found 'c:/Users/Julien/Documents/vivado/s4InfoAtelier4/s4InfoAtelier4.gen/sources_1/bd/atelier4/ip/atelier4_testPatternGen2_0_0/atelier4_testPatternGen2_0_0_stub.vhdl'. Please regenerate to continue.
WARNING: [IP_Flow 19-3664] IP 'atelier4_testPatternGen2_0_0' generated file not found 'c:/Users/Julien/Documents/vivado/s4InfoAtelier4/s4InfoAtelier4.gen/sources_1/bd/atelier4/ip/atelier4_testPatternGen2_0_0/atelier4_testPatternGen2_0_0_sim_netlist.v'. Please regenerate to continue.
WARNING: [IP_Flow 19-3664] IP 'atelier4_testPatternGen2_0_0' generated file not found 'c:/Users/Julien/Documents/vivado/s4InfoAtelier4/s4InfoAtelier4.gen/sources_1/bd/atelier4/ip/atelier4_testPatternGen2_0_0/atelier4_testPatternGen2_0_0_sim_netlist.vhdl'. Please regenerate to continue.
INFO: [Coretcl 2-1211] Creating project copy for archival...
INFO: [ProjectBase 1-495] The host OS only allows 260 characters in a normal path. The project is stored in a path with more than 80 characters. If you experience any problem with archiving the project, please consider setting environment variable $TEMP to a shorter path.
Current project path is 'C:/Users/Julien/Documents/vivado/s4InfoAtelier4/.Xil/Vivado-10540-DESKTOP-7O8NHLB/PrjAr/_X_'.
CRITICAL WARNING: [IP_Flow 19-4299] Failed to copy 'c:/Users/Julien/Documents/vivado/s4InfoAtelier4/s4InfoAtelier4.gen/sources_1/bd/atelier4/ip/atelier4_axi_vdma_0_0/atelier4_axi_vdma_0_0.dcp' to 'c:/Users/Julien/Documents/vivado/s4InfoAtelier4/.Xil/Vivado-10540-DESKTOP-7O8NHLB/PrjAr/_X_/s4InfoAtelier4.gen/sources_1/bd/atelier4/ip/atelier4_axi_vdma_0_0/atelier4_axi_vdma_0_0.dcp'
CRITICAL WARNING: [IP_Flow 19-4299] Failed to copy 'c:/Users/Julien/Documents/vivado/s4InfoAtelier4/s4InfoAtelier4.gen/sources_1/bd/atelier4/ip/atelier4_axi_vdma_0_0/atelier4_axi_vdma_0_0_stub.v' to 'c:/Users/Julien/Documents/vivado/s4InfoAtelier4/.Xil/Vivado-10540-DESKTOP-7O8NHLB/PrjAr/_X_/s4InfoAtelier4.gen/sources_1/bd/atelier4/ip/atelier4_axi_vdma_0_0/atelier4_axi_vdma_0_0_stub.v'
CRITICAL WARNING: [IP_Flow 19-4299] Failed to copy 'c:/Users/Julien/Documents/vivado/s4InfoAtelier4/s4InfoAtelier4.gen/sources_1/bd/atelier4/ip/atelier4_axi_vdma_0_0/atelier4_axi_vdma_0_0_stub.vhdl' to 'c:/Users/Julien/Documents/vivado/s4InfoAtelier4/.Xil/Vivado-10540-DESKTOP-7O8NHLB/PrjAr/_X_/s4InfoAtelier4.gen/sources_1/bd/atelier4/ip/atelier4_axi_vdma_0_0/atelier4_axi_vdma_0_0_stub.vhdl'
CRITICAL WARNING: [IP_Flow 19-4299] Failed to copy 'c:/Users/Julien/Documents/vivado/s4InfoAtelier4/s4InfoAtelier4.gen/sources_1/bd/atelier4/ip/atelier4_axi_vdma_0_0/atelier4_axi_vdma_0_0_sim_netlist.v' to 'c:/Users/Julien/Documents/vivado/s4InfoAtelier4/.Xil/Vivado-10540-DESKTOP-7O8NHLB/PrjAr/_X_/s4InfoAtelier4.gen/sources_1/bd/atelier4/ip/atelier4_axi_vdma_0_0/atelier4_axi_vdma_0_0_sim_netlist.v'
CRITICAL WARNING: [IP_Flow 19-4299] Failed to copy 'c:/Users/Julien/Documents/vivado/s4InfoAtelier4/s4InfoAtelier4.gen/sources_1/bd/atelier4/ip/atelier4_axi_vdma_0_0/atelier4_axi_vdma_0_0_sim_netlist.vhdl' to 'c:/Users/Julien/Documents/vivado/s4InfoAtelier4/.Xil/Vivado-10540-DESKTOP-7O8NHLB/PrjAr/_X_/s4InfoAtelier4.gen/sources_1/bd/atelier4/ip/atelier4_axi_vdma_0_0/atelier4_axi_vdma_0_0_sim_netlist.vhdl'
CRITICAL WARNING: [IP_Flow 19-4299] Failed to copy 'c:/Users/Julien/Documents/vivado/s4InfoAtelier4/s4InfoAtelier4.gen/sources_1/bd/atelier4/ip/atelier4_smartconnect_0_1/atelier4_smartconnect_0_1.dcp' to 'c:/Users/Julien/Documents/vivado/s4InfoAtelier4/.Xil/Vivado-10540-DESKTOP-7O8NHLB/PrjAr/_X_/s4InfoAtelier4.gen/sources_1/bd/atelier4/ip/atelier4_smartconnect_0_1/atelier4_smartconnect_0_1.dcp'
CRITICAL WARNING: [IP_Flow 19-4299] Failed to copy 'c:/Users/Julien/Documents/vivado/s4InfoAtelier4/s4InfoAtelier4.gen/sources_1/bd/atelier4/ip/atelier4_smartconnect_0_1/atelier4_smartconnect_0_1_stub.v' to 'c:/Users/Julien/Documents/vivado/s4InfoAtelier4/.Xil/Vivado-10540-DESKTOP-7O8NHLB/PrjAr/_X_/s4InfoAtelier4.gen/sources_1/bd/atelier4/ip/atelier4_smartconnect_0_1/atelier4_smartconnect_0_1_stub.v'
CRITICAL WARNING: [IP_Flow 19-4299] Failed to copy 'c:/Users/Julien/Documents/vivado/s4InfoAtelier4/s4InfoAtelier4.gen/sources_1/bd/atelier4/ip/atelier4_smartconnect_0_1/atelier4_smartconnect_0_1_stub.vhdl' to 'c:/Users/Julien/Documents/vivado/s4InfoAtelier4/.Xil/Vivado-10540-DESKTOP-7O8NHLB/PrjAr/_X_/s4InfoAtelier4.gen/sources_1/bd/atelier4/ip/atelier4_smartconnect_0_1/atelier4_smartconnect_0_1_stub.vhdl'
CRITICAL WARNING: [IP_Flow 19-4299] Failed to copy 'c:/Users/Julien/Documents/vivado/s4InfoAtelier4/s4InfoAtelier4.gen/sources_1/bd/atelier4/ip/atelier4_smartconnect_0_1/atelier4_smartconnect_0_1_sim_netlist.v' to 'c:/Users/Julien/Documents/vivado/s4InfoAtelier4/.Xil/Vivado-10540-DESKTOP-7O8NHLB/PrjAr/_X_/s4InfoAtelier4.gen/sources_1/bd/atelier4/ip/atelier4_smartconnect_0_1/atelier4_smartconnect_0_1_sim_netlist.v'
CRITICAL WARNING: [IP_Flow 19-4299] Failed to copy 'c:/Users/Julien/Documents/vivado/s4InfoAtelier4/s4InfoAtelier4.gen/sources_1/bd/atelier4/ip/atelier4_smartconnect_0_1/atelier4_smartconnect_0_1_sim_netlist.vhdl' to 'c:/Users/Julien/Documents/vivado/s4InfoAtelier4/.Xil/Vivado-10540-DESKTOP-7O8NHLB/PrjAr/_X_/s4InfoAtelier4.gen/sources_1/bd/atelier4/ip/atelier4_smartconnect_0_1/atelier4_smartconnect_0_1_sim_netlist.vhdl'
CRITICAL WARNING: [IP_Flow 19-4299] Failed to copy 'c:/Users/Julien/Documents/vivado/s4InfoAtelier4/s4InfoAtelier4.gen/sources_1/bd/atelier4/ip/atelier4_testPatternGen2_0_0/atelier4_testPatternGen2_0_0.dcp' to 'c:/Users/Julien/Documents/vivado/s4InfoAtelier4/.Xil/Vivado-10540-DESKTOP-7O8NHLB/PrjAr/_X_/s4InfoAtelier4.gen/sources_1/bd/atelier4/ip/atelier4_testPatternGen2_0_0/atelier4_testPatternGen2_0_0.dcp'
CRITICAL WARNING: [IP_Flow 19-4299] Failed to copy 'c:/Users/Julien/Documents/vivado/s4InfoAtelier4/s4InfoAtelier4.gen/sources_1/bd/atelier4/ip/atelier4_testPatternGen2_0_0/atelier4_testPatternGen2_0_0_stub.v' to 'c:/Users/Julien/Documents/vivado/s4InfoAtelier4/.Xil/Vivado-10540-DESKTOP-7O8NHLB/PrjAr/_X_/s4InfoAtelier4.gen/sources_1/bd/atelier4/ip/atelier4_testPatternGen2_0_0/atelier4_testPatternGen2_0_0_stub.v'
CRITICAL WARNING: [IP_Flow 19-4299] Failed to copy 'c:/Users/Julien/Documents/vivado/s4InfoAtelier4/s4InfoAtelier4.gen/sources_1/bd/atelier4/ip/atelier4_testPatternGen2_0_0/atelier4_testPatternGen2_0_0_stub.vhdl' to 'c:/Users/Julien/Documents/vivado/s4InfoAtelier4/.Xil/Vivado-10540-DESKTOP-7O8NHLB/PrjAr/_X_/s4InfoAtelier4.gen/sources_1/bd/atelier4/ip/atelier4_testPatternGen2_0_0/atelier4_testPatternGen2_0_0_stub.vhdl'
CRITICAL WARNING: [IP_Flow 19-4299] Failed to copy 'c:/Users/Julien/Documents/vivado/s4InfoAtelier4/s4InfoAtelier4.gen/sources_1/bd/atelier4/ip/atelier4_testPatternGen2_0_0/atelier4_testPatternGen2_0_0_sim_netlist.v' to 'c:/Users/Julien/Documents/vivado/s4InfoAtelier4/.Xil/Vivado-10540-DESKTOP-7O8NHLB/PrjAr/_X_/s4InfoAtelier4.gen/sources_1/bd/atelier4/ip/atelier4_testPatternGen2_0_0/atelier4_testPatternGen2_0_0_sim_netlist.v'
CRITICAL WARNING: [IP_Flow 19-4299] Failed to copy 'c:/Users/Julien/Documents/vivado/s4InfoAtelier4/s4InfoAtelier4.gen/sources_1/bd/atelier4/ip/atelier4_testPatternGen2_0_0/atelier4_testPatternGen2_0_0_sim_netlist.vhdl' to 'c:/Users/Julien/Documents/vivado/s4InfoAtelier4/.Xil/Vivado-10540-DESKTOP-7O8NHLB/PrjAr/_X_/s4InfoAtelier4.gen/sources_1/bd/atelier4/ip/atelier4_testPatternGen2_0_0/atelier4_testPatternGen2_0_0_sim_netlist.vhdl'
INFO: [IP_Flow 19-5107] Inferred bus interface 'rstn' of definition 'xilinx.com:signal:reset:1.0' (from Xilinx Repository).
INFO: [IP_Flow 19-5107] Inferred bus interface 'clk' of definition 'xilinx.com:signal:clock:1.0' (from Xilinx Repository).
INFO: [IP_Flow 19-4728] Bus Interface 'rstn': Added interface parameter 'POLARITY' with value 'ACTIVE_LOW'.
INFO: [IP_Flow 19-4728] Bus Interface 'clk': Added interface parameter 'ASSOCIATED_RESET' with value 'rstn'.
WARNING: [IP_Flow 19-3157] Bus Interface 'rstn': Bus parameter POLARITY is ACTIVE_LOW but port 'rstn' is not *resetn - please double check the POLARITY setting.
WARNING: [IP_Flow 19-5661] Bus Interface 'clk' does not have any bus interfaces associated with it.
INFO: [IP_Flow 19-234] Refreshing IP repositories
INFO: [IP_Flow 19-1700] Loaded user IP repository 'c:/Users/Julien/Downloads/FichiersAtelier2/rgb2dvi'.
INFO: [IP_Flow 19-1700] Loaded user IP repository 'c:/Users/Julien/Downloads/FichiersAtelier2/tmds_v1_0'.
INFO: [IP_Flow 19-1700] Loaded user IP repository 'c:/Users/Julien/Documents/vivado/ip_repo/pixelDataToVideoStream_1.0'.
INFO: [IP_Flow 19-1700] Loaded user IP repository 'c:/Users/Julien/Documents/vivado/ip_repo/myColorRegister2_1.0'.
INFO: [IP_Flow 19-1700] Loaded user IP repository 'c:/Users/Julien/Documents/vivado/ip_repo/mycolorRegister_1.0'.
INFO: [Coretcl 2-135] resetting runs for excluding generated files from archive...
WARNING: [Coretcl 2-105] Run 'synth_1' is currently active
INFO: [Coretcl 2-133] re-setting run 'synth_1'...
WARNING: [Coretcl 2-105] Run 'atelier4_axi_vdma_0_0_synth_1' is currently active
INFO: [Coretcl 2-133] re-setting run 'atelier4_axi_vdma_0_0_synth_1'...
WARNING: [Coretcl 2-105] Run 'atelier4_processing_system7_0_0_synth_1' is currently active
INFO: [Coretcl 2-133] re-setting run 'atelier4_processing_system7_0_0_synth_1'...
WARNING: [Coretcl 2-105] Run 'atelier4_smartconnect_0_0_synth_1' is currently active
INFO: [Coretcl 2-133] re-setting run 'atelier4_smartconnect_0_0_synth_1'...
WARNING: [Coretcl 2-105] Run 'atelier4_testPatternGen2_0_0_synth_1' is currently active
INFO: [Coretcl 2-133] re-setting run 'atelier4_testPatternGen2_0_0_synth_1'...
INFO: [Coretcl 2-133] re-setting run 'bd_0837_smartconnect_0_0_synth_1'...
WARNING: [Coretcl 2-105] Run 'atelier4_smartconnect_0_1_synth_1' is currently active
INFO: [Coretcl 2-133] re-setting run 'atelier4_smartconnect_0_1_synth_1'...
INFO: [Coretcl 2-133] re-setting run 'impl_1'...
INFO: [Coretcl 2-133] re-setting run 'atelier4_axi_vdma_0_0_impl_1'...
INFO: [Coretcl 2-133] re-setting run 'atelier4_processing_system7_0_0_impl_1'...
INFO: [Coretcl 2-133] re-setting run 'atelier4_smartconnect_0_0_impl_1'...
INFO: [Coretcl 2-133] re-setting run 'atelier4_testPatternGen2_0_0_impl_1'...
INFO: [Coretcl 2-133] re-setting run 'bd_0837_smartconnect_0_0_impl_1'...
INFO: [Coretcl 2-133] re-setting run 'atelier4_smartconnect_0_1_impl_1'...
INFO: [Coretcl 2-1212] Importing remotely added design sources and verilog include files (if any)...
INFO: [filemgmt 20-334] All file(s) are already imported in fileset: 'atelier4_axi_vdma_0_0'
INFO: [filemgmt 20-348] Importing the appropriate files for fileset: 'atelier4_axi_vdma_0_0'
INFO: [filemgmt 20-334] All file(s) are already imported in fileset: 'atelier4_processing_system7_0_0'
INFO: [filemgmt 20-348] Importing the appropriate files for fileset: 'atelier4_processing_system7_0_0'
INFO: [filemgmt 20-334] All file(s) are already imported in fileset: 'atelier4_smartconnect_0_0'
INFO: [filemgmt 20-348] Importing the appropriate files for fileset: 'atelier4_smartconnect_0_0'
INFO: [filemgmt 20-334] All file(s) are already imported in fileset: 'atelier4_smartconnect_0_1'
INFO: [filemgmt 20-348] Importing the appropriate files for fileset: 'atelier4_smartconnect_0_1'
INFO: [filemgmt 20-334] All file(s) are already imported in fileset: 'atelier4_testPatternGen2_0_0'
INFO: [filemgmt 20-348] Importing the appropriate files for fileset: 'atelier4_testPatternGen2_0_0'
INFO: [filemgmt 20-334] All file(s) are already imported in fileset: 'bd_0837_smartconnect_0_0'
INFO: [filemgmt 20-348] Importing the appropriate files for fileset: 'bd_0837_smartconnect_0_0'
INFO: [filemgmt 20-334] All file(s) are already imported in fileset: 'constrs_1'
INFO: [filemgmt 20-348] Importing the appropriate files for fileset: 'constrs_1'
INFO: [filemgmt 20-334] All file(s) are already imported in fileset: 'sources_1'
INFO: [filemgmt 20-348] Importing the appropriate files for fileset: 'sources_1'
