Copyright 1986-2020 Xilinx, Inc. All Rights Reserved.
---------------------------------------------------------------------------------------------------------------------------------------------------
| Tool Version : Vivado v.2020.2 (win64) Build 3064766 Wed Nov 18 09:12:45 MST 2020
| Date         : Wed Mar 29 14:38:05 2023
| Host         : LAPTOP-KI2VB3H7 running 64-bit major release  (build 9200)
| Command      : report_drc -file nomPertinent_wrapper_drc_opted.rpt -pb nomPertinent_wrapper_drc_opted.pb -rpx nomPertinent_wrapper_drc_opted.rpx
| Design       : nomPertinent_wrapper
| Device       : xc7z010clg400-1
| Speed File   : -1
| Design State : Synthesized
---------------------------------------------------------------------------------------------------------------------------------------------------

Report DRC

Table of Contents
-----------------
1. REPORT SUMMARY
2. REPORT DETAILS

1. REPORT SUMMARY
-----------------
            Netlist: netlist
          Floorplan: design_1
      Design limits: <entire design considered>
           Ruledeck: default
             Max violations: <unlimited>
             Violations found: 5
+--------+----------+--------------------------+------------+
| Rule   | Severity | Description              | Violations |
+--------+----------+--------------------------+------------+
| BUFC-1 | Warning  | Input Buffer Connections | 5          |
+--------+----------+--------------------------+------------+

2. REPORT DETAILS
-----------------
BUFC-1#1 Warning
Input Buffer Connections  
Input buffer jc_pin10_iobuf/IBUF (in jc_pin10_iobuf macro) has no loads. It is recommended to have an input buffer drive an internal load.
Related violations: <none>

BUFC-1#2 Warning
Input Buffer Connections  
Input buffer jc_pin4_iobuf/IBUF (in jc_pin4_iobuf macro) has no loads. It is recommended to have an input buffer drive an internal load.
Related violations: <none>

BUFC-1#3 Warning
Input Buffer Connections  
Input buffer jc_pin7_iobuf/IBUF (in jc_pin7_iobuf macro) has no loads. It is recommended to have an input buffer drive an internal load.
Related violations: <none>

BUFC-1#4 Warning
Input Buffer Connections  
Input buffer jc_pin8_iobuf/IBUF (in jc_pin8_iobuf macro) has no loads. It is recommended to have an input buffer drive an internal load.
Related violations: <none>

BUFC-1#5 Warning
Input Buffer Connections  
Input buffer jc_pin9_iobuf/IBUF (in jc_pin9_iobuf macro) has no loads. It is recommended to have an input buffer drive an internal load.
Related violations: <none>


